Log file open, 10/26/23 21:10:05
LogWindows: Failed to load 'aqProf.dll' (GetLastError=126)
LogWindows: File 'aqProf.dll' does not exist
LogWindows: Failed to load 'VtuneApi.dll' (GetLastError=126)
LogWindows: File 'VtuneApi.dll' does not exist
LogWindows: Failed to load 'VtuneApi32e.dll' (GetLastError=126)
LogWindows: File 'VtuneApi32e.dll' does not exist
LogConsoleResponse: Display: Failed to find resolution value strings in scalability ini. Falling back to default.
LogConsoleResponse: Display: Failed to find resolution value strings in scalability ini. Falling back to default.
LogInit: Display: Running engine for game: MyProject7
LogPlatformFile: Not using cached read wrapper
LogTaskGraph: Started task graph with 5 named threads and 20 total threads with 3 sets of task threads.
LogStats: Stats thread started at 0.288989
LogICUInternationalization: ICU TimeZone Detection - Raw Offset: +6:00, Platform Override: ''
LogInit: Display: Loading text-based GConfig....
LogPluginManager: Mounting plugin MeshPainting
LogPluginManager: Mounting plugin XGEController
LogPluginManager: Mounting plugin Paper2D
LogPluginManager: Mounting plugin LiveLink
LogPluginManager: Mounting plugin AISupport
LogPluginManager: Mounting plugin LightPropagationVolume
LogPluginManager: Mounting plugin EnvironmentQueryEditor
LogPluginManager: Mounting plugin CameraShakePreviewer
LogPluginManager: Mounting plugin GameplayCameras
LogPluginManager: Mounting plugin OodleData
LogPluginManager: Mounting plugin OodleNetwork
LogPluginManager: Mounting plugin AnimationSharing
LogPluginManager: Mounting plugin CLionSourceCodeAccess
LogPluginManager: Mounting plugin CodeLiteSourceCodeAccess
LogPluginManager: Mounting plugin GitSourceControl
LogPluginManager: Mounting plugin KDevelopSourceCodeAccess
LogPluginManager: Mounting plugin NullSourceCodeAccess
LogPluginManager: Mounting plugin PerforceSourceControl
LogPluginManager: Mounting plugin PlasticSourceControl
LogPluginManager: Mounting plugin PixWinPlugin
LogPluginManager: Mounting plugin PluginUtils
LogPluginManager: Mounting plugin PropertyAccessNode
LogPluginManager: Mounting plugin RiderSourceCodeAccess
LogPluginManager: Mounting plugin SubversionSourceControl
LogPluginManager: Mounting plugin TextureFormatOodle
LogPluginManager: Mounting plugin UObjectPlugin
LogPluginManager: Mounting plugin VisualStudioCodeSourceCodeAccess
LogPluginManager: Mounting plugin VisualStudioSourceCodeAccess
LogPluginManager: Mounting plugin AssetManagerEditor
LogPluginManager: Mounting plugin XCodeSourceCodeAccess
LogPluginManager: Mounting plugin CryptoKeys
LogPluginManager: Mounting plugin CurveEditorTools
LogPluginManager: Mounting plugin DataValidation
LogPluginManager: Mounting plugin FacialAnimation
LogPluginManager: Mounting plugin GameplayTagsEditor
LogPluginManager: Mounting plugin GeometryMode
LogPluginManager: Mounting plugin MacGraphicsSwitching
LogPluginManager: Mounting plugin MaterialAnalyzer
LogPluginManager: Mounting plugin MobileLauncherProfileWizard
LogPluginManager: Mounting plugin PluginBrowser
LogPluginManager: Mounting plugin SpeedTreeImporter
LogPluginManager: Mounting plugin DatasmithContent
LogPluginManager: Mounting plugin VariantManagerContent
LogPluginManager: Mounting plugin AlembicImporter
LogPluginManager: Mounting plugin AutomationUtils
LogPluginManager: Mounting plugin BackChannel
LogPluginManager: Mounting plugin ChaosCloth
LogPluginManager: Mounting plugin Niagara
LogPluginManager: Mounting plugin ChaosClothEditor
LogPluginManager: Mounting plugin ChaosEditor
LogPluginManager: Mounting plugin ChaosNiagara
LogPluginManager: Mounting plugin ChaosSolverPlugin
LogPluginManager: Mounting plugin CharacterAI
LogPluginManager: Mounting plugin GeometryCache
LogPluginManager: Mounting plugin GeometryCollectionPlugin
LogPluginManager: Mounting plugin GeometryProcessing
LogPluginManager: Mounting plugin MotoSynth
LogPluginManager: Mounting plugin OpenImageDenoise
LogPluginManager: Mounting plugin PlanarCut
LogPluginManager: Mounting plugin PlatformCrypto
LogPluginManager: Mounting plugin ProxyLODPlugin
LogPluginManager: Mounting plugin PythonScriptPlugin
LogPluginManager: Mounting plugin SkeletalReduction
LogPluginManager: Mounting plugin LuminPlatformFeatures
LogPluginManager: Mounting plugin MagicLeap
LogPluginManager: Mounting plugin MagicLeapLightEstimation
LogPluginManager: Mounting plugin MagicLeapMedia
LogPluginManager: Mounting plugin MagicLeapPassableWorld
LogPluginManager: Mounting plugin MLSDK
LogPluginManager: Mounting plugin AndroidMedia
LogPluginManager: Mounting plugin AvfMedia
LogPluginManager: Mounting plugin ImgMedia
LogPluginManager: Mounting plugin MediaCompositing
LogPluginManager: Mounting plugin MediaPlayerEditor
LogPluginManager: Mounting plugin WebMMedia
LogPluginManager: Mounting plugin WmfMedia
LogPluginManager: Mounting plugin TcpMessaging
LogPluginManager: Mounting plugin UdpMessaging
LogPluginManager: Mounting plugin ActorSequence
LogPluginManager: Mounting plugin LevelSequenceEditor
LogPluginManager: Mounting plugin MatineeToLevelSequence
LogPluginManager: Mounting plugin TemplateSequence
LogPluginManager: Mounting plugin OnlineSubsystem
LogPluginManager: Mounting plugin OnlineSubsystemNull
LogPluginManager: Mounting plugin OnlineSubsystemUtils
LogPluginManager: Mounting plugin LauncherChunkInstaller
LogPluginManager: Mounting plugin ActorLayerUtilities
LogPluginManager: Mounting plugin AndroidDeviceProfileSelector
LogPluginManager: Mounting plugin AndroidMoviePlayer
LogPluginManager: Mounting plugin AndroidPermission
LogPluginManager: Mounting plugin AppleImageUtils
LogPluginManager: Mounting plugin AppleMoviePlayer
LogPluginManager: Mounting plugin ArchVisCharacter
LogPluginManager: Mounting plugin AssetTags
LogPluginManager: Mounting plugin AudioCapture
LogPluginManager: Mounting plugin AudioSynesthesia
LogPluginManager: Mounting plugin CableComponent
LogPluginManager: Mounting plugin ChunkDownloader
LogPluginManager: Mounting plugin CustomMeshComponent
LogPluginManager: Mounting plugin EditableMesh
LogPluginManager: Mounting plugin ExampleDeviceProfileSelector
LogPluginManager: Mounting plugin GoogleCloudMessaging
LogPluginManager: Mounting plugin GooglePAD
LogPluginManager: Mounting plugin IOSDeviceProfileSelector
LogPluginManager: Mounting plugin LinuxDeviceProfileSelector
LogPluginManager: Mounting plugin LocationServicesBPLibrary
LogPluginManager: Mounting plugin MobilePatchingUtils
LogPluginManager: Mounting plugin OpenXR
LogPluginManager: Mounting plugin OpenXREyeTracker
LogPluginManager: Mounting plugin OpenXRHandTracking
LogPluginManager: Mounting plugin PhysXVehicles
LogPluginManager: Mounting plugin PostSplashScreen
LogPluginManager: Mounting plugin ProceduralMeshComponent
LogPluginManager: Mounting plugin PropertyAccessEditor
LogPluginManager: Mounting plugin RuntimePhysXCooking
LogPluginManager: Mounting plugin SignificanceManager
LogPluginManager: Mounting plugin SoundFields
LogPluginManager: Mounting plugin Synthesis
LogPluginManager: Mounting plugin WebMMoviePlayer
LogPluginManager: Mounting plugin WindowsMoviePlayer
LogPluginManager: Mounting plugin ScreenshotTools
LogPluginManager: Mounting plugin Takes
LogPluginManager: Mounting plugin ContentBrowserAssetDataSource
LogPluginManager: Mounting plugin ContentBrowserClassDataSource
LogPluginManager: Mounting plugin ContentBrowserFileDataSource
LogPluginManager: Mounting plugin OnlineSubsystemGooglePlay
LogPluginManager: Mounting plugin OnlineSubsystemIOS
LogPluginManager: Mounting plugin OculusVR
LogPluginManager: Mounting plugin SteamVR
PixWinPlugin: PIX capture plugin failed to initialize! Check that the process is launched from PIX.
LogLuminAPIImpl: Warning: MLSDK not found.  This likely means the MLSDK environment variable is not set.
LogInit: Using libcurl 7.55.1-DEV
LogInit:  - built for x86_64-pc-win32
LogInit:  - supports SSL with OpenSSL/1.1.1
LogInit:  - supports HTTP deflate (compression) using libz 1.2.8
LogInit:  - other features:
LogInit:      CURL_VERSION_SSL
LogInit:      CURL_VERSION_LIBZ
LogInit:      CURL_VERSION_IPV6
LogInit:      CURL_VERSION_ASYNCHDNS
LogInit:      CURL_VERSION_LARGEFILE
LogInit:      CURL_VERSION_IDN
LogInit:  CurlRequestOptions (configurable via config and command line):
LogInit:  - bVerifyPeer = true  - Libcurl will verify peer certificate
LogInit:  - bUseHttpProxy = false  - Libcurl will NOT use HTTP proxy
LogInit:  - bDontReuseConnections = false  - Libcurl will reuse connections
LogInit:  - MaxHostConnections = 16  - Libcurl will limit the number of connections to a host
LogInit:  - LocalHostAddr = Default
LogInit:  - BufferSize = 65536
LogOnline: OSS: Creating online subsystem instance for: NULL
LogInit: WinSock: version 1.1 (2.2), MaxSocks=32767, MaxUdp=65467
LogOnline: OSS: TryLoadSubsystemAndSetDefault: Loaded subsystem for module [NULL]
LogOculusPluginWrapper: OculusPlugin initialized successfully
LogHMD: Failed initializing OVRPlugin 1.59.0
LogInit: Build: ++UE4+Release-4.27-CL-18319896
LogInit: Engine Version: 4.27.2-18319896+++UE4+Release-4.27
LogInit: Compatible Engine Version: 4.27.0-17155196+++UE4+Release-4.27
LogInit: Net CL: 17155196
LogInit: OS: Windows 10 (Release 2009) (), CPU: Intel(R) Core(TM) i5-8400 CPU @ 2.80GHz, GPU: NVIDIA GeForce GT 1030
LogInit: Compiled (64-bit): Nov 30 2021 07:12:08
LogInit: Compiled with Visual C++: 19.24.28315.00
LogInit: Build Configuration: Development
LogInit: Branch Name: ++UE4+Release-4.27
LogInit: Command Line: 
LogInit: Base Directory: C:/Program Files/Epic Games/UE_4.27/Engine/Binaries/Win64/
LogInit: Allocator: TBB
LogInit: Installed Engine Build: 1
LogDevObjectVersion: Number of dev versions registered: 29
LogDevObjectVersion:   Dev-Blueprints (B0D832E4-1F89-4F0D-ACCF-7EB736FD4AA2): 10
LogDevObjectVersion:   Dev-Build (E1C64328-A22C-4D53-A36C-8E866417BD8C): 0
LogDevObjectVersion:   Dev-Core (375EC13C-06E4-48FB-B500-84F0262A717E): 4
LogDevObjectVersion:   Dev-Editor (E4B068ED-F494-42E9-A231-DA0B2E46BB41): 40
LogDevObjectVersion:   Dev-Framework (CFFC743F-43B0-4480-9391-14DF171D2073): 37
LogDevObjectVersion:   Dev-Mobile (B02B49B5-BB20-44E9-A304-32B752E40360): 3
LogDevObjectVersion:   Dev-Networking (A4E4105C-59A1-49B5-A7C5-40C4547EDFEE): 0
LogDevObjectVersion:   Dev-Online (39C831C9-5AE6-47DC-9A44-9C173E1C8E7C): 0
LogDevObjectVersion:   Dev-Physics (78F01B33-EBEA-4F98-B9B4-84EACCB95AA2): 14
LogDevObjectVersion:   Dev-Platform (6631380F-2D4D-43E0-8009-CF276956A95A): 0
LogDevObjectVersion:   Dev-Rendering (12F88B9F-8875-4AFC-A67C-D90C383ABD29): 45
LogDevObjectVersion:   Dev-Sequencer (7B5AE74C-D270-4C10-A958-57980B212A5A): 13
LogDevObjectVersion:   Dev-VR (D7296918-1DD6-4BDD-9DE2-64A83CC13884): 3
LogDevObjectVersion:   Dev-LoadTimes (C2A15278-BFE7-4AFE-6C17-90FF531DF755): 1
LogDevObjectVersion:   Private-Geometry (6EACA3D4-40EC-4CC1-B786-8BED09428FC5): 3
LogDevObjectVersion:   Dev-AnimPhys (29E575DD-E0A3-4627-9D10-D276232CDCEA): 17
LogDevObjectVersion:   Dev-Anim (AF43A65D-7FD3-4947-9873-3E8ED9C1BB05): 15
LogDevObjectVersion:   Dev-ReflectionCapture (6B266CEC-1EC7-4B8F-A30B-E4D90942FC07): 1
LogDevObjectVersion:   Dev-Automation (0DF73D61-A23F-47EA-B727-89E90C41499A): 1
LogDevObjectVersion:   FortniteMain (601D1886-AC64-4F84-AA16-D3DE0DEAC7D6): 47
LogDevObjectVersion:   FortniteRelease (E7086368-6B23-4C58-8439-1B7016265E91): 1
LogDevObjectVersion:   Dev-Enterprise (9DFFBCD6-494F-0158-E221-12823C92A888): 10
LogDevObjectVersion:   Dev-Niagara (F2AED0AC-9AFE-416F-8664-AA7FFA26D6FC): 1
LogDevObjectVersion:   Dev-Destruction (174F1F0B-B4C6-45A5-B13F-2EE8D0FB917D): 10
LogDevObjectVersion:   Dev-Physics-Ext (35F94A83-E258-406C-A318-09F59610247C): 41
LogDevObjectVersion:   Dev-PhysicsMaterial-Chaos (B68FC16E-8B1B-42E2-B453-215C058844FE): 1
LogDevObjectVersion:   Dev-CineCamera (B2E18506-4273-CFC2-A54E-F4BB758BBA07): 1
LogDevObjectVersion:   Dev-VirtualProduction (64F58936-FD1B-42BA-BA96-7289D5D0FA4E): 1
LogDevObjectVersion:   Dev-MediaFramework (6F0ED827-A609-4895-9C91-998D90180EA4): 2
LogInit: Presizing for max 25165824 objects, including 0 objects not considered by GC, pre-allocating 0 bytes for permanent pool.
LogConfig: Applying CVar settings from Section [/Script/Engine.StreamingSettings] File [C:/Users/ADMIN/Documents/GameDev  Папка Ромы/GitHub/Lesson78/Saved/Config/Windows/Engine.ini]
LogConfig: Setting CVar [[s.MinBulkDataSizeForAsyncLoading:131072]]
LogConfig: Setting CVar [[s.AsyncLoadingThreadEnabled:0]]
LogConfig: Setting CVar [[s.EventDrivenLoaderEnabled:1]]
LogConfig: Setting CVar [[s.WarnIfTimeLimitExceeded:0]]
LogConfig: Setting CVar [[s.TimeLimitExceededMultiplier:1.5]]
LogConfig: Setting CVar [[s.TimeLimitExceededMinTime:0.005]]
LogConfig: Setting CVar [[s.UseBackgroundLevelStreaming:1]]
LogConfig: Setting CVar [[s.PriorityAsyncLoadingExtraTime:15.0]]
LogConfig: Setting CVar [[s.LevelStreamingActorsUpdateTimeLimit:5.0]]
LogConfig: Setting CVar [[s.PriorityLevelStreamingActorsUpdateExtraTime:5.0]]
LogConfig: Setting CVar [[s.LevelStreamingComponentsRegistrationGranularity:10]]
LogConfig: Setting CVar [[s.UnregisterComponentsTimeLimit:1.0]]
LogConfig: Setting CVar [[s.LevelStreamingComponentsUnregistrationGranularity:5]]
LogConfig: Setting CVar [[s.FlushStreamingOnExit:1]]
LogInit: Object subsystem initialized
LogConfig: Setting CVar [[con.DebugEarlyDefault:1]]
LogConfig: Setting CVar [[r.setres:1280x720]]
[2023.10.26-15.10.12:606][  0]LogConfig: Setting CVar [[r.VSync:0]]
[2023.10.26-15.10.12:606][  0]LogConfig: Setting CVar [[r.RHICmdBypass:0]]
[2023.10.26-15.10.12:608][  0]LogConfig: Applying CVar settings from Section [/Script/Engine.RendererSettings] File [C:/Users/ADMIN/Documents/GameDev  Папка Ромы/GitHub/Lesson78/Saved/Config/Windows/Engine.ini]
[2023.10.26-15.10.12:608][  0]LogConfig: Setting CVar [[r.GPUCrashDebugging:0]]
[2023.10.26-15.10.12:608][  0]LogConfig: Applying CVar settings from Section [/Script/Engine.RendererOverrideSettings] File [C:/Users/ADMIN/Documents/GameDev  Папка Ромы/GitHub/Lesson78/Saved/Config/Windows/Engine.ini]
[2023.10.26-15.10.12:608][  0]LogConfig: Applying CVar settings from Section [/Script/Engine.StreamingSettings] File [C:/Users/ADMIN/Documents/GameDev  Папка Ромы/GitHub/Lesson78/Saved/Config/Windows/Engine.ini]
[2023.10.26-15.10.12:608][  0]LogConfig: Setting CVar [[s.MinBulkDataSizeForAsyncLoading:131072]]
[2023.10.26-15.10.12:608][  0]LogConfig: Setting CVar [[s.AsyncLoadingThreadEnabled:0]]
[2023.10.26-15.10.12:608][  0]LogConfig: Setting CVar [[s.EventDrivenLoaderEnabled:1]]
[2023.10.26-15.10.12:608][  0]LogConfig: Setting CVar [[s.WarnIfTimeLimitExceeded:0]]
[2023.10.26-15.10.12:608][  0]LogConfig: Setting CVar [[s.TimeLimitExceededMultiplier:1.5]]
[2023.10.26-15.10.12:608][  0]LogConfig: Setting CVar [[s.TimeLimitExceededMinTime:0.005]]
[2023.10.26-15.10.12:608][  0]LogConfig: Setting CVar [[s.UseBackgroundLevelStreaming:1]]
[2023.10.26-15.10.12:608][  0]LogConfig: Setting CVar [[s.PriorityAsyncLoadingExtraTime:15.0]]
[2023.10.26-15.10.12:608][  0]LogConfig: Setting CVar [[s.LevelStreamingActorsUpdateTimeLimit:5.0]]
[2023.10.26-15.10.12:608][  0]LogConfig: Setting CVar [[s.PriorityLevelStreamingActorsUpdateExtraTime:5.0]]
[2023.10.26-15.10.12:608][  0]LogConfig: Setting CVar [[s.LevelStreamingComponentsRegistrationGranularity:10]]
[2023.10.26-15.10.12:608][  0]LogConfig: Setting CVar [[s.UnregisterComponentsTimeLimit:1.0]]
[2023.10.26-15.10.12:608][  0]LogConfig: Setting CVar [[s.LevelStreamingComponentsUnregistrationGranularity:5]]
[2023.10.26-15.10.12:608][  0]LogConfig: Setting CVar [[s.FlushStreamingOnExit:1]]
[2023.10.26-15.10.12:608][  0]LogConfig: Applying CVar settings from Section [/Script/Engine.GarbageCollectionSettings] File [C:/Users/ADMIN/Documents/GameDev  Папка Ромы/GitHub/Lesson78/Saved/Config/Windows/Engine.ini]
[2023.10.26-15.10.12:608][  0]LogConfig: Setting CVar [[gc.MaxObjectsNotConsideredByGC:1]]
[2023.10.26-15.10.12:608][  0]LogConfig: Setting CVar [[gc.SizeOfPermanentObjectPool:0]]
[2023.10.26-15.10.12:608][  0]LogConfig: Setting CVar [[gc.FlushStreamingOnGC:0]]
[2023.10.26-15.10.12:609][  0]LogConfig: Setting CVar [[gc.NumRetriesBeforeForcingGC:10]]
[2023.10.26-15.10.12:609][  0]LogConfig: Setting CVar [[gc.AllowParallelGC:1]]
[2023.10.26-15.10.12:609][  0]LogConfig: Setting CVar [[gc.TimeBetweenPurgingPendingKillObjects:61.1]]
[2023.10.26-15.10.12:609][  0]LogConfig: Setting CVar [[gc.MaxObjectsInEditor:25165824]]
[2023.10.26-15.10.12:609][  0]LogConfig: Setting CVar [[gc.IncrementalBeginDestroyEnabled:1]]
[2023.10.26-15.10.12:609][  0]LogConfig: Setting CVar [[gc.CreateGCClusters:1]]
[2023.10.26-15.10.12:609][  0]LogConfig: Setting CVar [[gc.MinGCClusterSize:5]]
[2023.10.26-15.10.12:609][  0]LogConfig: Setting CVar [[gc.ActorClusteringEnabled:0]]
[2023.10.26-15.10.12:609][  0]LogConfig: Setting CVar [[gc.BlueprintClusteringEnabled:0]]
[2023.10.26-15.10.12:609][  0]LogConfig: Setting CVar [[gc.UseDisregardForGCOnDedicatedServers:0]]
[2023.10.26-15.10.12:609][  0]LogConfig: Setting CVar [[gc.MultithreadedDestructionEnabled:1]]
[2023.10.26-15.10.12:609][  0]LogConfig: Applying CVar settings from Section [/Script/Engine.NetworkSettings] File [C:/Users/ADMIN/Documents/GameDev  Папка Ромы/GitHub/Lesson78/Saved/Config/Windows/Engine.ini]
[2023.10.26-15.10.12:609][  0]LogConfig: Applying CVar settings from Section [/Script/UnrealEd.CookerSettings] File [C:/Users/ADMIN/Documents/GameDev  Папка Ромы/GitHub/Lesson78/Saved/Config/Windows/Engine.ini]
[2023.10.26-15.10.12:877][  0]LogConfig: Applying CVar settings from Section [ViewDistanceQuality@3] File [C:/Users/ADMIN/Documents/GameDev  Папка Ромы/GitHub/Lesson78/Saved/Config/Windows/Scalability.ini]
[2023.10.26-15.10.12:878][  0]LogConfig: Setting CVar [[r.SkeletalMeshLODBias:0]]
[2023.10.26-15.10.12:878][  0]LogConfig: Setting CVar [[r.ViewDistanceScale:1.0]]
[2023.10.26-15.10.12:878][  0]LogConfig: Applying CVar settings from Section [AntiAliasingQuality@3] File [C:/Users/ADMIN/Documents/GameDev  Папка Ромы/GitHub/Lesson78/Saved/Config/Windows/Scalability.ini]
[2023.10.26-15.10.12:878][  0]LogConfig: Setting CVar [[r.PostProcessAAQuality:4]]
[2023.10.26-15.10.12:878][  0]LogConfig: Applying CVar settings from Section [ShadowQuality@3] File [C:/Users/ADMIN/Documents/GameDev  Папка Ромы/GitHub/Lesson78/Saved/Config/Windows/Scalability.ini]
[2023.10.26-15.10.12:878][  0]LogConfig: Setting CVar [[r.LightFunctionQuality:1]]
[2023.10.26-15.10.12:878][  0]LogConfig: Setting CVar [[r.ShadowQuality:5]]
[2023.10.26-15.10.12:878][  0]LogConfig: Setting CVar [[r.Shadow.CSM.MaxCascades:10]]
[2023.10.26-15.10.12:878][  0]LogConfig: Setting CVar [[r.Shadow.MaxResolution:2048]]
[2023.10.26-15.10.12:878][  0]LogConfig: Setting CVar [[r.Shadow.MaxCSMResolution:2048]]
[2023.10.26-15.10.12:878][  0]LogConfig: Setting CVar [[r.Shadow.RadiusThreshold:0.01]]
[2023.10.26-15.10.12:878][  0]LogConfig: Setting CVar [[r.Shadow.DistanceScale:1.0]]
[2023.10.26-15.10.12:878][  0]LogConfig: Setting CVar [[r.Shadow.CSM.TransitionScale:1.0]]
[2023.10.26-15.10.12:878][  0]LogConfig: Setting CVar [[r.Shadow.PreShadowResolutionFactor:1.0]]
[2023.10.26-15.10.12:878][  0]LogConfig: Setting CVar [[r.DistanceFieldShadowing:1]]
[2023.10.26-15.10.12:878][  0]LogConfig: Setting CVar [[r.DistanceFieldAO:1]]
[2023.10.26-15.10.12:878][  0]LogConfig: Setting CVar [[r.AOQuality:2]]
[2023.10.26-15.10.12:878][  0]LogConfig: Setting CVar [[r.VolumetricFog:1]]
[2023.10.26-15.10.12:878][  0]LogConfig: Setting CVar [[r.VolumetricFog.GridPixelSize:8]]
[2023.10.26-15.10.12:878][  0]LogConfig: Setting CVar [[r.VolumetricFog.GridSizeZ:128]]
[2023.10.26-15.10.12:878][  0]LogConfig: Setting CVar [[r.VolumetricFog.HistoryMissSupersampleCount:4]]
[2023.10.26-15.10.12:879][  0]LogConfig: Setting CVar [[r.LightMaxDrawDistanceScale:1]]
[2023.10.26-15.10.12:879][  0]LogConfig: Setting CVar [[r.CapsuleShadows:1]]
[2023.10.26-15.10.12:879][  0]LogConfig: Applying CVar settings from Section [PostProcessQuality@3] File [C:/Users/ADMIN/Documents/GameDev  Папка Ромы/GitHub/Lesson78/Saved/Config/Windows/Scalability.ini]
[2023.10.26-15.10.12:879][  0]LogConfig: Setting CVar [[r.MotionBlurQuality:4]]
[2023.10.26-15.10.12:879][  0]LogConfig: Setting CVar [[r.AmbientOcclusionMipLevelFactor:0.4]]
[2023.10.26-15.10.12:879][  0]LogConfig: Setting CVar [[r.AmbientOcclusionMaxQuality:100]]
[2023.10.26-15.10.12:879][  0]LogConfig: Setting CVar [[r.AmbientOcclusionLevels:-1]]
[2023.10.26-15.10.12:879][  0]LogConfig: Setting CVar [[r.AmbientOcclusionRadiusScale:1.0]]
[2023.10.26-15.10.12:879][  0]LogConfig: Setting CVar [[r.DepthOfFieldQuality:2]]
[2023.10.26-15.10.12:879][  0]LogConfig: Setting CVar [[r.RenderTargetPoolMin:400]]
[2023.10.26-15.10.12:879][  0]LogConfig: Setting CVar [[r.LensFlareQuality:2]]
[2023.10.26-15.10.12:879][  0]LogConfig: Setting CVar [[r.SceneColorFringeQuality:1]]
[2023.10.26-15.10.12:879][  0]LogConfig: Setting CVar [[r.EyeAdaptationQuality:2]]
[2023.10.26-15.10.12:879][  0]LogConfig: Setting CVar [[r.BloomQuality:5]]
[2023.10.26-15.10.12:879][  0]LogConfig: Setting CVar [[r.FastBlurThreshold:100]]
[2023.10.26-15.10.12:879][  0]LogConfig: Setting CVar [[r.Upscale.Quality:3]]
[2023.10.26-15.10.12:879][  0]LogConfig: Setting CVar [[r.Tonemapper.GrainQuantization:1]]
[2023.10.26-15.10.12:879][  0]LogConfig: Setting CVar [[r.LightShaftQuality:1]]
[2023.10.26-15.10.12:879][  0]LogConfig: Setting CVar [[r.Filter.SizeScale:1]]
[2023.10.26-15.10.12:879][  0]LogConfig: Setting CVar [[r.Tonemapper.Quality:5]]
[2023.10.26-15.10.12:879][  0]LogConfig: Setting CVar [[r.DOF.Gather.AccumulatorQuality:1        ; higher gathering accumulator quality]]
[2023.10.26-15.10.12:879][  0]LogConfig: Setting CVar [[r.DOF.Gather.PostfilterMethod:1          ; Median3x3 postfilering method]]
[2023.10.26-15.10.12:879][  0]LogConfig: Setting CVar [[r.DOF.Gather.EnableBokehSettings:0       ; no bokeh simulation when gathering]]
[2023.10.26-15.10.12:879][  0]LogConfig: Setting CVar [[r.DOF.Gather.RingCount:4                 ; medium number of samples when gathering]]
[2023.10.26-15.10.12:879][  0]LogConfig: Setting CVar [[r.DOF.Scatter.ForegroundCompositing:1    ; additive foreground scattering]]
[2023.10.26-15.10.12:879][  0]LogConfig: Setting CVar [[r.DOF.Scatter.BackgroundCompositing:2    ; additive background scattering]]
[2023.10.26-15.10.12:879][  0]LogConfig: Setting CVar [[r.DOF.Scatter.EnableBokehSettings:1      ; bokeh simulation when scattering]]
[2023.10.26-15.10.12:879][  0]LogConfig: Setting CVar [[r.DOF.Scatter.MaxSpriteRatio:0.1         ; only a maximum of 10% of scattered bokeh]]
[2023.10.26-15.10.12:879][  0]LogConfig: Setting CVar [[r.DOF.Recombine.Quality:1                ; cheap slight out of focus]]
[2023.10.26-15.10.12:879][  0]LogConfig: Setting CVar [[r.DOF.Recombine.EnableBokehSettings:0    ; no bokeh simulation on slight out of focus]]
[2023.10.26-15.10.12:879][  0]LogConfig: Setting CVar [[r.DOF.TemporalAAQuality:1                ; more stable temporal accumulation]]
[2023.10.26-15.10.12:879][  0]LogConfig: Setting CVar [[r.DOF.Kernel.MaxForegroundRadius:0.025]]
[2023.10.26-15.10.12:879][  0]LogConfig: Setting CVar [[r.DOF.Kernel.MaxBackgroundRadius:0.025]]
[2023.10.26-15.10.12:879][  0]LogConfig: Applying CVar settings from Section [TextureQuality@3] File [C:/Users/ADMIN/Documents/GameDev  Папка Ромы/GitHub/Lesson78/Saved/Config/Windows/Scalability.ini]
[2023.10.26-15.10.12:879][  0]LogConfig: Setting CVar [[r.Streaming.MipBias:0]]
[2023.10.26-15.10.12:879][  0]LogConfig: Setting CVar [[r.Streaming.AmortizeCPUToGPUCopy:0]]
[2023.10.26-15.10.12:879][  0]LogConfig: Setting CVar [[r.Streaming.MaxNumTexturesToStreamPerFrame:0]]
[2023.10.26-15.10.12:879][  0]LogConfig: Setting CVar [[r.Streaming.Boost:1]]
[2023.10.26-15.10.12:879][  0]LogConfig: Setting CVar [[r.MaxAnisotropy:8]]
[2023.10.26-15.10.12:879][  0]LogConfig: Setting CVar [[r.VT.MaxAnisotropy:8]]
[2023.10.26-15.10.12:879][  0]LogConfig: Setting CVar [[r.Streaming.LimitPoolSizeToVRAM:0]]
[2023.10.26-15.10.12:879][  0]LogConfig: Setting CVar [[r.Streaming.PoolSize:1000]]
[2023.10.26-15.10.12:879][  0]LogConfig: Setting CVar [[r.Streaming.MaxEffectiveScreenSize:0]]
[2023.10.26-15.10.12:879][  0]LogConfig: Applying CVar settings from Section [EffectsQuality@3] File [C:/Users/ADMIN/Documents/GameDev  Папка Ромы/GitHub/Lesson78/Saved/Config/Windows/Scalability.ini]
[2023.10.26-15.10.12:879][  0]LogConfig: Setting CVar [[r.TranslucencyLightingVolumeDim:64]]
[2023.10.26-15.10.12:879][  0]LogConfig: Setting CVar [[r.RefractionQuality:2]]
[2023.10.26-15.10.12:879][  0]LogConfig: Setting CVar [[r.SSR.Quality:3]]
[2023.10.26-15.10.12:879][  0]LogConfig: Setting CVar [[r.SSR.HalfResSceneColor:0]]
[2023.10.26-15.10.12:879][  0]LogConfig: Setting CVar [[r.SceneColorFormat:4]]
[2023.10.26-15.10.12:879][  0]LogConfig: Setting CVar [[r.DetailMode:2]]
[2023.10.26-15.10.12:879][  0]LogConfig: Setting CVar [[r.TranslucencyVolumeBlur:1]]
[2023.10.26-15.10.12:879][  0]LogConfig: Setting CVar [[r.MaterialQualityLevel:1 ; High quality]]
[2023.10.26-15.10.12:879][  0]LogConfig: Setting CVar [[r.AnisotropicMaterials:1]]
[2023.10.26-15.10.12:879][  0]LogConfig: Setting CVar [[r.SSS.Scale:1]]
[2023.10.26-15.10.12:879][  0]LogConfig: Setting CVar [[r.SSS.SampleSet:2]]
[2023.10.26-15.10.12:879][  0]LogConfig: Setting CVar [[r.SSS.Quality:1]]
[2023.10.26-15.10.12:879][  0]LogConfig: Setting CVar [[r.SSS.HalfRes:0]]
[2023.10.26-15.10.12:879][  0]LogConfig: Setting CVar [[r.SSGI.Quality:3]]
[2023.10.26-15.10.12:879][  0]LogConfig: Setting CVar [[r.EmitterSpawnRateScale:1.0]]
[2023.10.26-15.10.12:879][  0]LogConfig: Setting CVar [[r.ParticleLightQuality:2]]
[2023.10.26-15.10.12:879][  0]LogConfig: Setting CVar [[r.SkyAtmosphere.AerialPerspectiveLUT.FastApplyOnOpaque:1 ; Always have FastSkyLUT 1 in this case to avoid wrong sky]]
[2023.10.26-15.10.12:879][  0]LogConfig: Setting CVar [[r.SkyAtmosphere.AerialPerspectiveLUT.SampleCountMaxPerSlice:4]]
[2023.10.26-15.10.12:879][  0]LogConfig: Setting CVar [[r.SkyAtmosphere.AerialPerspectiveLUT.DepthResolution:16.0]]
[2023.10.26-15.10.12:879][  0]LogConfig: Setting CVar [[r.SkyAtmosphere.FastSkyLUT:1]]
[2023.10.26-15.10.12:879][  0]LogConfig: Setting CVar [[r.SkyAtmosphere.FastSkyLUT.SampleCountMin:4.0]]
[2023.10.26-15.10.12:879][  0]LogConfig: Setting CVar [[r.SkyAtmosphere.FastSkyLUT.SampleCountMax:128.0]]
[2023.10.26-15.10.12:879][  0]LogConfig: Setting CVar [[r.SkyAtmosphere.SampleCountMin:4.0]]
[2023.10.26-15.10.12:879][  0]LogConfig: Setting CVar [[r.SkyAtmosphere.SampleCountMax:128.0]]
[2023.10.26-15.10.12:879][  0]LogConfig: Setting CVar [[r.SkyAtmosphere.TransmittanceLUT.UseSmallFormat:0]]
[2023.10.26-15.10.12:880][  0]LogConfig: Setting CVar [[r.SkyAtmosphere.TransmittanceLUT.SampleCount:10.0]]
[2023.10.26-15.10.12:880][  0]LogConfig: Setting CVar [[r.SkyAtmosphere.MultiScatteringLUT.SampleCount:15.0]]
[2023.10.26-15.10.12:880][  0]LogConfig: Setting CVar [[r.SkyLight.RealTimeReflectionCapture:1]]
[2023.10.26-15.10.12:880][  0]LogConfig: Applying CVar settings from Section [FoliageQuality@3] File [C:/Users/ADMIN/Documents/GameDev  Папка Ромы/GitHub/Lesson78/Saved/Config/Windows/Scalability.ini]
[2023.10.26-15.10.12:880][  0]LogConfig: Setting CVar [[foliage.DensityScale:1.0]]
[2023.10.26-15.10.12:880][  0]LogConfig: Setting CVar [[grass.DensityScale:1.0]]
[2023.10.26-15.10.12:880][  0]LogConfig: Applying CVar settings from Section [ShadingQuality@3] File [C:/Users/ADMIN/Documents/GameDev  Папка Ромы/GitHub/Lesson78/Saved/Config/Windows/Scalability.ini]
[2023.10.26-15.10.12:880][  0]LogConfig: Setting CVar [[r.HairStrands.SkyLighting.IntegrationType:2]]
[2023.10.26-15.10.12:880][  0]LogConfig: Setting CVar [[r.HairStrands.SkyAO.SampleCount:4]]
[2023.10.26-15.10.12:880][  0]LogConfig: Setting CVar [[r.HairStrands.Visibility.MSAA.SamplePerPixel:4]]
[2023.10.26-15.10.12:889][  0]LogInit: Selected Device Profile: [Windows]
[2023.10.26-15.10.12:899][  0]LogInit: Applying CVar settings loaded from the selected device profile: [Windows]
[2023.10.26-15.10.12:923][  0]LogHAL: Display: Platform has ~ 8 GB [8459988992 / 8589934592 / 8], which maps to Default [LargestMinGB=32, LargerMinGB=12, DefaultMinGB=8, SmallerMinGB=6, SmallestMinGB=0)
[2023.10.26-15.10.12:924][  0]LogInit: Going up to parent DeviceProfile []
[2023.10.26-15.10.12:953][  0]LogConfig: Applying CVar settings from Section [ViewDistanceQuality@3] File [C:/Users/ADMIN/Documents/GameDev  Папка Ромы/GitHub/Lesson78/Saved/Config/Windows/Scalability.ini]
[2023.10.26-15.10.12:953][  0]LogConfig: Setting CVar [[r.SkeletalMeshLODBias:0]]
[2023.10.26-15.10.12:953][  0]LogConfig: Setting CVar [[r.ViewDistanceScale:1.0]]
[2023.10.26-15.10.12:953][  0]LogConfig: Applying CVar settings from Section [AntiAliasingQuality@3] File [C:/Users/ADMIN/Documents/GameDev  Папка Ромы/GitHub/Lesson78/Saved/Config/Windows/Scalability.ini]
[2023.10.26-15.10.12:953][  0]LogConfig: Setting CVar [[r.PostProcessAAQuality:4]]
[2023.10.26-15.10.12:953][  0]LogConfig: Applying CVar settings from Section [ShadowQuality@3] File [C:/Users/ADMIN/Documents/GameDev  Папка Ромы/GitHub/Lesson78/Saved/Config/Windows/Scalability.ini]
[2023.10.26-15.10.12:953][  0]LogConfig: Setting CVar [[r.LightFunctionQuality:1]]
[2023.10.26-15.10.12:953][  0]LogConfig: Setting CVar [[r.ShadowQuality:5]]
[2023.10.26-15.10.12:953][  0]LogConfig: Setting CVar [[r.Shadow.CSM.MaxCascades:10]]
[2023.10.26-15.10.12:953][  0]LogConfig: Setting CVar [[r.Shadow.MaxResolution:2048]]
[2023.10.26-15.10.12:953][  0]LogConfig: Setting CVar [[r.Shadow.MaxCSMResolution:2048]]
[2023.10.26-15.10.12:953][  0]LogConfig: Setting CVar [[r.Shadow.RadiusThreshold:0.01]]
[2023.10.26-15.10.12:953][  0]LogConfig: Setting CVar [[r.Shadow.DistanceScale:1.0]]
[2023.10.26-15.10.12:953][  0]LogConfig: Setting CVar [[r.Shadow.CSM.TransitionScale:1.0]]
[2023.10.26-15.10.12:953][  0]LogConfig: Setting CVar [[r.Shadow.PreShadowResolutionFactor:1.0]]
[2023.10.26-15.10.12:953][  0]LogConfig: Setting CVar [[r.DistanceFieldShadowing:1]]
[2023.10.26-15.10.12:953][  0]LogConfig: Setting CVar [[r.DistanceFieldAO:1]]
[2023.10.26-15.10.12:953][  0]LogConfig: Setting CVar [[r.AOQuality:2]]
[2023.10.26-15.10.12:953][  0]LogConfig: Setting CVar [[r.VolumetricFog:1]]
[2023.10.26-15.10.12:953][  0]LogConfig: Setting CVar [[r.VolumetricFog.GridPixelSize:8]]
[2023.10.26-15.10.12:953][  0]LogConfig: Setting CVar [[r.VolumetricFog.GridSizeZ:128]]
[2023.10.26-15.10.12:953][  0]LogConfig: Setting CVar [[r.VolumetricFog.HistoryMissSupersampleCount:4]]
[2023.10.26-15.10.12:953][  0]LogConfig: Setting CVar [[r.LightMaxDrawDistanceScale:1]]
[2023.10.26-15.10.12:953][  0]LogConfig: Setting CVar [[r.CapsuleShadows:1]]
[2023.10.26-15.10.12:953][  0]LogConfig: Applying CVar settings from Section [PostProcessQuality@3] File [C:/Users/ADMIN/Documents/GameDev  Папка Ромы/GitHub/Lesson78/Saved/Config/Windows/Scalability.ini]
[2023.10.26-15.10.12:953][  0]LogConfig: Setting CVar [[r.MotionBlurQuality:4]]
[2023.10.26-15.10.12:953][  0]LogConfig: Setting CVar [[r.AmbientOcclusionMipLevelFactor:0.4]]
[2023.10.26-15.10.12:953][  0]LogConfig: Setting CVar [[r.AmbientOcclusionMaxQuality:100]]
[2023.10.26-15.10.12:953][  0]LogConfig: Setting CVar [[r.AmbientOcclusionLevels:-1]]
[2023.10.26-15.10.12:953][  0]LogConfig: Setting CVar [[r.AmbientOcclusionRadiusScale:1.0]]
[2023.10.26-15.10.12:953][  0]LogConfig: Setting CVar [[r.DepthOfFieldQuality:2]]
[2023.10.26-15.10.12:953][  0]LogConfig: Setting CVar [[r.RenderTargetPoolMin:400]]
[2023.10.26-15.10.12:953][  0]LogConfig: Setting CVar [[r.LensFlareQuality:2]]
[2023.10.26-15.10.12:953][  0]LogConfig: Setting CVar [[r.SceneColorFringeQuality:1]]
[2023.10.26-15.10.12:954][  0]LogConfig: Setting CVar [[r.EyeAdaptationQuality:2]]
[2023.10.26-15.10.12:954][  0]LogConfig: Setting CVar [[r.BloomQuality:5]]
[2023.10.26-15.10.12:954][  0]LogConfig: Setting CVar [[r.FastBlurThreshold:100]]
[2023.10.26-15.10.12:954][  0]LogConfig: Setting CVar [[r.Upscale.Quality:3]]
[2023.10.26-15.10.12:954][  0]LogConfig: Setting CVar [[r.Tonemapper.GrainQuantization:1]]
[2023.10.26-15.10.12:954][  0]LogConfig: Setting CVar [[r.LightShaftQuality:1]]
[2023.10.26-15.10.12:954][  0]LogConfig: Setting CVar [[r.Filter.SizeScale:1]]
[2023.10.26-15.10.12:954][  0]LogConfig: Setting CVar [[r.Tonemapper.Quality:5]]
[2023.10.26-15.10.12:954][  0]LogConfig: Setting CVar [[r.DOF.Gather.AccumulatorQuality:1        ; higher gathering accumulator quality]]
[2023.10.26-15.10.12:954][  0]LogConfig: Setting CVar [[r.DOF.Gather.PostfilterMethod:1          ; Median3x3 postfilering method]]
[2023.10.26-15.10.12:954][  0]LogConfig: Setting CVar [[r.DOF.Gather.EnableBokehSettings:0       ; no bokeh simulation when gathering]]
[2023.10.26-15.10.12:954][  0]LogConfig: Setting CVar [[r.DOF.Gather.RingCount:4                 ; medium number of samples when gathering]]
[2023.10.26-15.10.12:954][  0]LogConfig: Setting CVar [[r.DOF.Scatter.ForegroundCompositing:1    ; additive foreground scattering]]
[2023.10.26-15.10.12:954][  0]LogConfig: Setting CVar [[r.DOF.Scatter.BackgroundCompositing:2    ; additive background scattering]]
[2023.10.26-15.10.12:954][  0]LogConfig: Setting CVar [[r.DOF.Scatter.EnableBokehSettings:1      ; bokeh simulation when scattering]]
[2023.10.26-15.10.12:954][  0]LogConfig: Setting CVar [[r.DOF.Scatter.MaxSpriteRatio:0.1         ; only a maximum of 10% of scattered bokeh]]
[2023.10.26-15.10.12:954][  0]LogConfig: Setting CVar [[r.DOF.Recombine.Quality:1                ; cheap slight out of focus]]
[2023.10.26-15.10.12:954][  0]LogConfig: Setting CVar [[r.DOF.Recombine.EnableBokehSettings:0    ; no bokeh simulation on slight out of focus]]
[2023.10.26-15.10.12:954][  0]LogConfig: Setting CVar [[r.DOF.TemporalAAQuality:1                ; more stable temporal accumulation]]
[2023.10.26-15.10.12:954][  0]LogConfig: Setting CVar [[r.DOF.Kernel.MaxForegroundRadius:0.025]]
[2023.10.26-15.10.12:954][  0]LogConfig: Setting CVar [[r.DOF.Kernel.MaxBackgroundRadius:0.025]]
[2023.10.26-15.10.12:954][  0]LogConfig: Applying CVar settings from Section [TextureQuality@3] File [C:/Users/ADMIN/Documents/GameDev  Папка Ромы/GitHub/Lesson78/Saved/Config/Windows/Scalability.ini]
[2023.10.26-15.10.12:954][  0]LogConfig: Setting CVar [[r.Streaming.MipBias:0]]
[2023.10.26-15.10.12:954][  0]LogConfig: Setting CVar [[r.Streaming.AmortizeCPUToGPUCopy:0]]
[2023.10.26-15.10.12:955][  0]LogConfig: Setting CVar [[r.Streaming.MaxNumTexturesToStreamPerFrame:0]]
[2023.10.26-15.10.12:955][  0]LogConfig: Setting CVar [[r.Streaming.Boost:1]]
[2023.10.26-15.10.12:955][  0]LogConfig: Setting CVar [[r.MaxAnisotropy:8]]
[2023.10.26-15.10.12:955][  0]LogConfig: Setting CVar [[r.VT.MaxAnisotropy:8]]
[2023.10.26-15.10.12:955][  0]LogConfig: Setting CVar [[r.Streaming.LimitPoolSizeToVRAM:0]]
[2023.10.26-15.10.12:955][  0]LogConfig: Setting CVar [[r.Streaming.PoolSize:1000]]
[2023.10.26-15.10.12:955][  0]LogConfig: Setting CVar [[r.Streaming.MaxEffectiveScreenSize:0]]
[2023.10.26-15.10.12:955][  0]LogConfig: Applying CVar settings from Section [EffectsQuality@3] File [C:/Users/ADMIN/Documents/GameDev  Папка Ромы/GitHub/Lesson78/Saved/Config/Windows/Scalability.ini]
[2023.10.26-15.10.12:955][  0]LogConfig: Setting CVar [[r.TranslucencyLightingVolumeDim:64]]
[2023.10.26-15.10.12:955][  0]LogConfig: Setting CVar [[r.RefractionQuality:2]]
[2023.10.26-15.10.12:955][  0]LogConfig: Setting CVar [[r.SSR.Quality:3]]
[2023.10.26-15.10.12:955][  0]LogConfig: Setting CVar [[r.SSR.HalfResSceneColor:0]]
[2023.10.26-15.10.12:955][  0]LogConfig: Setting CVar [[r.SceneColorFormat:4]]
[2023.10.26-15.10.12:955][  0]LogConfig: Setting CVar [[r.DetailMode:2]]
[2023.10.26-15.10.12:955][  0]LogConfig: Setting CVar [[r.TranslucencyVolumeBlur:1]]
[2023.10.26-15.10.12:955][  0]LogConfig: Setting CVar [[r.MaterialQualityLevel:1 ; High quality]]
[2023.10.26-15.10.12:955][  0]LogConfig: Setting CVar [[r.AnisotropicMaterials:1]]
[2023.10.26-15.10.12:955][  0]LogConfig: Setting CVar [[r.SSS.Scale:1]]
[2023.10.26-15.10.12:955][  0]LogConfig: Setting CVar [[r.SSS.SampleSet:2]]
[2023.10.26-15.10.12:955][  0]LogConfig: Setting CVar [[r.SSS.Quality:1]]
[2023.10.26-15.10.12:955][  0]LogConfig: Setting CVar [[r.SSS.HalfRes:0]]
[2023.10.26-15.10.12:955][  0]LogConfig: Setting CVar [[r.SSGI.Quality:3]]
[2023.10.26-15.10.12:955][  0]LogConfig: Setting CVar [[r.EmitterSpawnRateScale:1.0]]
[2023.10.26-15.10.12:955][  0]LogConfig: Setting CVar [[r.ParticleLightQuality:2]]
[2023.10.26-15.10.12:955][  0]LogConfig: Setting CVar [[r.SkyAtmosphere.AerialPerspectiveLUT.FastApplyOnOpaque:1 ; Always have FastSkyLUT 1 in this case to avoid wrong sky]]
[2023.10.26-15.10.12:955][  0]LogConfig: Setting CVar [[r.SkyAtmosphere.AerialPerspectiveLUT.SampleCountMaxPerSlice:4]]
[2023.10.26-15.10.12:955][  0]LogConfig: Setting CVar [[r.SkyAtmosphere.AerialPerspectiveLUT.DepthResolution:16.0]]
[2023.10.26-15.10.12:955][  0]LogConfig: Setting CVar [[r.SkyAtmosphere.FastSkyLUT:1]]
[2023.10.26-15.10.12:955][  0]LogConfig: Setting CVar [[r.SkyAtmosphere.FastSkyLUT.SampleCountMin:4.0]]
[2023.10.26-15.10.12:955][  0]LogConfig: Setting CVar [[r.SkyAtmosphere.FastSkyLUT.SampleCountMax:128.0]]
[2023.10.26-15.10.12:955][  0]LogConfig: Setting CVar [[r.SkyAtmosphere.SampleCountMin:4.0]]
[2023.10.26-15.10.12:955][  0]LogConfig: Setting CVar [[r.SkyAtmosphere.SampleCountMax:128.0]]
[2023.10.26-15.10.12:955][  0]LogConfig: Setting CVar [[r.SkyAtmosphere.TransmittanceLUT.UseSmallFormat:0]]
[2023.10.26-15.10.12:955][  0]LogConfig: Setting CVar [[r.SkyAtmosphere.TransmittanceLUT.SampleCount:10.0]]
[2023.10.26-15.10.12:955][  0]LogConfig: Setting CVar [[r.SkyAtmosphere.MultiScatteringLUT.SampleCount:15.0]]
[2023.10.26-15.10.12:955][  0]LogConfig: Setting CVar [[r.SkyLight.RealTimeReflectionCapture:1]]
[2023.10.26-15.10.12:955][  0]LogConfig: Applying CVar settings from Section [FoliageQuality@3] File [C:/Users/ADMIN/Documents/GameDev  Папка Ромы/GitHub/Lesson78/Saved/Config/Windows/Scalability.ini]
[2023.10.26-15.10.12:955][  0]LogConfig: Setting CVar [[foliage.DensityScale:1.0]]
[2023.10.26-15.10.12:955][  0]LogConfig: Setting CVar [[grass.DensityScale:1.0]]
[2023.10.26-15.10.12:955][  0]LogConfig: Applying CVar settings from Section [ShadingQuality@3] File [C:/Users/ADMIN/Documents/GameDev  Папка Ромы/GitHub/Lesson78/Saved/Config/Windows/Scalability.ini]
[2023.10.26-15.10.12:955][  0]LogConfig: Setting CVar [[r.HairStrands.SkyLighting.IntegrationType:2]]
[2023.10.26-15.10.12:955][  0]LogConfig: Setting CVar [[r.HairStrands.SkyAO.SampleCount:4]]
[2023.10.26-15.10.12:955][  0]LogConfig: Setting CVar [[r.HairStrands.Visibility.MSAA.SamplePerPixel:4]]
[2023.10.26-15.10.12:955][  0]LogConfig: Applying CVar settings from Section [Startup] File [../../../Engine/Config/ConsoleVariables.ini]
[2023.10.26-15.10.12:995][  0]LogConfig: Setting CVar [[net.UseAdaptiveNetUpdateFrequency:0]]
[2023.10.26-15.10.12:995][  0]LogConfig: Setting CVar [[p.chaos.AllowCreatePhysxBodies:1]]
[2023.10.26-15.10.12:995][  0]LogConfig: Setting CVar [[fx.SkipVectorVMBackendOptimizations:1]]
[2023.10.26-15.10.12:995][  0]LogConfig: Applying CVar settings from Section [ConsoleVariables] File [C:/Users/ADMIN/Documents/GameDev  Папка Ромы/GitHub/Lesson78/Saved/Config/Windows/Engine.ini]
[2023.10.26-15.10.12:995][  0]LogConfig: Applying CVar settings from Section [ConsoleVariables] File [C:/Users/ADMIN/Documents/GameDev  Папка Ромы/GitHub/Lesson78/Saved/Config/Windows/Editor.ini]
[2023.10.26-15.10.13:102][  0]LogInit: Computer: DESKTOP-U490D8V
[2023.10.26-15.10.13:102][  0]LogInit: User: ADMIN
[2023.10.26-15.10.13:102][  0]LogInit: CPU Page size=4096, Cores=6
[2023.10.26-15.10.13:102][  0]LogInit: High frequency timer resolution =10.000000 MHz
[2023.10.26-15.10.13:115][  0]LogMemory: Memory total: Physical=7.9GB (8GB approx)
[2023.10.26-15.10.13:119][  0]LogMemory: Platform Memory Stats for Windows
[2023.10.26-15.10.13:119][  0]LogMemory: Process Physical Memory: 141.05 MB used, 141.05 MB peak
[2023.10.26-15.10.13:119][  0]LogMemory: Process Virtual Memory: 111.60 MB used, 111.60 MB peak
[2023.10.26-15.10.13:119][  0]LogMemory: Physical Memory: 6604.26 MB used,  1463.82 MB free, 8068.07 MB total
[2023.10.26-15.10.13:119][  0]LogMemory: Virtual Memory: 134211016.00 MB used,  6708.95 MB free, 134217728.00 MB total
[2023.10.26-15.10.13:176][  0]LogWindows: WindowsPlatformFeatures enabled
[2023.10.26-15.10.15:550][  0]LogInit: Physics initialised using underlying interface: PhysX
[2023.10.26-15.10.15:616][  0]LogInit: Using OS detected language (ru-RU).
[2023.10.26-15.10.15:616][  0]LogInit: Using OS detected locale (ru-KZ).
[2023.10.26-15.10.16:429][  0]LogTextLocalizationManager: No specific localization for 'ru-RU' exists, so the 'ru' localization will be used.
[2023.10.26-15.10.16:432][  0]LogTextLocalizationResource: LocRes '../../../Engine/Content/Localization/Editor/ru/Editor.locres' could not be opened for reading!
[2023.10.26-15.10.16:432][  0]LogTextLocalizationResource: LocRes '../../../Engine/Content/Localization/EditorTutorials/ru/EditorTutorials.locres' could not be opened for reading!
[2023.10.26-15.10.16:432][  0]LogTextLocalizationResource: LocRes '../../../Engine/Content/Localization/Keywords/ru/Keywords.locres' could not be opened for reading!
[2023.10.26-15.10.16:432][  0]LogTextLocalizationResource: LocRes '../../../Engine/Content/Localization/Category/ru/Category.locres' could not be opened for reading!
[2023.10.26-15.10.16:446][  0]LogTextLocalizationResource: LocRes '../../../Engine/Content/Localization/ToolTips/ru/ToolTips.locres' could not be opened for reading!
[2023.10.26-15.10.16:449][  0]LogTextLocalizationResource: LocRes '../../../Engine/Content/Localization/PropertyNames/ru/PropertyNames.locres' could not be opened for reading!
[2023.10.26-15.10.16:449][  0]LogTextLocalizationResource: LocRes '../../../Engine/Content/Localization/Engine/ru/Engine.locres' could not be opened for reading!
[2023.10.26-15.10.16:974][  0]LogInit: Setting process to per monitor DPI aware
[2023.10.26-15.10.18:456][  0]LogWindowsTextInputMethodSystem: Display: IME system deactivated.
[2023.10.26-15.10.19:777][  0]LogSlate: New Slate User Created.  User Index 0, Is Virtual User: 0
[2023.10.26-15.10.19:777][  0]LogSlate: Slate User Registered.  User Index 0, Is Virtual User: 0
[2023.10.26-15.10.24:169][  0]LogD3D11RHI: Loaded GFSDK_Aftermath_Lib.x64.dll
[2023.10.26-15.10.24:255][  0]LogHMD: Failed to initialize OpenVR with code 110
[2023.10.26-15.10.24:255][  0]LogD3D11RHI: D3D11 min allowed feature level: 11_0
[2023.10.26-15.10.24:255][  0]LogD3D11RHI: D3D11 max allowed feature level: 11_0
[2023.10.26-15.10.24:255][  0]LogD3D11RHI: D3D11 adapters:
[2023.10.26-15.10.24:640][  0]LogD3D11RHI:    0. 'NVIDIA GeForce GT 1030' (Feature Level 11_0)
[2023.10.26-15.10.24:640][  0]LogD3D11RHI:       1981/0/4034 MB DedicatedVideo/DedicatedSystem/SharedSystem, Outputs:1, VendorId:0x10de
[2023.10.26-15.10.24:676][  0]LogD3D11RHI:    1. 'Intel(R) UHD Graphics 630' (Feature Level 11_0)
[2023.10.26-15.10.24:676][  0]LogD3D11RHI:       128/0/4034 MB DedicatedVideo/DedicatedSystem/SharedSystem, Outputs:0, VendorId:0x8086
[2023.10.26-15.10.24:959][  0]LogD3D11RHI:    2. 'Microsoft Basic Render Driver' (Feature Level 11_0)
[2023.10.26-15.10.24:959][  0]LogD3D11RHI:       0/0/4034 MB DedicatedVideo/DedicatedSystem/SharedSystem, Outputs:0, VendorId:0x1414
[2023.10.26-15.10.24:959][  0]LogD3D11RHI: Chosen D3D11 Adapter:
[2023.10.26-15.10.24:959][  0]LogD3D11RHI:     Description : NVIDIA GeForce GT 1030
[2023.10.26-15.10.24:959][  0]LogD3D11RHI:     VendorId    : 10de
[2023.10.26-15.10.24:959][  0]LogD3D11RHI:     DeviceId    : 1d01
[2023.10.26-15.10.24:959][  0]LogD3D11RHI:     SubSysId    : 85f51043
[2023.10.26-15.10.24:959][  0]LogD3D11RHI:     Revision    : 00a1
[2023.10.26-15.10.24:959][  0]LogD3D11RHI:     DedicatedVideoMemory : 2077417472 bytes
[2023.10.26-15.10.24:959][  0]LogD3D11RHI:     DedicatedSystemMemory : 0 bytes
[2023.10.26-15.10.24:959][  0]LogD3D11RHI:     SharedSystemMemory : 4229994496 bytes
[2023.10.26-15.10.24:959][  0]LogD3D11RHI:     AdapterLuid : 0 53875
[2023.10.26-15.10.25:082][  0]LogD3D11RHI: Creating new Direct3DDevice
[2023.10.26-15.10.25:082][  0]LogD3D11RHI:     GPU DeviceId: 0x1d01 (for the marketing name, search the web for "GPU Device Id")
[2023.10.26-15.10.25:082][  0]LogWindows: EnumDisplayDevices:
[2023.10.26-15.10.25:082][  0]LogWindows:    0. 'Intel(R) UHD Graphics 630' (P:0 D:0)
[2023.10.26-15.10.25:082][  0]LogWindows:    1. 'Intel(R) UHD Graphics 630' (P:0 D:0)
[2023.10.26-15.10.25:083][  0]LogWindows:    2. 'NVIDIA GeForce GT 1030' (P:1 D:1)
[2023.10.26-15.10.25:083][  0]LogWindows:    3. 'NVIDIA GeForce GT 1030' (P:0 D:0)
[2023.10.26-15.10.25:083][  0]LogWindows: DebugString: PrimaryIsNotTheChoosenAdapter PrimaryIsNotTheChoosenAdapter FoundDriverCount:2 
[2023.10.26-15.10.25:083][  0]LogD3D11RHI:     Adapter Name: NVIDIA GeForce GT 1030
[2023.10.26-15.10.25:096][  0]LogD3D11RHI:   Driver Version: 536.99 (internal:31.0.15.3699, unified:536.99)
[2023.10.26-15.10.25:096][  0]LogD3D11RHI:      Driver Date: 8-4-2023
[2023.10.26-15.10.25:220][  0]LogRHI: Texture pool is 1386 MB (70% of 1981 MB)
[2023.10.26-15.10.25:220][  0]LogD3D11RHI: Creating D3DDevice using adapter:
[2023.10.26-15.10.25:220][  0]LogD3D11RHI:     Description : NVIDIA GeForce GT 1030
[2023.10.26-15.10.25:220][  0]LogD3D11RHI:     VendorId    : 10de
[2023.10.26-15.10.25:220][  0]LogD3D11RHI:     DeviceId    : 1d01
[2023.10.26-15.10.25:220][  0]LogD3D11RHI:     SubSysId    : 85f51043
[2023.10.26-15.10.25:220][  0]LogD3D11RHI:     Revision    : 00a1
[2023.10.26-15.10.25:220][  0]LogD3D11RHI:     DedicatedVideoMemory : 2077417472 bytes
[2023.10.26-15.10.25:220][  0]LogD3D11RHI:     DedicatedSystemMemory : 0 bytes
[2023.10.26-15.10.25:220][  0]LogD3D11RHI:     SharedSystemMemory : 4229994496 bytes
[2023.10.26-15.10.25:220][  0]LogD3D11RHI:     AdapterLuid : 0 53875
[2023.10.26-15.10.25:670][  0]LogD3D11RHI: RHI has support for 64 bit atomics
[2023.10.26-15.10.25:920][  0]LogD3D11RHI: Async texture creation enabled
[2023.10.26-15.10.25:920][  0]LogD3D11RHI: Array index from any shader is supported
[2023.10.26-15.10.27:355][  0]LogD3D11RHI: GPU Timing Frequency: 1000.000000 (Debug: 2 5)
[2023.10.26-15.10.27:720][  0]LogRHI: GeForceNow SDK initialized: 1
[2023.10.26-15.10.30:251][  0]LogTargetPlatformManager: Display: Loaded TargetPlatform 'AllDesktop'
[2023.10.26-15.10.30:440][  0]LogTargetPlatformManager: Display: Loaded TargetPlatform 'Android'
[2023.10.26-15.10.30:440][  0]LogTargetPlatformManager: Display: Loaded TargetPlatform 'Android_ASTC'
[2023.10.26-15.10.30:440][  0]LogTargetPlatformManager: Display: Loaded TargetPlatform 'Android_DXT'
[2023.10.26-15.10.30:440][  0]LogTargetPlatformManager: Display: Loaded TargetPlatform 'Android_ETC2'
[2023.10.26-15.10.30:440][  0]LogTargetPlatformManager: Display: Loaded TargetPlatform 'AndroidClient'
[2023.10.26-15.10.30:440][  0]LogTargetPlatformManager: Display: Loaded TargetPlatform 'Android_ASTCClient'
[2023.10.26-15.10.30:440][  0]LogTargetPlatformManager: Display: Loaded TargetPlatform 'Android_DXTClient'
[2023.10.26-15.10.30:440][  0]LogTargetPlatformManager: Display: Loaded TargetPlatform 'Android_ETC2Client'
[2023.10.26-15.10.30:440][  0]LogTargetPlatformManager: Display: Loaded TargetPlatform 'Android_Multi'
[2023.10.26-15.10.30:440][  0]LogTargetPlatformManager: Display: Loaded TargetPlatform 'Android_MultiClient'
[2023.10.26-15.10.30:580][  0]LogTargetPlatformManager: Display: Loaded TargetPlatform 'IOSClient'
[2023.10.26-15.10.30:581][  0]LogTargetPlatformManager: Display: Loaded TargetPlatform 'IOS'
[2023.10.26-15.10.30:679][  0]LogTargetPlatformManager: Display: Loaded TargetPlatform 'Linux'
[2023.10.26-15.10.30:715][  0]LogTargetPlatformManager: Display: Loaded TargetPlatform 'LinuxNoEditor'
[2023.10.26-15.10.30:726][  0]LogTargetPlatformManager: Display: Loaded TargetPlatform 'LinuxClient'
[2023.10.26-15.10.30:793][  0]LogTargetPlatformManager: Display: Loaded TargetPlatform 'LinuxServer'
[2023.10.26-15.10.30:906][  0]LogTargetPlatformManager: Display: Loaded TargetPlatform 'LinuxAArch64NoEditor'
[2023.10.26-15.10.30:965][  0]LogTargetPlatformManager: Display: Loaded TargetPlatform 'LinuxAArch64Client'
[2023.10.26-15.10.31:064][  0]LogTargetPlatformManager: Display: Loaded TargetPlatform 'LinuxAArch64Server'
[2023.10.26-15.10.31:467][  0]LogTargetPlatformManager: Display: Loaded TargetPlatform 'Lumin'
[2023.10.26-15.10.31:467][  0]LogTargetPlatformManager: Display: Loaded TargetPlatform 'LuminClient'
[2023.10.26-15.10.31:711][  0]LogTargetPlatformManager: Display: Loaded TargetPlatform 'MacNoEditor'
[2023.10.26-15.10.31:843][  0]LogTargetPlatformManager: Display: Loaded TargetPlatform 'Mac'
[2023.10.26-15.10.31:936][  0]LogTargetPlatformManager: Display: Loaded TargetPlatform 'MacClient'
[2023.10.26-15.10.32:025][  0]LogTargetPlatformManager: Display: Loaded TargetPlatform 'MacServer'
[2023.10.26-15.10.32:121][  0]LogTargetPlatformManager: Display: Loaded TargetPlatform 'TVOSClient'
[2023.10.26-15.10.32:121][  0]LogTargetPlatformManager: Display: Loaded TargetPlatform 'TVOS'
[2023.10.26-15.10.32:242][  0]LogTargetPlatformManager: Display: Loaded TargetPlatform 'WindowsNoEditor'
[2023.10.26-15.10.32:376][  0]LogTargetPlatformManager: Display: Loaded TargetPlatform 'Windows'
[2023.10.26-15.10.32:556][  0]LogTargetPlatformManager: Display: Loaded TargetPlatform 'WindowsClient'
[2023.10.26-15.10.32:855][  0]LogTargetPlatformManager: Display: Loaded TargetPlatform 'WindowsServer'
[2023.10.26-15.10.32:856][  0]LogTargetPlatformManager: Display: Building Assets For Windows
[2023.10.26-15.10.33:168][  0]LogAudioDebug: Display: Lib vorbis DLL was dynamically loaded.
[2023.10.26-15.10.35:013][  0]LogTextureFormatOodle: Display: Oodle Texture 2.9.0 init RDO Off
[2023.10.26-15.10.41:486][  0]LogRendererCore: Ray tracing is disabled. Reason: r.RayTracing=0.
[2023.10.26-15.10.41:616][  0]LogShaderCompilers: Guid format shader working directory is -30 characters bigger than the processId version (../../../../../../Users/ADMIN/Documents/GameDev  Папка Ромы/GitHub/Lesson78/Intermediate/Shaders/WorkingDirectory/15092/).
[2023.10.26-15.10.41:616][  0]LogShaderCompilers: Cleaned the shader compiler working directory 'C:/Users/ADMIN/AppData/Local/Temp/UnrealShaderWorkingDir/5A94413F447D71D4437B25AE19F0E2A2/'.
[2023.10.26-15.10.41:653][  0]LogXGEController: Cannot use XGE Controller as Incredibuild is not installed on this machine.
[2023.10.26-15.10.41:658][  0]LogShaderCompilers: Cannot use XGE Shader Compiler as Incredibuild is not installed on this machine.
[2023.10.26-15.10.41:666][  0]LogShaderCompilers: Display: Using Local Shader Compiler.
[2023.10.26-15.11.05:370][  0]LogDerivedDataCache: Display: Max Cache Size: 512 MB
[2023.10.26-15.11.07:301][  0]LogDerivedDataCache: Loaded boot cache 1.71s 96MB C:/Users/ADMIN/AppData/Local/UnrealEngine/4.27/DerivedDataCache/Boot.ddc.
[2023.10.26-15.11.07:302][  0]LogDerivedDataCache: Display: Loaded Boot cache: C:/Users/ADMIN/AppData/Local/UnrealEngine/4.27/DerivedDataCache/Boot.ddc
[2023.10.26-15.11.07:302][  0]LogDerivedDataCache: FDerivedDataBackendGraph:  Pak pak cache file ../../../../../../Users/ADMIN/Documents/GameDev  Папка Ромы/GitHub/Lesson78/DerivedDataCache/DDC.ddp not found, will not use a pak cache.
[2023.10.26-15.11.07:302][  0]LogDerivedDataCache: Unable to find inner node Pak for hierarchical cache Hierarchy.
[2023.10.26-15.11.07:302][  0]LogDerivedDataCache: FDerivedDataBackendGraph:  CompressedPak pak cache file ../../../../../../Users/ADMIN/Documents/GameDev  Папка Ромы/GitHub/Lesson78/DerivedDataCache/Compressed.ddp not found, will not use a pak cache.
[2023.10.26-15.11.07:302][  0]LogDerivedDataCache: Unable to find inner node CompressedPak for hierarchical cache Hierarchy.
[2023.10.26-15.11.07:400][  0]LogDerivedDataCache: Display: Pak cache opened for reading ../../../Engine/DerivedDataCache/Compressed.ddp.
[2023.10.26-15.11.07:401][  0]LogDerivedDataCache: FDerivedDataBackendGraph:  EnterprisePak pak cache file ../../../Enterprise/DerivedDataCache/Compressed.ddp not found, will not use a pak cache.
[2023.10.26-15.11.07:401][  0]LogDerivedDataCache: Unable to find inner node EnterprisePak for hierarchical cache Hierarchy.
[2023.10.26-15.11.08:379][  0]LogDerivedDataCache: Speed tests for C:/Users/ADMIN/AppData/Local/UnrealEngine/Common/DerivedDataCache took 0.98 seconds
[2023.10.26-15.11.08:379][  0]LogDerivedDataCache: Display: Performance to C:/Users/ADMIN/AppData/Local/UnrealEngine/Common/DerivedDataCache: Latency=30.83ms. RandomReadSpeed=1.54MBs, RandomWriteSpeed=247.59MBs. Assigned SpeedClass 'Ok'
[2023.10.26-15.11.08:380][  0]LogDerivedDataCache: Using Local data cache path C:/Users/ADMIN/AppData/Local/UnrealEngine/Common/DerivedDataCache: Writable
[2023.10.26-15.11.08:380][  0]LogDerivedDataCache: Shared data cache path not found in *engine.ini, will not use an Shared cache.
[2023.10.26-15.11.08:380][  0]LogDerivedDataCache: Unable to find inner node Shared for hierarchical cache Hierarchy.
[2023.10.26-15.11.09:243][  0]LogSlate: Using FreeType 2.10.0
[2023.10.26-15.11.09:922][  0]LogSlate: SlateFontServices - WITH_FREETYPE: 1, WITH_HARFBUZZ: 1
[2023.10.26-15.11.15:828][  0]LogAssetRegistry: FAssetRegistry took 0.0300 seconds to start up
[2023.10.26-15.12.20:852][  0]LogInit: Selected Device Profile: [Windows]
[2023.10.26-15.12.20:852][  0]LogInit: Active device profile: [000001C5EB10D100][000001C5EA1A5B40 49] Windows
[2023.10.26-15.12.20:852][  0]LogInit: Profiles: [000001C5EB10D100][000001C5EA1A5B40 49] Windows, [000001C5EB0EE700][000001C5EA1B4140 49] WindowsNoEditor, [000001C5EB10E200][000001C5EA1B82C0 49] WindowsServer, [000001C5EB0ED900][000001C5EA1BC440 49] WindowsClient, [000001C5EB10D700][000001C5EA1C05C0 49] IOS, [000001C5EB0EE900][000001C5EA1C4740 49] iPadAir, [000001C5EB10FC00][000001C5EA1C88C0 49] iPadAir2, [000001C5EB09D400][000001C5EA1D0B00 49] IPadPro, [000001C5EB09D500][000001C5EA1A8B40 49] iPadAir3, [000001C5EB0EFA00][000001C5EA1D4C80 49] iPadAir4, [000001C5EB09E300][000001C5EA1D8DC0 49] iPadMini2, [000001C5EB0EF100][000001C5EA1E0F40 49] iPadMini3, [000001C5EB09EF00][000001C5EA1E90C0 49] iPadMini4, [000001C5EB0EDE00][000001C5EA1ED240 49] iPadMini5, [000001C5EB0F5000][000001C5EA1F5500 49] iPhone6, [000001C5EB0F5100][000001C5EA1F1540 49] iPodTouch6, [000001C5EB10F900][000001C5EA1FD800 49] iPhone7, [000001C5EB10E900][000001C5EA1F9840 49] iPodTouch7, [000001C5EB09D000][000001C5EA2019C0 49] iPhone5S, [000001C5EB10EF00][000001C5EA205B40 49] iPhone6Plus, [000001C5EB09F600][000001C5EA208140 49] iPhone6S, [000001C5EB10CC00][000001C5EA20C2C0 49] iPhone6SPlus, [000001C5EB10DD00][000001C5EA210440 49] iPhone7Plus, [000001C5EB0F4800][000001C5EA2145C0 49] iPhoneSE, [000001C5EB10C400][000001C5EA218740 49] iPhone8, [000001C5EB0F4900][000001C5EA2208C0 49] iPhone8Plus, [000001C5EB0F6E00][000001C5EA224A40 49] iPhoneX, [000001C5EB09DD00][000001C5EA1DCB80 49] iPhoneXS, [000001C5EB0F6700][000001C5EA228CC0 49] iPhoneXSMax, [000001C5EB09DC00][000001C5EA22CE00 49] iPhoneXR, [000001C5EB0F6800][000001C5EA230F40 49] iPhone11, [000001C5EB09CF00][000001C5EA23D0C0 49] iPhone11Pro, [000001C5EB0F4B00][000001C5EA241240 49] iPhone11ProMax, [000001C5EB09CD00][000001C5EA2453C0 49] iPhoneSE2, [000001C5EB0F4E00][000001C5EA249540 49] iPhone12Mini, [000001C5EB10F800][000001C5EA24D6C0 49] iPhone12, [000001C5EB0F7000][000001C5EA251840 49] iPhone12Pro, [000001C5EB10F700][000001C5EA2599C0 49] iPhone12ProMax, [000001C5EB0F5E00][000001C5EA25DB40 49] iPadPro105, [000001C5EB10D300][000001C5EA260140 49] iPadPro129, [000001C5EB0F7E00][000001C5EA2642C0 49] iPadPro97, [000001C5EB10DC00][000001C5EA268440 49] iPadPro2_129, [000001C5EB0F6000][000001C5EA26C5C0 49] iPad5, [000001C5EB10E300][000001C5EA274740 49] iPad6, [000001C5EB0F7B00][000001C5EA2788C0 49] iPad7, [000001C5EB10DE00][000001C5EA27CA40 49] iPad8, [000001C5EB0F4A00][000001C5EA280BC0 49] iPadPro11, [000001C5EB10E600][000001C5EA284D40 49] iPadPro2_11, [000001C5EB0F4F00][000001C5EA234E80 49] iPadPro3_129, [000001C5EB10E800][000001C5EA28CFC0 49] iPadPro4_129, [000001C5EB0F7C00][000001C5EA291100 49] AppleTV, [000001C5EB10DA00][000001C5EA299280 49] AppleTV4K, [000001C5EB0F6600][000001C5EA29D400 49] TVOS, [000001C5EB10E100][000001C5EA2A1580 49] Mac, [000001C5EB0F6F00][000001C5EA2A5700 49] MacClient, [000001C5EB10EA00][000001C5EA2AD880 49] MacNoEditor, [000001C5EB0F6C00][000001C5EA2B1A00 49] MacServer, [000001C5EB10F000][000001C5EA2B5B80 49] Linux, [000001C5EB0F4400][000001C5EA2B8180 49] LinuxAArch64, [000001C5EB10C700][000001C5EA2BC300 49] LinuxNoEditor, [000001C5EB0F7700][000001C5EA2C0480 49] LinuxAArch64NoEditor, [000001C5EB10FB00][000001C5EA2C8600 49] LinuxClient, [000001C5EB0F7400][000001C5EA2CC780 49] LinuxAArch64Client, [000001C5EB10FE00][000001C5EA2D0900 49] LinuxServer, [000001C5EB0F4700][000001C5EA2D4A80 49] LinuxAArch64Server, [000001C5EB10DF00][000001C5EA2D8C00 49] Android, [000001C5EB0F6A00][000001C5EA2DCD80 49] Android_Low, [000001C5EB10ED00][000001C5EA2E4F00 49] Android_Mid, [000001C5EB0F5F00][000001C5EA295040 49] Android_High, [000001C5EB10EB00][000001C5EA2E9180 49] Android_Default, [000001C5EB0F4100][000001C5EA2ED2C0 49] Android_Adreno4xx, [000001C5EB10C500][000001C5EA2F5440 49] Android_Adreno5xx_Low, [000001C5EB0F5400][000001C5EA2F95C0 49] Android_Adreno5xx, [000001C5EB10F400][000001C5EA301740 49] Android_Adreno6xx, [000001C5EB0F6300][000001C5EA3058C0 49] Android_Adreno6xx_Vulkan, [000001C5EB10FD00][000001C5EA309A40 49] Android_Mali_T6xx, [000001C5EB0F4200][000001C5EA30DBC0 49] Android_Mali_T7xx, [000001C5EB10F600][000001C5EA3101C0 49] Android_Mali_T8xx, [000001C5EB0F7200][000001C5EA314340 49] Android_Mali_G71, [000001C5EB09F100][000001C5EA31C4C0 49] Android_Mali_G72, [000001C5EB0EEF00][000001C5EA320640 49] Android_Mali_G72_Vulkan, [000001C5EB09EB00][000001C5EA3247C0 49] Android_Mali_G76, [000001C5EB0EC500][000001C5EA328940 49] Android_Mali_G76_Vulkan, [000001C5EB09CC00][000001C5EA32CAC0 49] Android_Mali_G77, [000001C5EB0EC600][000001C5EA330C40 49] Android_Mali_G77_Vulkan, [000001C5EB09E400][000001C5EA338DC0 49] Android_Mali_G78, [000001C5EB0ECD00][000001C5EA33CF40 49] Android_Mali_G78_Vulkan, [000001C5EB09FD00][000001C5EA3410C0 49] Android_Mali_G710, [000001C5EB0EEB00][000001C5EA2F1200 49] Android_Mali_G710_Vulkan, [000001C5EB09EA00][000001C5EA345340 49] Android_Vulkan_SM5, [000001C5EB0EDA00][000001C5EA349480 49] Android_PowerVR_G6xxx, [000001C5EB09C500][000001C5EA3515C0 49] Android_PowerVR_GT7xxx, [000001C5EB0EC200][000001C5EA359740 49] Android_PowerVR_GE8xxx, [000001C5EB09FB00][000001C5EA35D8C0 49] Android_PowerVR_GM9xxx, [000001C5EB0EE100][000001C5EA361A40 49] Android_PowerVR_GM9xxx_Vulkan, [000001C5EB09DF00][000001C5EA365BC0 49] Android_TegraK1, [000001C5EB0ECA00][000001C5EA3681C0 49] Android_Unknown_Vulkan, [000001C5EB09F900][000001C5EA370340 49] Lumin, [000001C5EB0ED100][000001C5EA3744C0 49] Lumin_Desktop, [000001C5EB09E000][000001C5EA378640 49] HoloLens, 
[2023.10.26-15.12.31:569][  0]LogMeshReduction: Using QuadricMeshReduction for automatic static mesh reduction
[2023.10.26-15.12.31:569][  0]LogMeshReduction: Using SimplygonMeshReduction for automatic skeletal mesh reduction
[2023.10.26-15.12.31:569][  0]LogMeshReduction: Using ProxyLODMeshReduction for automatic mesh merging
[2023.10.26-15.12.31:569][  0]LogMeshReduction: No distributed automatic mesh merging module available
[2023.10.26-15.12.31:570][  0]LogMeshMerging: No distributed automatic mesh merging module available
[2023.10.26-15.12.32:807][  0]LogNetVersion: MyProject7 1.0.0, NetCL: 17155196, EngineNetVer: 17, GameNetVer: 0 (Checksum: 3183582238)
[2023.10.26-15.13.05:810][  0]LogTexture: Default maximum texture size for cubemaps generated from long-lat sources has been changed from 512 to unlimited. In order to preserve old behaiour for '/Engine/MapTemplates/Sky/DaylightAmbientCubemap.DaylightAmbientCubemap', its maximum texture size has been explicitly set to 512.
[2023.10.26-15.13.09:398][  0]LogHMD: PokeAHoleMaterial loaded successfully
[2023.10.26-15.13.10:448][  0]LogUObjectArray: 17178 objects as part of root set at end of initial load.
[2023.10.26-15.13.10:448][  0]LogUObjectAllocator: 4302048 out of 0 bytes used by permanent object pool.
[2023.10.26-15.13.10:472][  0]LogUObjectArray: CloseDisregardForGC: 0/0 objects in disregard for GC pool
[2023.10.26-15.13.28:779][  0]LogNiagaraDebuggerClient: Niagara Debugger Client Initialized | Session: 833115754FBF151CB64641972607C58F | Instance: B6F06B9C494503F58C7819AD1F86D611 (DESKTOP-U490D8V-15092).
[2023.10.26-15.13.29:226][  0]LogPython: Using Python 3.7.7
[2023.10.26-15.13.34:482][  0]LogTcpMessaging: Initializing TcpMessaging bridge
[2023.10.26-15.13.34:817][  0]LogUdpMessaging: Initializing bridge on interface 0.0.0.0:0 to multicast group 230.0.0.1:6666.
[2023.10.26-15.13.42:859][  0]SourceControl: Source control is disabled
[2023.10.26-15.13.42:879][  0]SourceControl: Source control is disabled
[2023.10.26-15.13.43:239][  0]SourceControl: Source control is disabled
[2023.10.26-15.13.43:334][  0]SourceControl: Source control is disabled
[2023.10.26-15.13.43:716][  0]SourceControl: Source control is disabled
[2023.10.26-15.13.43:844][  0]LogUProjectInfo: Found projects:
[2023.10.26-15.13.49:238][  0]LogOpenImageDenoise: OIDN starting up
[2023.10.26-15.13.50:235][  0]LogAndroidPermission: UAndroidPermissionCallbackProxy::GetInstance
[2023.10.26-15.13.50:575][  0]LogAudioCaptureCore: Display: No Audio Capture implementations found. Audio input will be silent.
[2023.10.26-15.13.50:575][  0]LogAudioCaptureCore: Display: No Audio Capture implementations found. Audio input will be silent.
[2023.10.26-15.13.53:599][  0]LogCollectionManager: Loaded 0 collections in 0.001487 seconds
[2023.10.26-15.13.53:991][  0]LogFileCache: Scanning file cache for directory 'C:/Users/ADMIN/Documents/GameDev  Папка Ромы/GitHub/Lesson78/Saved/Collections/' took 0.05s
[2023.10.26-15.13.53:991][  0]LogFileCache: Scanning file cache for directory 'C:/Users/ADMIN/Documents/GameDev  Папка Ромы/GitHub/Lesson78/Content/Developers/ADMIN/Collections/' took 0.00s
[2023.10.26-15.13.53:991][  0]LogFileCache: Scanning file cache for directory 'C:/Users/ADMIN/Documents/GameDev  Папка Ромы/GitHub/Lesson78/Content/Collections/' took 0.00s
[2023.10.26-15.13.55:135][  0]LogOcInput: OculusInput pre-init called
[2023.10.26-15.14.22:780][  0]LogAutomationTest: Warning: Smoke tests took >2s to run (8.28s). 'FAutomationTestAttemptToFindUninitializedScriptStructMembers' took 6948ms. SmokeFilter tier tests should take less than 1ms. Please optimize or move 'FAutomationTestAttemptToFindUninitializedScriptStructMembers' to a slower tier than SmokeFilter.
[2023.10.26-15.14.23:448][  0]LogEngine: Initializing Engine...
[2023.10.26-15.14.23:907][  0]LogHMD: Failed to enumerate extensions. Please check that you have a valid OpenXR runtime installed.
[2023.10.26-15.14.23:926][  0]LogHMD: Failed to initialize OpenVR with code 110
[2023.10.26-15.14.23:945][  0]LogMagicLeap: Warning: VR disabled because ZI is not enabled.  To enable, in the editor, Edit -> Project Settings -> Plugins -> Magic Leap Plugin -> Enable Zero Iteration
[2023.10.26-15.14.24:389][  0]LogStats: UGameplayTagsManager::InitializeManager -  0.062 s
[2023.10.26-15.14.26:710][  0]LogInit: Initializing FReadOnlyCVARCache
[2023.10.26-15.14.35:198][  0]LogAIModule: Creating AISystem for world Untitled
[2023.10.26-15.14.36:792][  0]LogAudio: Display: Initializing Audio Device Manager...
[2023.10.26-15.14.37:040][  0]LogAudio: Display: Loading Default Audio Settings Objects...
[2023.10.26-15.14.37:447][  0]LogAudio: Display: No default SoundConcurrencyObject specified (or failed to load).
[2023.10.26-15.14.37:878][  0]LogAudio: Display: Audio Device Manager Initialized
[2023.10.26-15.14.37:878][  0]LogAudio: Display: Creating Audio Device:                 Id: 1, Scope: Shared, Realtime: True
[2023.10.26-15.14.38:017][  0]LogAudioMixer: Display: Audio Mixer Platform Settings:
[2023.10.26-15.14.38:017][  0]LogAudioMixer: Display: 	Sample Rate:						  48000
[2023.10.26-15.14.38:021][  0]LogAudioMixer: Display: 	Callback Buffer Frame Size Requested: 1024
[2023.10.26-15.14.38:021][  0]LogAudioMixer: Display: 	Callback Buffer Frame Size To Use:	  1024
[2023.10.26-15.14.38:021][  0]LogAudioMixer: Display: 	Number of buffers to queue:			  2
[2023.10.26-15.14.38:021][  0]LogAudioMixer: Display: 	Max Channels (voices):				  32
[2023.10.26-15.14.38:021][  0]LogAudioMixer: Display: 	Number of Async Source Workers:		  0
[2023.10.26-15.14.38:021][  0]LogAudio: Display: AudioDevice MaxSources: 32
[2023.10.26-15.14.38:066][  0]LogAudio: Display: Audio Spatialization Plugin: None (built-in).
[2023.10.26-15.14.38:066][  0]LogAudio: Display: Audio Reverb Plugin: None (built-in).
[2023.10.26-15.14.38:066][  0]LogAudio: Display: Audio Occlusion Plugin: None (built-in).
[2023.10.26-15.14.38:066][  0]LogAudioMixer: Display: Initializing audio mixer.
[2023.10.26-15.14.38:888][  0]LogAudioMixer: Display: 0: FrontLeft
[2023.10.26-15.14.38:888][  0]LogAudioMixer: Display: 1: FrontRight
[2023.10.26-15.14.39:844][  0]LogAudioMixer: Display: Using Audio Device Наушники (High Definition Audio Device)
[2023.10.26-15.14.39:924][  0]LogAudioMixer: Display: Initializing Sound Submixes...
[2023.10.26-15.14.40:247][  0]LogAudioMixer: Display: Creating Master Submix 'MasterSubmixDefault'
[2023.10.26-15.14.40:247][  0]LogAudioMixer: Display: Creating Master Submix 'MasterReverbSubmixDefault'
[2023.10.26-15.14.40:249][  0]LogAudioMixer: Display: Creating Master Submix 'MasterEQSubmixDefault'
[2023.10.26-15.14.40:250][  0]LogAudioMixer: FMixerPlatformXAudio2::StartAudioStream() called
[2023.10.26-15.14.40:250][  0]LogAudioMixer: Display: Output buffers initialized: Frames=1024, Channels=2, Samples=2048
[2023.10.26-15.14.40:294][  0]LogAudioMixer: Display: Starting AudioMixerPlatformInterface::RunInternal()
[2023.10.26-15.14.40:294][  0]LogAudioMixer: Display: FMixerPlatformXAudio2::SubmitBuffer() called for the first time
[2023.10.26-15.14.40:294][  0]LogAudioMixer: Display: Audio Buffer Underrun (starvation) detected.
[2023.10.26-15.14.40:294][  0]LogInit: FAudioDevice initialized.
[2023.10.26-15.14.40:837][  0]LogAudio: Display: Audio Device (ID: 1) registered with world 'Untitled'.
[2023.10.26-15.14.41:762][  0]LogNetVersion: Set ProjectVersion to 1.0.0.0. Version Checksum will be recalculated on next use.
[2023.10.26-15.14.48:229][  0]LogDerivedDataCache: Saved boot cache 6.36s 96MB C:/Users/ADMIN/AppData/Local/UnrealEngine/4.27/DerivedDataCache/Boot.ddc.
[2023.10.26-15.14.48:233][  0]LogInit: Texture streaming: Enabled
[2023.10.26-15.14.48:242][  0]LogAnalytics: Display: [UEEditor.Rocket.Release] APIServer = https://datarouter.ol.epicgames.com/. AppVersion = 4.27.2-18319896+++UE4+Release-4.27
[2023.10.26-15.14.48:393][  0]LogEngineSessionManager: EngineSessionManager initialized
[2023.10.26-15.14.48:449][  0]LogEditorSessionSummary: Verbose: Initializing EditorSessionSummaryWriter for editor session tracking
[2023.10.26-15.14.48:510][  0]LogEditorSessionSummary: EditorSessionSummaryWriter initialized
[2023.10.26-15.14.50:683][  0]LogInit: Transaction tracking system initialized
[2023.10.26-15.14.52:711][  0]BlueprintLog: New page: Editor Load
[2023.10.26-15.15.01:293][  0]LocalizationService: Localization service is disabled
[2023.10.26-15.15.03:364][  0]TimingProfiler: Initialize
[2023.10.26-15.15.03:365][  0]TimingProfiler: OnSessionChanged
[2023.10.26-15.15.03:365][  0]LoadingProfiler: Initialize
[2023.10.26-15.15.03:366][  0]LoadingProfiler: OnSessionChanged
[2023.10.26-15.15.03:366][  0]NetworkingProfiler: Initialize
[2023.10.26-15.15.03:366][  0]NetworkingProfiler: OnSessionChanged
[2023.10.26-15.15.03:366][  0]MemoryProfiler: Initialize
[2023.10.26-15.15.03:366][  0]MemoryProfiler: OnSessionChanged
[2023.10.26-15.15.43:439][  0]LogFileCache: Scanning file cache for directory 'C:/Users/ADMIN/Documents/GameDev  Папка Ромы/GitHub/Lesson78/Content/' took 0.00s
[2023.10.26-15.15.43:440][  0]LogCook: Display: CookSettings for Memory: MemoryMaxUsedVirtual 0MiB, MemoryMaxUsedPhysical 16384MiB, MemoryMinFreeVirtual 0MiB, MemoryMinFreePhysical 1024MiB
[2023.10.26-15.15.43:440][  0]LogCook: Display: Mobile HDR setting 1
[2023.10.26-15.15.47:912][  0]LogDerivedDataCache: Display: HierarchicalDerivedDataBackend: Put failed, keeping in memory copy MESHDATAKEY_STATICMESH_940C97E946F545F5834146D0D58828BF_ABAB1A9D8145E7F7A9655A1CE42242F4.
[2023.10.26-15.15.47:912][  0]LogDerivedDataCache: Display: Failed to write MESHDATAKEY_STATICMESH_940C97E946F545F5834146D0D58828BF_ABAB1A9D8145E7F7A9655A1CE42242F4 to HierarchicalDerivedDataBackend. Error: 0 (Операция успешно завершена.)
[2023.10.26-15.15.50:070][  0]LogDerivedDataCache: Display: HierarchicalDerivedDataBackend: Put failed, keeping in memory copy MESHDATAKEY_STATICMESH_940C97E946F545F5834146D0D58828BF_2157D1F4844CE3E70070CA7D58D10412.
[2023.10.26-15.15.50:070][  0]LogDerivedDataCache: Display: Failed to write MESHDATAKEY_STATICMESH_940C97E946F545F5834146D0D58828BF_2157D1F4844CE3E70070CA7D58D10412 to HierarchicalDerivedDataBackend. Error: 0 (Операция успешно завершена.)
[2023.10.26-15.15.50:070][  0]LogDerivedDataCache: Display: HierarchicalDerivedDataBackend: Put failed, keeping in memory copy MESHDATAKEY_STATICMESH_940C97E946F545F5834146D0D58828BF_F46ED1FE0BB636E1E1EC3A17DC4099FE.
[2023.10.26-15.15.50:070][  0]LogDerivedDataCache: Display: Failed to write MESHDATAKEY_STATICMESH_940C97E946F545F5834146D0D58828BF_F46ED1FE0BB636E1E1EC3A17DC4099FE to HierarchicalDerivedDataBackend. Error: 0 (Операция успешно завершена.)
[2023.10.26-15.15.50:070][  0]LogDerivedDataCache: Display: HierarchicalDerivedDataBackend: Put failed, keeping in memory copy MESHDATAKEY_STATICMESH_940C97E946F545F5834146D0D58828BF_2E91A85898AF5E229CA7ABE6BAD5BCAF.
[2023.10.26-15.15.50:070][  0]LogDerivedDataCache: Display: Failed to write MESHDATAKEY_STATICMESH_940C97E946F545F5834146D0D58828BF_2E91A85898AF5E229CA7ABE6BAD5BCAF to HierarchicalDerivedDataBackend. Error: 0 (Операция успешно завершена.)
[2023.10.26-15.16.16:596][  0]LogInit: Display: Engine is initialized. Leaving FEngineLoop::Init()
[2023.10.26-15.16.17:879][  0]SourceControl: Source control is disabled
[2023.10.26-15.16.18:232][  0]LogUnrealEdMisc: Loading editor; pre map load, took 373.263
[2023.10.26-15.16.18:318][  0]Cmd: MAP LOAD FILE="../../../Engine/Content/Maps/Templates/Template_Default.umap" TEMPLATE=1 SHOWPROGRESS=1 FEATURELEVEL=3
[2023.10.26-15.16.18:429][  0]LightingResults: New page: Lighting Build
[2023.10.26-15.16.19:217][  0]LogWorld: UWorld::CleanupWorld for Untitled, bSessionEnded=true, bCleanupResources=true
[2023.10.26-15.16.19:618][  0]LogSlate: InvalidateAllWidgets triggered.  All widgets were invalidated
[2023.10.26-15.16.20:133][  0]MapCheck: New page: Map Check
[2023.10.26-15.16.20:133][  0]LightingResults: New page: Lighting Build
[2023.10.26-15.16.22:217][  0]LogAudio: Display: Audio Device unregistered from world 'None'.
[2023.10.26-15.16.23:496][  0]LogUObjectHash: Compacting FUObjectHashTables data took  23.70ms
[2023.10.26-15.16.28:443][  0]LogDerivedDataCache: Display: HierarchicalDerivedDataBackend: Put failed, keeping in memory copy MESHDATAKEY_STATICMESH_940C97E946F545F5834146D0D58828BF_5B5FBB3C90C74720BE02B0A2013BC62C.
[2023.10.26-15.16.28:444][  0]LogDerivedDataCache: Display: Failed to write MESHDATAKEY_STATICMESH_940C97E946F545F5834146D0D58828BF_5B5FBB3C90C74720BE02B0A2013BC62C to HierarchicalDerivedDataBackend. Error: 0 (Операция успешно завершена.)
[2023.10.26-15.16.28:515][  0]LogTexture: Display: Building textures: DeprecatedTextureEB9CBE3C423008B5E8E130901E171C89 (BGRA8, 128X128)
[2023.10.26-15.16.28:786][  0]LogDerivedDataCache: Display: HierarchicalDerivedDataBackend: Put failed, keeping in memory copy MESHDATAKEY_STATICMESH_940C97E946F545F5834146D0D58828BF_3F7081163CA008C844230D71C4B78262.
[2023.10.26-15.16.28:786][  0]LogDerivedDataCache: Display: Failed to write MESHDATAKEY_STATICMESH_940C97E946F545F5834146D0D58828BF_3F7081163CA008C844230D71C4B78262 to HierarchicalDerivedDataBackend. Error: 0 (Операция успешно завершена.)
[2023.10.26-15.16.29:525][  0]LogDerivedDataCache: Display: HierarchicalDerivedDataBackend: Put failed, keeping in memory copy TEXTURE_E01F4250BECD420DA9CE63B5EECEC2C2_BGRA8_4FAFAC5740F3088F5EAC7D89D2A638B__DB5FB7C3064387DEC060E39910C774725A42239E.
[2023.10.26-15.16.29:525][  0]LogDerivedDataCache: Display: Failed to write TEXTURE_E01F4250BECD420DA9CE63B5EECEC2C2_BGRA8_4FAFAC5740F3088F5EAC7D89D2A638B__DB5FB7C3064387DEC060E39910C774725A42239E to HierarchicalDerivedDataBackend. Error: 0 (Операция успешно завершена.)
[2023.10.26-15.16.29:525][  0]LogAudio: Display: Audio Device (ID: 1) registered with world 'Untitled_1'.
[2023.10.26-15.16.29:608][  0]LogAIModule: Creating AISystem for world Untitled_1
[2023.10.26-15.16.32:570][  0]LogEditorServer: Finished looking for orphan Actors (0.000 secs)
[2023.10.26-15.16.33:272][  0]LogUObjectHash: Compacting FUObjectHashTables data took   4.22ms
[2023.10.26-15.16.33:352][  0]Cmd: MAP CHECKDEP NOCLEARLOG
[2023.10.26-15.16.33:415][  0]MapCheck: Map check complete: 0 Error(s), 0 Warning(s), took 62,414ms to complete.
[2023.10.26-15.16.33:425][  0]LogFileHelpers: Loading map 'Template_Default' took 15.108
[2023.10.26-15.16.42:382][  0]LogUnrealEdMisc: Total Editor Startup Time, took 397.493
[2023.10.26-15.16.46:460][  0]LogSlate: Updating window title bar state: overlay mode, drag disabled, window buttons hidden, title bar hidden
[2023.10.26-15.16.46:477][  0]LogSlate: Updating window title bar state: overlay mode, drag disabled, window buttons hidden, title bar hidden
[2023.10.26-15.16.46:485][  0]LogSlate: Updating window title bar state: overlay mode, drag disabled, window buttons hidden, title bar hidden
[2023.10.26-15.16.46:495][  0]LogSlate: Updating window title bar state: overlay mode, drag disabled, window buttons hidden, title bar hidden
[2023.10.26-15.16.47:734][  0]LogNativeClassHierarchy: Verbose: Native class hierarchy populated in 0.1500 seconds. Added 3822 classes and 928 folders.
[2023.10.26-15.16.48:994][  0]LogNativeClassHierarchy: Verbose: Native class hierarchy updated for 'WidgetCarousel' in 0.0005 seconds. Added 0 classes and 0 folders.
[2023.10.26-15.16.49:855][  0]LogPakFile: PakFile PrimaryIndexSize=187
[2023.10.26-15.16.49:855][  0]LogPakFile: PakFile PathHashIndexSize=101
[2023.10.26-15.16.49:855][  0]LogPakFile: PakFile FullDirectoryIndexSize=148
[2023.10.26-15.16.50:153][  0]LogShaderLibrary: Display: ShaderCodeLibraryPakFileMountedCallback: PakFile 'C:/Program Files/Epic Games/UE_4.27/FeaturePacks/FP_FirstPerson.upack' (chunk index -1, root 'root:/') mounted
[2023.10.26-15.16.50:231][  0]LogShaderLibrary: Display: ShaderCodeLibraryPakFileMountedCallback: pending pak file info (ChunkID:-1 Root:root:/ File:C:/Program Files/Epic Games/UE_4.27/FeaturePacks/FP_FirstPerson.upack)
[2023.10.26-15.16.50:241][  0]LogPakFile: OnPakFileMounted2Time == 0.385999
[2023.10.26-15.16.50:303][  0]LogPakFile: PakFile PrimaryIndexSize=189
[2023.10.26-15.16.50:303][  0]LogPakFile: PakFile PathHashIndexSize=101
[2023.10.26-15.16.50:303][  0]LogPakFile: PakFile FullDirectoryIndexSize=152
[2023.10.26-15.16.50:303][  0]LogShaderLibrary: Display: ShaderCodeLibraryPakFileMountedCallback: PakFile 'C:/Program Files/Epic Games/UE_4.27/FeaturePacks/FP_FirstPersonBP.upack' (chunk index -1, root 'root:/') mounted
[2023.10.26-15.16.50:303][  0]LogShaderLibrary: Display: ShaderCodeLibraryPakFileMountedCallback: pending pak file info (ChunkID:-1 Root:root:/ File:C:/Program Files/Epic Games/UE_4.27/FeaturePacks/FP_FirstPersonBP.upack)
[2023.10.26-15.16.50:303][  0]LogPakFile: OnPakFileMounted2Time == 0.000055
[2023.10.26-15.16.50:326][  0]LogPakFile: PakFile PrimaryIndexSize=191
[2023.10.26-15.16.50:326][  0]LogPakFile: PakFile PathHashIndexSize=101
[2023.10.26-15.16.50:326][  0]LogPakFile: PakFile FullDirectoryIndexSize=160
[2023.10.26-15.16.50:326][  0]LogShaderLibrary: Display: ShaderCodeLibraryPakFileMountedCallback: PakFile 'C:/Program Files/Epic Games/UE_4.27/FeaturePacks/MobileStarterContent.upack' (chunk index -1, root 'root:/') mounted
[2023.10.26-15.16.50:326][  0]LogShaderLibrary: Display: ShaderCodeLibraryPakFileMountedCallback: pending pak file info (ChunkID:-1 Root:root:/ File:C:/Program Files/Epic Games/UE_4.27/FeaturePacks/MobileStarterContent.upack)
[2023.10.26-15.16.50:326][  0]LogPakFile: OnPakFileMounted2Time == 0.000046
[2023.10.26-15.16.50:348][  0]LogPakFile: PakFile PrimaryIndexSize=185
[2023.10.26-15.16.50:348][  0]LogPakFile: PakFile PathHashIndexSize=101
[2023.10.26-15.16.50:348][  0]LogPakFile: PakFile FullDirectoryIndexSize=148
[2023.10.26-15.16.50:348][  0]LogShaderLibrary: Display: ShaderCodeLibraryPakFileMountedCallback: PakFile 'C:/Program Files/Epic Games/UE_4.27/FeaturePacks/StarterContent.upack' (chunk index -1, root 'root:/') mounted
[2023.10.26-15.16.50:348][  0]LogShaderLibrary: Display: ShaderCodeLibraryPakFileMountedCallback: pending pak file info (ChunkID:-1 Root:root:/ File:C:/Program Files/Epic Games/UE_4.27/FeaturePacks/StarterContent.upack)
[2023.10.26-15.16.50:348][  0]LogPakFile: OnPakFileMounted2Time == 0.000063
[2023.10.26-15.16.50:358][  0]LogPakFile: PakFile PrimaryIndexSize=190
[2023.10.26-15.16.50:358][  0]LogPakFile: PakFile PathHashIndexSize=101
[2023.10.26-15.16.50:358][  0]LogPakFile: PakFile FullDirectoryIndexSize=154
[2023.10.26-15.16.50:358][  0]LogShaderLibrary: Display: ShaderCodeLibraryPakFileMountedCallback: PakFile 'C:/Program Files/Epic Games/UE_4.27/FeaturePacks/TP_2DSideScroller.upack' (chunk index -1, root 'root:/') mounted
[2023.10.26-15.16.50:358][  0]LogShaderLibrary: Display: ShaderCodeLibraryPakFileMountedCallback: pending pak file info (ChunkID:-1 Root:root:/ File:C:/Program Files/Epic Games/UE_4.27/FeaturePacks/TP_2DSideScroller.upack)
[2023.10.26-15.16.50:358][  0]LogPakFile: OnPakFileMounted2Time == 0.000063
[2023.10.26-15.16.50:377][  0]LogPakFile: PakFile PrimaryIndexSize=192
[2023.10.26-15.16.50:377][  0]LogPakFile: PakFile PathHashIndexSize=101
[2023.10.26-15.16.50:377][  0]LogPakFile: PakFile FullDirectoryIndexSize=158
[2023.10.26-15.16.50:377][  0]LogShaderLibrary: Display: ShaderCodeLibraryPakFileMountedCallback: PakFile 'C:/Program Files/Epic Games/UE_4.27/FeaturePacks/TP_2DSideScrollerBP.upack' (chunk index -1, root 'root:/') mounted
[2023.10.26-15.16.50:377][  0]LogShaderLibrary: Display: ShaderCodeLibraryPakFileMountedCallback: pending pak file info (ChunkID:-1 Root:root:/ File:C:/Program Files/Epic Games/UE_4.27/FeaturePacks/TP_2DSideScrollerBP.upack)
[2023.10.26-15.16.50:377][  0]LogPakFile: OnPakFileMounted2Time == 0.000055
[2023.10.26-15.16.50:394][  0]LogPakFile: PakFile PrimaryIndexSize=182
[2023.10.26-15.16.50:394][  0]LogPakFile: PakFile PathHashIndexSize=101
[2023.10.26-15.16.50:394][  0]LogPakFile: PakFile FullDirectoryIndexSize=138
[2023.10.26-15.16.50:394][  0]LogShaderLibrary: Display: ShaderCodeLibraryPakFileMountedCallback: PakFile 'C:/Program Files/Epic Games/UE_4.27/FeaturePacks/TP_Flying.upack' (chunk index -1, root 'root:/') mounted
[2023.10.26-15.16.50:394][  0]LogShaderLibrary: Display: ShaderCodeLibraryPakFileMountedCallback: pending pak file info (ChunkID:-1 Root:root:/ File:C:/Program Files/Epic Games/UE_4.27/FeaturePacks/TP_Flying.upack)
[2023.10.26-15.16.50:394][  0]LogPakFile: OnPakFileMounted2Time == 0.000051
[2023.10.26-15.16.50:395][  0]LogPakFile: PakFile PrimaryIndexSize=184
[2023.10.26-15.16.50:395][  0]LogPakFile: PakFile PathHashIndexSize=101
[2023.10.26-15.16.50:395][  0]LogPakFile: PakFile FullDirectoryIndexSize=142
[2023.10.26-15.16.50:395][  0]LogShaderLibrary: Display: ShaderCodeLibraryPakFileMountedCallback: PakFile 'C:/Program Files/Epic Games/UE_4.27/FeaturePacks/TP_FlyingBP.upack' (chunk index -1, root 'root:/') mounted
[2023.10.26-15.16.50:395][  0]LogShaderLibrary: Display: ShaderCodeLibraryPakFileMountedCallback: pending pak file info (ChunkID:-1 Root:root:/ File:C:/Program Files/Epic Games/UE_4.27/FeaturePacks/TP_FlyingBP.upack)
[2023.10.26-15.16.50:395][  0]LogPakFile: OnPakFileMounted2Time == 0.000051
[2023.10.26-15.16.50:405][  0]LogPakFile: PakFile PrimaryIndexSize=188
[2023.10.26-15.16.50:406][  0]LogPakFile: PakFile PathHashIndexSize=101
[2023.10.26-15.16.50:406][  0]LogPakFile: PakFile FullDirectoryIndexSize=150
[2023.10.26-15.16.50:406][  0]LogShaderLibrary: Display: ShaderCodeLibraryPakFileMountedCallback: PakFile 'C:/Program Files/Epic Games/UE_4.27/FeaturePacks/TP_HandheldARBP.upack' (chunk index -1, root 'root:/') mounted
[2023.10.26-15.16.50:406][  0]LogShaderLibrary: Display: ShaderCodeLibraryPakFileMountedCallback: pending pak file info (ChunkID:-1 Root:root:/ File:C:/Program Files/Epic Games/UE_4.27/FeaturePacks/TP_HandheldARBP.upack)
[2023.10.26-15.16.50:406][  0]LogPakFile: OnPakFileMounted2Time == 0.000057
[2023.10.26-15.16.50:533][  0]LogPakFile: PakFile PrimaryIndexSize=182
[2023.10.26-15.16.50:533][  0]LogPakFile: PakFile PathHashIndexSize=101
[2023.10.26-15.16.50:533][  0]LogPakFile: PakFile FullDirectoryIndexSize=138
[2023.10.26-15.16.50:533][  0]LogShaderLibrary: Display: ShaderCodeLibraryPakFileMountedCallback: PakFile 'C:/Program Files/Epic Games/UE_4.27/FeaturePacks/TP_Puzzle.upack' (chunk index -1, root 'root:/') mounted
[2023.10.26-15.16.50:533][  0]LogShaderLibrary: Display: ShaderCodeLibraryPakFileMountedCallback: pending pak file info (ChunkID:-1 Root:root:/ File:C:/Program Files/Epic Games/UE_4.27/FeaturePacks/TP_Puzzle.upack)
[2023.10.26-15.16.50:533][  0]LogPakFile: OnPakFileMounted2Time == 0.000058
[2023.10.26-15.16.50:539][  0]LogPakFile: PakFile PrimaryIndexSize=184
[2023.10.26-15.16.50:539][  0]LogPakFile: PakFile PathHashIndexSize=101
[2023.10.26-15.16.50:539][  0]LogPakFile: PakFile FullDirectoryIndexSize=142
[2023.10.26-15.16.50:540][  0]LogShaderLibrary: Display: ShaderCodeLibraryPakFileMountedCallback: PakFile 'C:/Program Files/Epic Games/UE_4.27/FeaturePacks/TP_PuzzleBP.upack' (chunk index -1, root 'root:/') mounted
[2023.10.26-15.16.50:540][  0]LogShaderLibrary: Display: ShaderCodeLibraryPakFileMountedCallback: pending pak file info (ChunkID:-1 Root:root:/ File:C:/Program Files/Epic Games/UE_4.27/FeaturePacks/TP_PuzzleBP.upack)
[2023.10.26-15.16.50:540][  0]LogPakFile: OnPakFileMounted2Time == 0.000053
[2023.10.26-15.16.50:549][  0]LogPakFile: PakFile PrimaryIndexSize=183
[2023.10.26-15.16.50:549][  0]LogPakFile: PakFile PathHashIndexSize=101
[2023.10.26-15.16.50:549][  0]LogPakFile: PakFile FullDirectoryIndexSize=140
[2023.10.26-15.16.50:549][  0]LogShaderLibrary: Display: ShaderCodeLibraryPakFileMountedCallback: PakFile 'C:/Program Files/Epic Games/UE_4.27/FeaturePacks/TP_Rolling.upack' (chunk index -1, root 'root:/') mounted
[2023.10.26-15.16.50:549][  0]LogShaderLibrary: Display: ShaderCodeLibraryPakFileMountedCallback: pending pak file info (ChunkID:-1 Root:root:/ File:C:/Program Files/Epic Games/UE_4.27/FeaturePacks/TP_Rolling.upack)
[2023.10.26-15.16.50:549][  0]LogPakFile: OnPakFileMounted2Time == 0.000043
[2023.10.26-15.16.50:562][  0]LogPakFile: PakFile PrimaryIndexSize=185
[2023.10.26-15.16.50:562][  0]LogPakFile: PakFile PathHashIndexSize=101
[2023.10.26-15.16.50:562][  0]LogPakFile: PakFile FullDirectoryIndexSize=144
[2023.10.26-15.16.50:562][  0]LogShaderLibrary: Display: ShaderCodeLibraryPakFileMountedCallback: PakFile 'C:/Program Files/Epic Games/UE_4.27/FeaturePacks/TP_RollingBP.upack' (chunk index -1, root 'root:/') mounted
[2023.10.26-15.16.50:562][  0]LogShaderLibrary: Display: ShaderCodeLibraryPakFileMountedCallback: pending pak file info (ChunkID:-1 Root:root:/ File:C:/Program Files/Epic Games/UE_4.27/FeaturePacks/TP_RollingBP.upack)
[2023.10.26-15.16.50:562][  0]LogPakFile: OnPakFileMounted2Time == 0.000047
[2023.10.26-15.16.50:576][  0]LogPakFile: PakFile PrimaryIndexSize=188
[2023.10.26-15.16.50:576][  0]LogPakFile: PakFile PathHashIndexSize=101
[2023.10.26-15.16.50:576][  0]LogPakFile: PakFile FullDirectoryIndexSize=150
[2023.10.26-15.16.50:576][  0]LogShaderLibrary: Display: ShaderCodeLibraryPakFileMountedCallback: PakFile 'C:/Program Files/Epic Games/UE_4.27/FeaturePacks/TP_SideScroller.upack' (chunk index -1, root 'root:/') mounted
[2023.10.26-15.16.50:576][  0]LogShaderLibrary: Display: ShaderCodeLibraryPakFileMountedCallback: pending pak file info (ChunkID:-1 Root:root:/ File:C:/Program Files/Epic Games/UE_4.27/FeaturePacks/TP_SideScroller.upack)
[2023.10.26-15.16.50:576][  0]LogPakFile: OnPakFileMounted2Time == 0.000050
[2023.10.26-15.16.50:582][  0]LogPakFile: PakFile PrimaryIndexSize=190
[2023.10.26-15.16.50:582][  0]LogPakFile: PakFile PathHashIndexSize=101
[2023.10.26-15.16.50:582][  0]LogPakFile: PakFile FullDirectoryIndexSize=154
[2023.10.26-15.16.50:582][  0]LogShaderLibrary: Display: ShaderCodeLibraryPakFileMountedCallback: PakFile 'C:/Program Files/Epic Games/UE_4.27/FeaturePacks/TP_SideScrollerBP.upack' (chunk index -1, root 'root:/') mounted
[2023.10.26-15.16.50:582][  0]LogShaderLibrary: Display: ShaderCodeLibraryPakFileMountedCallback: pending pak file info (ChunkID:-1 Root:root:/ File:C:/Program Files/Epic Games/UE_4.27/FeaturePacks/TP_SideScrollerBP.upack)
[2023.10.26-15.16.50:582][  0]LogPakFile: OnPakFileMounted2Time == 0.000053
[2023.10.26-15.16.50:590][  0]LogPakFile: PakFile PrimaryIndexSize=187
[2023.10.26-15.16.50:590][  0]LogPakFile: PakFile PathHashIndexSize=101
[2023.10.26-15.16.50:590][  0]LogPakFile: PakFile FullDirectoryIndexSize=148
[2023.10.26-15.16.50:590][  0]LogShaderLibrary: Display: ShaderCodeLibraryPakFileMountedCallback: PakFile 'C:/Program Files/Epic Games/UE_4.27/FeaturePacks/TP_ThirdPerson.upack' (chunk index -1, root 'root:/') mounted
[2023.10.26-15.16.50:590][  0]LogShaderLibrary: Display: ShaderCodeLibraryPakFileMountedCallback: pending pak file info (ChunkID:-1 Root:root:/ File:C:/Program Files/Epic Games/UE_4.27/FeaturePacks/TP_ThirdPerson.upack)
[2023.10.26-15.16.50:590][  0]LogPakFile: OnPakFileMounted2Time == 0.000045
[2023.10.26-15.16.50:603][  0]LogPakFile: PakFile PrimaryIndexSize=189
[2023.10.26-15.16.50:603][  0]LogPakFile: PakFile PathHashIndexSize=101
[2023.10.26-15.16.50:603][  0]LogPakFile: PakFile FullDirectoryIndexSize=152
[2023.10.26-15.16.50:603][  0]LogShaderLibrary: Display: ShaderCodeLibraryPakFileMountedCallback: PakFile 'C:/Program Files/Epic Games/UE_4.27/FeaturePacks/TP_ThirdPersonBP.upack' (chunk index -1, root 'root:/') mounted
[2023.10.26-15.16.50:603][  0]LogShaderLibrary: Display: ShaderCodeLibraryPakFileMountedCallback: pending pak file info (ChunkID:-1 Root:root:/ File:C:/Program Files/Epic Games/UE_4.27/FeaturePacks/TP_ThirdPersonBP.upack)
[2023.10.26-15.16.50:603][  0]LogPakFile: OnPakFileMounted2Time == 0.000045
[2023.10.26-15.16.50:619][  0]LogPakFile: PakFile PrimaryIndexSize=183
[2023.10.26-15.16.50:619][  0]LogPakFile: PakFile PathHashIndexSize=101
[2023.10.26-15.16.50:619][  0]LogPakFile: PakFile FullDirectoryIndexSize=140
[2023.10.26-15.16.50:619][  0]LogShaderLibrary: Display: ShaderCodeLibraryPakFileMountedCallback: PakFile 'C:/Program Files/Epic Games/UE_4.27/FeaturePacks/TP_TopDown.upack' (chunk index -1, root 'root:/') mounted
[2023.10.26-15.16.50:619][  0]LogShaderLibrary: Display: ShaderCodeLibraryPakFileMountedCallback: pending pak file info (ChunkID:-1 Root:root:/ File:C:/Program Files/Epic Games/UE_4.27/FeaturePacks/TP_TopDown.upack)
[2023.10.26-15.16.50:619][  0]LogPakFile: OnPakFileMounted2Time == 0.000058
[2023.10.26-15.16.50:692][  0]LogPakFile: PakFile PrimaryIndexSize=185
[2023.10.26-15.16.50:692][  0]LogPakFile: PakFile PathHashIndexSize=101
[2023.10.26-15.16.50:692][  0]LogPakFile: PakFile FullDirectoryIndexSize=144
[2023.10.26-15.16.50:692][  0]LogShaderLibrary: Display: ShaderCodeLibraryPakFileMountedCallback: PakFile 'C:/Program Files/Epic Games/UE_4.27/FeaturePacks/TP_TopDownBP.upack' (chunk index -1, root 'root:/') mounted
[2023.10.26-15.16.50:692][  0]LogShaderLibrary: Display: ShaderCodeLibraryPakFileMountedCallback: pending pak file info (ChunkID:-1 Root:root:/ File:C:/Program Files/Epic Games/UE_4.27/FeaturePacks/TP_TopDownBP.upack)
[2023.10.26-15.16.50:692][  0]LogPakFile: OnPakFileMounted2Time == 0.000056
[2023.10.26-15.16.50:709][  0]LogPakFile: PakFile PrimaryIndexSize=185
[2023.10.26-15.16.50:709][  0]LogPakFile: PakFile PathHashIndexSize=101
[2023.10.26-15.16.50:709][  0]LogPakFile: PakFile FullDirectoryIndexSize=144
[2023.10.26-15.16.50:709][  0]LogShaderLibrary: Display: ShaderCodeLibraryPakFileMountedCallback: PakFile 'C:/Program Files/Epic Games/UE_4.27/FeaturePacks/TP_TwinStick.upack' (chunk index -1, root 'root:/') mounted
[2023.10.26-15.16.50:709][  0]LogShaderLibrary: Display: ShaderCodeLibraryPakFileMountedCallback: pending pak file info (ChunkID:-1 Root:root:/ File:C:/Program Files/Epic Games/UE_4.27/FeaturePacks/TP_TwinStick.upack)
[2023.10.26-15.16.50:709][  0]LogPakFile: OnPakFileMounted2Time == 0.000041
[2023.10.26-15.16.50:773][  0]LogPakFile: PakFile PrimaryIndexSize=187
[2023.10.26-15.16.50:773][  0]LogPakFile: PakFile PathHashIndexSize=101
[2023.10.26-15.16.50:773][  0]LogPakFile: PakFile FullDirectoryIndexSize=148
[2023.10.26-15.16.50:773][  0]LogShaderLibrary: Display: ShaderCodeLibraryPakFileMountedCallback: PakFile 'C:/Program Files/Epic Games/UE_4.27/FeaturePacks/TP_TwinStickBP.upack' (chunk index -1, root 'root:/') mounted
[2023.10.26-15.16.50:773][  0]LogShaderLibrary: Display: ShaderCodeLibraryPakFileMountedCallback: pending pak file info (ChunkID:-1 Root:root:/ File:C:/Program Files/Epic Games/UE_4.27/FeaturePacks/TP_TwinStickBP.upack)
[2023.10.26-15.16.50:773][  0]LogPakFile: OnPakFileMounted2Time == 0.000051
[2023.10.26-15.16.50:801][  0]LogPakFile: PakFile PrimaryIndexSize=183
[2023.10.26-15.16.50:801][  0]LogPakFile: PakFile PathHashIndexSize=101
[2023.10.26-15.16.50:801][  0]LogPakFile: PakFile FullDirectoryIndexSize=140
[2023.10.26-15.16.50:801][  0]LogShaderLibrary: Display: ShaderCodeLibraryPakFileMountedCallback: PakFile 'C:/Program Files/Epic Games/UE_4.27/FeaturePacks/TP_Vehicle.upack' (chunk index -1, root 'root:/') mounted
[2023.10.26-15.16.50:801][  0]LogShaderLibrary: Display: ShaderCodeLibraryPakFileMountedCallback: pending pak file info (ChunkID:-1 Root:root:/ File:C:/Program Files/Epic Games/UE_4.27/FeaturePacks/TP_Vehicle.upack)
[2023.10.26-15.16.50:801][  0]LogPakFile: OnPakFileMounted2Time == 0.000046
[2023.10.26-15.16.50:845][  0]LogPakFile: PakFile PrimaryIndexSize=186
[2023.10.26-15.16.50:845][  0]LogPakFile: PakFile PathHashIndexSize=101
[2023.10.26-15.16.50:845][  0]LogPakFile: PakFile FullDirectoryIndexSize=146
[2023.10.26-15.16.50:845][  0]LogShaderLibrary: Display: ShaderCodeLibraryPakFileMountedCallback: PakFile 'C:/Program Files/Epic Games/UE_4.27/FeaturePacks/TP_VehicleAdv.upack' (chunk index -1, root 'root:/') mounted
[2023.10.26-15.16.50:845][  0]LogShaderLibrary: Display: ShaderCodeLibraryPakFileMountedCallback: pending pak file info (ChunkID:-1 Root:root:/ File:C:/Program Files/Epic Games/UE_4.27/FeaturePacks/TP_VehicleAdv.upack)
[2023.10.26-15.16.50:845][  0]LogPakFile: OnPakFileMounted2Time == 0.000053
[2023.10.26-15.16.50:857][  0]LogPakFile: PakFile PrimaryIndexSize=188
[2023.10.26-15.16.50:857][  0]LogPakFile: PakFile PathHashIndexSize=101
[2023.10.26-15.16.50:857][  0]LogPakFile: PakFile FullDirectoryIndexSize=150
[2023.10.26-15.16.50:857][  0]LogShaderLibrary: Display: ShaderCodeLibraryPakFileMountedCallback: PakFile 'C:/Program Files/Epic Games/UE_4.27/FeaturePacks/TP_VehicleAdvBP.upack' (chunk index -1, root 'root:/') mounted
[2023.10.26-15.16.50:857][  0]LogShaderLibrary: Display: ShaderCodeLibraryPakFileMountedCallback: pending pak file info (ChunkID:-1 Root:root:/ File:C:/Program Files/Epic Games/UE_4.27/FeaturePacks/TP_VehicleAdvBP.upack)
[2023.10.26-15.16.50:857][  0]LogPakFile: OnPakFileMounted2Time == 0.000061
[2023.10.26-15.16.50:865][  0]LogPakFile: PakFile PrimaryIndexSize=185
[2023.10.26-15.16.50:865][  0]LogPakFile: PakFile PathHashIndexSize=101
[2023.10.26-15.16.50:865][  0]LogPakFile: PakFile FullDirectoryIndexSize=144
[2023.10.26-15.16.50:865][  0]LogShaderLibrary: Display: ShaderCodeLibraryPakFileMountedCallback: PakFile 'C:/Program Files/Epic Games/UE_4.27/FeaturePacks/TP_VehicleBP.upack' (chunk index -1, root 'root:/') mounted
[2023.10.26-15.16.50:865][  0]LogShaderLibrary: Display: ShaderCodeLibraryPakFileMountedCallback: pending pak file info (ChunkID:-1 Root:root:/ File:C:/Program Files/Epic Games/UE_4.27/FeaturePacks/TP_VehicleBP.upack)
[2023.10.26-15.16.50:865][  0]LogPakFile: OnPakFileMounted2Time == 0.000064
[2023.10.26-15.16.50:965][  0]LogPakFile: PakFile PrimaryIndexSize=192
[2023.10.26-15.16.50:965][  0]LogPakFile: PakFile PathHashIndexSize=101
[2023.10.26-15.16.50:965][  0]LogPakFile: PakFile FullDirectoryIndexSize=158
[2023.10.26-15.16.50:965][  0]LogShaderLibrary: Display: ShaderCodeLibraryPakFileMountedCallback: PakFile 'C:/Program Files/Epic Games/UE_4.27/FeaturePacks/TP_VirtualRealityBP.upack' (chunk index -1, root 'root:/') mounted
[2023.10.26-15.16.50:965][  0]LogShaderLibrary: Display: ShaderCodeLibraryPakFileMountedCallback: pending pak file info (ChunkID:-1 Root:root:/ File:C:/Program Files/Epic Games/UE_4.27/FeaturePacks/TP_VirtualRealityBP.upack)
[2023.10.26-15.16.50:965][  0]LogPakFile: OnPakFileMounted2Time == 0.000048
[2023.10.26-15.16.55:401][  0]LogNativeClassHierarchy: Verbose: Native class hierarchy updated for 'AddContentDialog' in 0.0004 seconds. Added 0 classes and 0 folders.
[2023.10.26-15.16.55:566][  0]LogNativeClassHierarchy: Verbose: Native class hierarchy updated for 'SceneOutliner' in 0.0004 seconds. Added 2 classes and 0 folders.
[2023.10.26-15.17.07:357][  0]LogSlate: Only BGRA pngs, bmps or icos are supported in by External Image Picker
[2023.10.26-15.17.10:795][  0]LogSlate: Took 0.432281 seconds to synchronously load lazily loaded font '../../../Engine/Content/Slate/Fonts/Roboto-Regular.ttf' (155K)
[2023.10.26-15.17.12:025][  0]LogSlate: Took 0.050561 seconds to synchronously load lazily loaded font '../../../Engine/Content/Editor/Slate/Fonts/FontAwesome.ttf' (139K)
[2023.10.26-15.17.12:357][  0]LogSlate: Took 0.058818 seconds to synchronously load lazily loaded font '../../../Engine/Content/Slate/Fonts/Roboto-Bold.ttf' (160K)
[2023.10.26-15.17.17:691][  0]LogRenderer: Reallocating scene render targets to support 1208x572 Format 10 NumSamples 1 (Frame:1).
[2023.10.26-15.17.25:934][  0]LogNativeClassHierarchy: Verbose: Native class hierarchy updated for 'HierarchicalLODOutliner' in 0.0004 seconds. Added 0 classes and 0 folders.
[2023.10.26-15.17.25:935][  0]LogLoad: (Engine Initialization) Total time: 441.05 seconds
[2023.10.26-15.17.25:935][  0]LogLoad: (Engine Initialization) Total Blueprint compile time: 0.00 seconds
[2023.10.26-15.17.30:714][  0]LogContentStreaming: Texture pool size now 1000 MB
[2023.10.26-15.17.44:910][ 10]LogSlate: Took 0.060885 seconds to synchronously load lazily loaded font '../../../Engine/Content/Slate/Fonts/Roboto-Light.ttf' (167K)
[2023.10.26-15.17.48:947][ 42]LogAssetRegistry: Asset discovery search completed in 393.1180 seconds
[2023.10.26-15.17.49:810][ 42]LogCollectionManager: Fixed up redirectors for 0 collections in 0.070385 seconds (updated 0 objects)
[2023.10.26-15.18.44:599][872]LogActorFactory: Actor Factory created Cube
[2023.10.26-15.18.48:793][134]LogActorFactory: Actor Factory created Cube
[2023.10.26-15.18.51:131][134]LogEditorViewport: Clicking on Actor (LMB): StaticMeshActor (Cube)
[2023.10.26-15.19.25:075][785]LogSlate: Took 0.016926 seconds to synchronously load lazily loaded font '../../../Engine/Content/Slate/Fonts/Roboto-Italic.ttf' (157K)
[2023.10.26-15.19.25:555][817]LogEditorViewport: Clicking on Actor (LMB): StaticMeshActor (Floor)
[2023.10.26-15.19.26:472][876]LogEditorViewport: Clicking on Actor (LMB): StaticMeshActor (Cube)
[2023.10.26-15.19.35:385][372]LogEditorViewport: Clicking on Actor (LMB): BP_Sky_Sphere_C (Sky Sphere)
[2023.10.26-15.19.36:695][442]LogEditorViewport: Clicking on Actor (LMB): BP_Sky_Sphere_C (Sky Sphere)
[2023.10.26-15.19.37:312][485]LogEditorViewport: Clicking on Actor (LMB): BP_Sky_Sphere_C (Sky Sphere)
[2023.10.26-15.19.38:264][550]LogEditorViewport: Clicking on Actor (LMB): StaticMeshActor (Floor)
[2023.10.26-15.19.39:207][613]LogEditorViewport: Clicking on Actor (LMB): BP_Sky_Sphere_C (Sky Sphere)
[2023.10.26-15.19.40:704][714]LogEditorViewport: Clicking on Actor (LMB): BP_Sky_Sphere_C (Sky Sphere)
[2023.10.26-15.22.20:345][140]LogSlate: Window 'Save Level As' being destroyed
