Log file open, 10/26/23 21:23:10
LogWindows: Failed to load 'aqProf.dll' (GetLastError=126)
LogWindows: File 'aqProf.dll' does not exist
LogWindows: Failed to load 'VtuneApi.dll' (GetLastError=126)
LogWindows: File 'VtuneApi.dll' does not exist
LogWindows: Failed to load 'VtuneApi32e.dll' (GetLastError=126)
LogWindows: File 'VtuneApi32e.dll' does not exist
LogConsoleResponse: Display: Failed to find resolution value strings in scalability ini. Falling back to default.
LogConsoleResponse: Display: Failed to find resolution value strings in scalability ini. Falling back to default.
LogInit: Display: Running engine for game: MyProject7
LogPlatformFile: Not using cached read wrapper
LogTaskGraph: Started task graph with 5 named threads and 20 total threads with 3 sets of task threads.
LogStats: Stats thread started at 12.229673
LogICUInternationalization: ICU TimeZone Detection - Raw Offset: +6:00, Platform Override: ''
LogInit: Display: Loading text-based GConfig....
LogPluginManager: Mounting plugin MeshPainting
LogPluginManager: Mounting plugin XGEController
LogPluginManager: Mounting plugin EnvironmentQueryEditor
LogPluginManager: Mounting plugin Paper2D
LogPluginManager: Mounting plugin LiveLink
LogPluginManager: Mounting plugin AISupport
LogPluginManager: Mounting plugin LightPropagationVolume
LogPluginManager: Mounting plugin CameraShakePreviewer
LogPluginManager: Mounting plugin GameplayCameras
LogPluginManager: Mounting plugin AnimationSharing
LogPluginManager: Mounting plugin CodeLiteSourceCodeAccess
LogPluginManager: Mounting plugin CLionSourceCodeAccess
LogPluginManager: Mounting plugin GitSourceControl
LogPluginManager: Mounting plugin KDevelopSourceCodeAccess
LogPluginManager: Mounting plugin NullSourceCodeAccess
LogPluginManager: Mounting plugin PerforceSourceControl
LogPluginManager: Mounting plugin PixWinPlugin
LogPluginManager: Mounting plugin PlasticSourceControl
LogPluginManager: Mounting plugin PluginUtils
LogPluginManager: Mounting plugin PropertyAccessNode
LogPluginManager: Mounting plugin RiderSourceCodeAccess
LogPluginManager: Mounting plugin SubversionSourceControl
LogPluginManager: Mounting plugin TextureFormatOodle
LogPluginManager: Mounting plugin AssetManagerEditor
LogPluginManager: Mounting plugin UObjectPlugin
LogPluginManager: Mounting plugin VisualStudioCodeSourceCodeAccess
LogPluginManager: Mounting plugin VisualStudioSourceCodeAccess
LogPluginManager: Mounting plugin XCodeSourceCodeAccess
LogPluginManager: Mounting plugin CryptoKeys
LogPluginManager: Mounting plugin GeometryMode
LogPluginManager: Mounting plugin CurveEditorTools
LogPluginManager: Mounting plugin DataValidation
LogPluginManager: Mounting plugin FacialAnimation
LogPluginManager: Mounting plugin GameplayTagsEditor
LogPluginManager: Mounting plugin PluginBrowser
LogPluginManager: Mounting plugin SpeedTreeImporter
LogPluginManager: Mounting plugin MacGraphicsSwitching
LogPluginManager: Mounting plugin MaterialAnalyzer
LogPluginManager: Mounting plugin DatasmithContent
LogPluginManager: Mounting plugin MobileLauncherProfileWizard
LogPluginManager: Mounting plugin AlembicImporter
LogPluginManager: Mounting plugin VariantManagerContent
LogPluginManager: Mounting plugin AutomationUtils
LogPluginManager: Mounting plugin BackChannel
LogPluginManager: Mounting plugin ChaosCloth
LogPluginManager: Mounting plugin ChaosClothEditor
LogPluginManager: Mounting plugin ChaosEditor
LogPluginManager: Mounting plugin ChaosNiagara
LogPluginManager: Mounting plugin ChaosSolverPlugin
LogPluginManager: Mounting plugin CharacterAI
LogPluginManager: Mounting plugin Niagara
LogPluginManager: Mounting plugin GeometryCache
LogPluginManager: Mounting plugin GeometryCollectionPlugin
LogPluginManager: Mounting plugin GeometryProcessing
LogPluginManager: Mounting plugin MotoSynth
LogPluginManager: Mounting plugin OpenImageDenoise
LogPluginManager: Mounting plugin PlanarCut
LogPluginManager: Mounting plugin PlatformCrypto
LogPluginManager: Mounting plugin ProxyLODPlugin
LogPluginManager: Mounting plugin PythonScriptPlugin
LogPluginManager: Mounting plugin SkeletalReduction
LogPluginManager: Mounting plugin AndroidMedia
LogPluginManager: Mounting plugin TcpMessaging
LogPluginManager: Mounting plugin UdpMessaging
LogPluginManager: Mounting plugin AvfMedia
LogPluginManager: Mounting plugin ImgMedia
LogPluginManager: Mounting plugin MediaCompositing
LogPluginManager: Mounting plugin MediaPlayerEditor
LogPluginManager: Mounting plugin WebMMedia
LogPluginManager: Mounting plugin WmfMedia
LogPluginManager: Mounting plugin ActorSequence
LogPluginManager: Mounting plugin LevelSequenceEditor
LogPluginManager: Mounting plugin MatineeToLevelSequence
LogPluginManager: Mounting plugin TemplateSequence
LogPluginManager: Mounting plugin OnlineSubsystem
LogPluginManager: Mounting plugin OnlineSubsystemNull
LogPluginManager: Mounting plugin OnlineSubsystemUtils
LogPluginManager: Mounting plugin LauncherChunkInstaller
LogPluginManager: Mounting plugin ActorLayerUtilities
LogPluginManager: Mounting plugin AndroidMoviePlayer
LogPluginManager: Mounting plugin AndroidDeviceProfileSelector
LogPluginManager: Mounting plugin AndroidPermission
LogPluginManager: Mounting plugin AppleImageUtils
LogPluginManager: Mounting plugin AppleMoviePlayer
LogPluginManager: Mounting plugin ArchVisCharacter
LogPluginManager: Mounting plugin AssetTags
LogPluginManager: Mounting plugin AudioCapture
LogPluginManager: Mounting plugin AudioSynesthesia
LogPluginManager: Mounting plugin CableComponent
LogPluginManager: Mounting plugin ChunkDownloader
LogPluginManager: Mounting plugin CustomMeshComponent
LogPluginManager: Mounting plugin EditableMesh
LogPluginManager: Mounting plugin ExampleDeviceProfileSelector
LogPluginManager: Mounting plugin GoogleCloudMessaging
LogPluginManager: Mounting plugin GooglePAD
LogPluginManager: Mounting plugin IOSDeviceProfileSelector
LogPluginManager: Mounting plugin LinuxDeviceProfileSelector
LogPluginManager: Mounting plugin LocationServicesBPLibrary
LogPluginManager: Mounting plugin MobilePatchingUtils
LogPluginManager: Mounting plugin OpenXR
LogPluginManager: Mounting plugin OpenXREyeTracker
LogPluginManager: Mounting plugin OpenXRHandTracking
LogPluginManager: Mounting plugin PhysXVehicles
LogPluginManager: Mounting plugin PostSplashScreen
LogPluginManager: Mounting plugin ProceduralMeshComponent
LogPluginManager: Mounting plugin PropertyAccessEditor
LogPluginManager: Mounting plugin SignificanceManager
LogPluginManager: Mounting plugin RuntimePhysXCooking
LogPluginManager: Mounting plugin SoundFields
LogPluginManager: Mounting plugin Synthesis
LogPluginManager: Mounting plugin ScreenshotTools
LogPluginManager: Mounting plugin WindowsMoviePlayer
LogPluginManager: Mounting plugin LuminPlatformFeatures
LogPluginManager: Mounting plugin MagicLeap
LogPluginManager: Mounting plugin MagicLeapLightEstimation
LogPluginManager: Mounting plugin MagicLeapMedia
LogPluginManager: Mounting plugin MagicLeapPassableWorld
LogPluginManager: Mounting plugin MLSDK
LogPluginManager: Mounting plugin Takes
LogPluginManager: Mounting plugin WebMMoviePlayer
LogPluginManager: Mounting plugin OodleData
LogPluginManager: Mounting plugin OodleNetwork
LogPluginManager: Mounting plugin ContentBrowserAssetDataSource
LogPluginManager: Mounting plugin ContentBrowserClassDataSource
LogPluginManager: Mounting plugin ContentBrowserFileDataSource
LogPluginManager: Mounting plugin OnlineSubsystemGooglePlay
LogPluginManager: Mounting plugin OnlineSubsystemIOS
LogPluginManager: Mounting plugin OculusVR
LogPluginManager: Mounting plugin SteamVR
PixWinPlugin: PIX capture plugin failed to initialize! Check that the process is launched from PIX.
LogInit: Using libcurl 7.55.1-DEV
LogInit:  - built for x86_64-pc-win32
LogInit:  - supports SSL with OpenSSL/1.1.1
LogInit:  - supports HTTP deflate (compression) using libz 1.2.8
LogInit:  - other features:
LogInit:      CURL_VERSION_SSL
LogInit:      CURL_VERSION_LIBZ
LogInit:      CURL_VERSION_IPV6
LogInit:      CURL_VERSION_ASYNCHDNS
LogInit:      CURL_VERSION_LARGEFILE
LogInit:      CURL_VERSION_IDN
LogInit:  CurlRequestOptions (configurable via config and command line):
LogInit:  - bVerifyPeer = true  - Libcurl will verify peer certificate
LogInit:  - bUseHttpProxy = false  - Libcurl will NOT use HTTP proxy
LogInit:  - bDontReuseConnections = false  - Libcurl will reuse connections
LogInit:  - MaxHostConnections = 16  - Libcurl will limit the number of connections to a host
LogInit:  - LocalHostAddr = Default
LogInit:  - BufferSize = 65536
LogOnline: OSS: Creating online subsystem instance for: NULL
LogInit: WinSock: version 1.1 (2.2), MaxSocks=32767, MaxUdp=65467
LogOnline: OSS: TryLoadSubsystemAndSetDefault: Loaded subsystem for module [NULL]
LogOculusPluginWrapper: OculusPlugin initialized successfully
LogHMD: Failed initializing OVRPlugin 1.59.0
LogInit: Build: ++UE4+Release-4.27-CL-18319896
LogInit: Engine Version: 4.27.2-18319896+++UE4+Release-4.27
LogInit: Compatible Engine Version: 4.27.0-17155196+++UE4+Release-4.27
LogInit: Net CL: 17155196
LogInit: OS: Windows 10 (Release 2009) (), CPU: Intel(R) Core(TM) i5-8400 CPU @ 2.80GHz, GPU: NVIDIA GeForce GT 1030
LogInit: Compiled (64-bit): Nov 30 2021 07:12:08
LogInit: Compiled with Visual C++: 19.24.28315.00
LogInit: Build Configuration: Development
LogInit: Branch Name: ++UE4+Release-4.27
LogInit: Command Line: 
LogInit: Base Directory: C:/Program Files/Epic Games/UE_4.27/Engine/Binaries/Win64/
LogInit: Allocator: TBB
LogInit: Installed Engine Build: 1
LogDevObjectVersion: Number of dev versions registered: 29
LogDevObjectVersion:   Dev-Blueprints (B0D832E4-1F89-4F0D-ACCF-7EB736FD4AA2): 10
LogDevObjectVersion:   Dev-Build (E1C64328-A22C-4D53-A36C-8E866417BD8C): 0
LogDevObjectVersion:   Dev-Core (375EC13C-06E4-48FB-B500-84F0262A717E): 4
LogDevObjectVersion:   Dev-Editor (E4B068ED-F494-42E9-A231-DA0B2E46BB41): 40
LogDevObjectVersion:   Dev-Framework (CFFC743F-43B0-4480-9391-14DF171D2073): 37
LogDevObjectVersion:   Dev-Mobile (B02B49B5-BB20-44E9-A304-32B752E40360): 3
LogDevObjectVersion:   Dev-Networking (A4E4105C-59A1-49B5-A7C5-40C4547EDFEE): 0
LogDevObjectVersion:   Dev-Online (39C831C9-5AE6-47DC-9A44-9C173E1C8E7C): 0
LogDevObjectVersion:   Dev-Physics (78F01B33-EBEA-4F98-B9B4-84EACCB95AA2): 14
LogDevObjectVersion:   Dev-Platform (6631380F-2D4D-43E0-8009-CF276956A95A): 0
LogDevObjectVersion:   Dev-Rendering (12F88B9F-8875-4AFC-A67C-D90C383ABD29): 45
LogDevObjectVersion:   Dev-Sequencer (7B5AE74C-D270-4C10-A958-57980B212A5A): 13
LogDevObjectVersion:   Dev-VR (D7296918-1DD6-4BDD-9DE2-64A83CC13884): 3
LogDevObjectVersion:   Dev-LoadTimes (C2A15278-BFE7-4AFE-6C17-90FF531DF755): 1
LogDevObjectVersion:   Private-Geometry (6EACA3D4-40EC-4CC1-B786-8BED09428FC5): 3
LogDevObjectVersion:   Dev-AnimPhys (29E575DD-E0A3-4627-9D10-D276232CDCEA): 17
LogDevObjectVersion:   Dev-Anim (AF43A65D-7FD3-4947-9873-3E8ED9C1BB05): 15
LogDevObjectVersion:   Dev-ReflectionCapture (6B266CEC-1EC7-4B8F-A30B-E4D90942FC07): 1
LogDevObjectVersion:   Dev-Automation (0DF73D61-A23F-47EA-B727-89E90C41499A): 1
LogDevObjectVersion:   FortniteMain (601D1886-AC64-4F84-AA16-D3DE0DEAC7D6): 47
LogDevObjectVersion:   FortniteRelease (E7086368-6B23-4C58-8439-1B7016265E91): 1
LogDevObjectVersion:   Dev-Enterprise (9DFFBCD6-494F-0158-E221-12823C92A888): 10
LogDevObjectVersion:   Dev-Niagara (F2AED0AC-9AFE-416F-8664-AA7FFA26D6FC): 1
LogDevObjectVersion:   Dev-Destruction (174F1F0B-B4C6-45A5-B13F-2EE8D0FB917D): 10
LogDevObjectVersion:   Dev-Physics-Ext (35F94A83-E258-406C-A318-09F59610247C): 41
LogDevObjectVersion:   Dev-PhysicsMaterial-Chaos (B68FC16E-8B1B-42E2-B453-215C058844FE): 1
LogDevObjectVersion:   Dev-CineCamera (B2E18506-4273-CFC2-A54E-F4BB758BBA07): 1
LogDevObjectVersion:   Dev-VirtualProduction (64F58936-FD1B-42BA-BA96-7289D5D0FA4E): 1
LogDevObjectVersion:   Dev-MediaFramework (6F0ED827-A609-4895-9C91-998D90180EA4): 2
LogInit: Presizing for max 25165824 objects, including 0 objects not considered by GC, pre-allocating 0 bytes for permanent pool.
LogConfig: Applying CVar settings from Section [/Script/Engine.StreamingSettings] File [C:/Users/ADMIN/Documents/GameDev  Папка Ромы/GitHub/Lesson78/Saved/Config/Windows/Engine.ini]
LogConfig: Setting CVar [[s.MinBulkDataSizeForAsyncLoading:131072]]
LogConfig: Setting CVar [[s.AsyncLoadingThreadEnabled:0]]
LogConfig: Setting CVar [[s.EventDrivenLoaderEnabled:1]]
LogConfig: Setting CVar [[s.WarnIfTimeLimitExceeded:0]]
LogConfig: Setting CVar [[s.TimeLimitExceededMultiplier:1.5]]
LogConfig: Setting CVar [[s.TimeLimitExceededMinTime:0.005]]
LogConfig: Setting CVar [[s.UseBackgroundLevelStreaming:1]]
LogConfig: Setting CVar [[s.PriorityAsyncLoadingExtraTime:15.0]]
LogConfig: Setting CVar [[s.LevelStreamingActorsUpdateTimeLimit:5.0]]
LogConfig: Setting CVar [[s.PriorityLevelStreamingActorsUpdateExtraTime:5.0]]
LogConfig: Setting CVar [[s.LevelStreamingComponentsRegistrationGranularity:10]]
LogConfig: Setting CVar [[s.UnregisterComponentsTimeLimit:1.0]]
LogConfig: Setting CVar [[s.LevelStreamingComponentsUnregistrationGranularity:5]]
LogConfig: Setting CVar [[s.FlushStreamingOnExit:1]]
LogInit: Object subsystem initialized
LogConfig: Setting CVar [[con.DebugEarlyDefault:1]]
LogConfig: Setting CVar [[r.setres:1280x720]]
[2023.10.26-15.23.16:455][  0]LogConfig: Setting CVar [[r.VSync:0]]
[2023.10.26-15.23.16:455][  0]LogConfig: Setting CVar [[r.RHICmdBypass:0]]
[2023.10.26-15.23.16:455][  0]LogConfig: Applying CVar settings from Section [/Script/Engine.RendererSettings] File [C:/Users/ADMIN/Documents/GameDev  Папка Ромы/GitHub/Lesson78/Saved/Config/Windows/Engine.ini]
[2023.10.26-15.23.16:455][  0]LogConfig: Setting CVar [[r.GPUCrashDebugging:0]]
[2023.10.26-15.23.16:455][  0]LogConfig: Applying CVar settings from Section [/Script/Engine.RendererOverrideSettings] File [C:/Users/ADMIN/Documents/GameDev  Папка Ромы/GitHub/Lesson78/Saved/Config/Windows/Engine.ini]
[2023.10.26-15.23.16:455][  0]LogConfig: Applying CVar settings from Section [/Script/Engine.StreamingSettings] File [C:/Users/ADMIN/Documents/GameDev  Папка Ромы/GitHub/Lesson78/Saved/Config/Windows/Engine.ini]
[2023.10.26-15.23.16:455][  0]LogConfig: Setting CVar [[s.MinBulkDataSizeForAsyncLoading:131072]]
[2023.10.26-15.23.16:455][  0]LogConfig: Setting CVar [[s.AsyncLoadingThreadEnabled:0]]
[2023.10.26-15.23.16:455][  0]LogConfig: Setting CVar [[s.EventDrivenLoaderEnabled:1]]
[2023.10.26-15.23.16:455][  0]LogConfig: Setting CVar [[s.WarnIfTimeLimitExceeded:0]]
[2023.10.26-15.23.16:455][  0]LogConfig: Setting CVar [[s.TimeLimitExceededMultiplier:1.5]]
[2023.10.26-15.23.16:455][  0]LogConfig: Setting CVar [[s.TimeLimitExceededMinTime:0.005]]
[2023.10.26-15.23.16:455][  0]LogConfig: Setting CVar [[s.UseBackgroundLevelStreaming:1]]
[2023.10.26-15.23.16:455][  0]LogConfig: Setting CVar [[s.PriorityAsyncLoadingExtraTime:15.0]]
[2023.10.26-15.23.16:455][  0]LogConfig: Setting CVar [[s.LevelStreamingActorsUpdateTimeLimit:5.0]]
[2023.10.26-15.23.16:455][  0]LogConfig: Setting CVar [[s.PriorityLevelStreamingActorsUpdateExtraTime:5.0]]
[2023.10.26-15.23.16:455][  0]LogConfig: Setting CVar [[s.LevelStreamingComponentsRegistrationGranularity:10]]
[2023.10.26-15.23.16:455][  0]LogConfig: Setting CVar [[s.UnregisterComponentsTimeLimit:1.0]]
[2023.10.26-15.23.16:455][  0]LogConfig: Setting CVar [[s.LevelStreamingComponentsUnregistrationGranularity:5]]
[2023.10.26-15.23.16:455][  0]LogConfig: Setting CVar [[s.FlushStreamingOnExit:1]]
[2023.10.26-15.23.16:455][  0]LogConfig: Applying CVar settings from Section [/Script/Engine.GarbageCollectionSettings] File [C:/Users/ADMIN/Documents/GameDev  Папка Ромы/GitHub/Lesson78/Saved/Config/Windows/Engine.ini]
[2023.10.26-15.23.16:455][  0]LogConfig: Setting CVar [[gc.MaxObjectsNotConsideredByGC:1]]
[2023.10.26-15.23.16:455][  0]LogConfig: Setting CVar [[gc.SizeOfPermanentObjectPool:0]]
[2023.10.26-15.23.16:455][  0]LogConfig: Setting CVar [[gc.FlushStreamingOnGC:0]]
[2023.10.26-15.23.16:455][  0]LogConfig: Setting CVar [[gc.NumRetriesBeforeForcingGC:10]]
[2023.10.26-15.23.16:455][  0]LogConfig: Setting CVar [[gc.AllowParallelGC:1]]
[2023.10.26-15.23.16:455][  0]LogConfig: Setting CVar [[gc.TimeBetweenPurgingPendingKillObjects:61.1]]
[2023.10.26-15.23.16:455][  0]LogConfig: Setting CVar [[gc.MaxObjectsInEditor:25165824]]
[2023.10.26-15.23.16:455][  0]LogConfig: Setting CVar [[gc.IncrementalBeginDestroyEnabled:1]]
[2023.10.26-15.23.16:455][  0]LogConfig: Setting CVar [[gc.CreateGCClusters:1]]
[2023.10.26-15.23.16:455][  0]LogConfig: Setting CVar [[gc.MinGCClusterSize:5]]
[2023.10.26-15.23.16:455][  0]LogConfig: Setting CVar [[gc.ActorClusteringEnabled:0]]
[2023.10.26-15.23.16:455][  0]LogConfig: Setting CVar [[gc.BlueprintClusteringEnabled:0]]
[2023.10.26-15.23.16:455][  0]LogConfig: Setting CVar [[gc.UseDisregardForGCOnDedicatedServers:0]]
[2023.10.26-15.23.16:455][  0]LogConfig: Setting CVar [[gc.MultithreadedDestructionEnabled:1]]
[2023.10.26-15.23.16:455][  0]LogConfig: Applying CVar settings from Section [/Script/Engine.NetworkSettings] File [C:/Users/ADMIN/Documents/GameDev  Папка Ромы/GitHub/Lesson78/Saved/Config/Windows/Engine.ini]
[2023.10.26-15.23.16:456][  0]LogConfig: Applying CVar settings from Section [/Script/UnrealEd.CookerSettings] File [C:/Users/ADMIN/Documents/GameDev  Папка Ромы/GitHub/Lesson78/Saved/Config/Windows/Engine.ini]
[2023.10.26-15.23.16:545][  0]LogConfig: Applying CVar settings from Section [ViewDistanceQuality@3] File [C:/Users/ADMIN/Documents/GameDev  Папка Ромы/GitHub/Lesson78/Saved/Config/Windows/Scalability.ini]
[2023.10.26-15.23.16:545][  0]LogConfig: Setting CVar [[r.SkeletalMeshLODBias:0]]
[2023.10.26-15.23.16:545][  0]LogConfig: Setting CVar [[r.ViewDistanceScale:1.0]]
[2023.10.26-15.23.16:545][  0]LogConfig: Applying CVar settings from Section [AntiAliasingQuality@3] File [C:/Users/ADMIN/Documents/GameDev  Папка Ромы/GitHub/Lesson78/Saved/Config/Windows/Scalability.ini]
[2023.10.26-15.23.16:545][  0]LogConfig: Setting CVar [[r.PostProcessAAQuality:4]]
[2023.10.26-15.23.16:545][  0]LogConfig: Applying CVar settings from Section [ShadowQuality@3] File [C:/Users/ADMIN/Documents/GameDev  Папка Ромы/GitHub/Lesson78/Saved/Config/Windows/Scalability.ini]
[2023.10.26-15.23.16:545][  0]LogConfig: Setting CVar [[r.LightFunctionQuality:1]]
[2023.10.26-15.23.16:545][  0]LogConfig: Setting CVar [[r.ShadowQuality:5]]
[2023.10.26-15.23.16:545][  0]LogConfig: Setting CVar [[r.Shadow.CSM.MaxCascades:10]]
[2023.10.26-15.23.16:545][  0]LogConfig: Setting CVar [[r.Shadow.MaxResolution:2048]]
[2023.10.26-15.23.16:545][  0]LogConfig: Setting CVar [[r.Shadow.MaxCSMResolution:2048]]
[2023.10.26-15.23.16:545][  0]LogConfig: Setting CVar [[r.Shadow.RadiusThreshold:0.01]]
[2023.10.26-15.23.16:545][  0]LogConfig: Setting CVar [[r.Shadow.DistanceScale:1.0]]
[2023.10.26-15.23.16:545][  0]LogConfig: Setting CVar [[r.Shadow.CSM.TransitionScale:1.0]]
[2023.10.26-15.23.16:545][  0]LogConfig: Setting CVar [[r.Shadow.PreShadowResolutionFactor:1.0]]
[2023.10.26-15.23.16:545][  0]LogConfig: Setting CVar [[r.DistanceFieldShadowing:1]]
[2023.10.26-15.23.16:545][  0]LogConfig: Setting CVar [[r.DistanceFieldAO:1]]
[2023.10.26-15.23.16:545][  0]LogConfig: Setting CVar [[r.AOQuality:2]]
[2023.10.26-15.23.16:545][  0]LogConfig: Setting CVar [[r.VolumetricFog:1]]
[2023.10.26-15.23.16:545][  0]LogConfig: Setting CVar [[r.VolumetricFog.GridPixelSize:8]]
[2023.10.26-15.23.16:545][  0]LogConfig: Setting CVar [[r.VolumetricFog.GridSizeZ:128]]
[2023.10.26-15.23.16:545][  0]LogConfig: Setting CVar [[r.VolumetricFog.HistoryMissSupersampleCount:4]]
[2023.10.26-15.23.16:545][  0]LogConfig: Setting CVar [[r.LightMaxDrawDistanceScale:1]]
[2023.10.26-15.23.16:545][  0]LogConfig: Setting CVar [[r.CapsuleShadows:1]]
[2023.10.26-15.23.16:545][  0]LogConfig: Applying CVar settings from Section [PostProcessQuality@3] File [C:/Users/ADMIN/Documents/GameDev  Папка Ромы/GitHub/Lesson78/Saved/Config/Windows/Scalability.ini]
[2023.10.26-15.23.16:545][  0]LogConfig: Setting CVar [[r.MotionBlurQuality:4]]
[2023.10.26-15.23.16:545][  0]LogConfig: Setting CVar [[r.AmbientOcclusionMipLevelFactor:0.4]]
[2023.10.26-15.23.16:545][  0]LogConfig: Setting CVar [[r.AmbientOcclusionMaxQuality:100]]
[2023.10.26-15.23.16:545][  0]LogConfig: Setting CVar [[r.AmbientOcclusionLevels:-1]]
[2023.10.26-15.23.16:545][  0]LogConfig: Setting CVar [[r.AmbientOcclusionRadiusScale:1.0]]
[2023.10.26-15.23.16:545][  0]LogConfig: Setting CVar [[r.DepthOfFieldQuality:2]]
[2023.10.26-15.23.16:545][  0]LogConfig: Setting CVar [[r.RenderTargetPoolMin:400]]
[2023.10.26-15.23.16:545][  0]LogConfig: Setting CVar [[r.LensFlareQuality:2]]
[2023.10.26-15.23.16:545][  0]LogConfig: Setting CVar [[r.SceneColorFringeQuality:1]]
[2023.10.26-15.23.16:545][  0]LogConfig: Setting CVar [[r.EyeAdaptationQuality:2]]
[2023.10.26-15.23.16:545][  0]LogConfig: Setting CVar [[r.BloomQuality:5]]
[2023.10.26-15.23.16:545][  0]LogConfig: Setting CVar [[r.FastBlurThreshold:100]]
[2023.10.26-15.23.16:545][  0]LogConfig: Setting CVar [[r.Upscale.Quality:3]]
[2023.10.26-15.23.16:545][  0]LogConfig: Setting CVar [[r.Tonemapper.GrainQuantization:1]]
[2023.10.26-15.23.16:545][  0]LogConfig: Setting CVar [[r.LightShaftQuality:1]]
[2023.10.26-15.23.16:545][  0]LogConfig: Setting CVar [[r.Filter.SizeScale:1]]
[2023.10.26-15.23.16:545][  0]LogConfig: Setting CVar [[r.Tonemapper.Quality:5]]
[2023.10.26-15.23.16:545][  0]LogConfig: Setting CVar [[r.DOF.Gather.AccumulatorQuality:1        ; higher gathering accumulator quality]]
[2023.10.26-15.23.16:545][  0]LogConfig: Setting CVar [[r.DOF.Gather.PostfilterMethod:1          ; Median3x3 postfilering method]]
[2023.10.26-15.23.16:545][  0]LogConfig: Setting CVar [[r.DOF.Gather.EnableBokehSettings:0       ; no bokeh simulation when gathering]]
[2023.10.26-15.23.16:545][  0]LogConfig: Setting CVar [[r.DOF.Gather.RingCount:4                 ; medium number of samples when gathering]]
[2023.10.26-15.23.16:545][  0]LogConfig: Setting CVar [[r.DOF.Scatter.ForegroundCompositing:1    ; additive foreground scattering]]
[2023.10.26-15.23.16:545][  0]LogConfig: Setting CVar [[r.DOF.Scatter.BackgroundCompositing:2    ; additive background scattering]]
[2023.10.26-15.23.16:545][  0]LogConfig: Setting CVar [[r.DOF.Scatter.EnableBokehSettings:1      ; bokeh simulation when scattering]]
[2023.10.26-15.23.16:545][  0]LogConfig: Setting CVar [[r.DOF.Scatter.MaxSpriteRatio:0.1         ; only a maximum of 10% of scattered bokeh]]
[2023.10.26-15.23.16:545][  0]LogConfig: Setting CVar [[r.DOF.Recombine.Quality:1                ; cheap slight out of focus]]
[2023.10.26-15.23.16:545][  0]LogConfig: Setting CVar [[r.DOF.Recombine.EnableBokehSettings:0    ; no bokeh simulation on slight out of focus]]
[2023.10.26-15.23.16:545][  0]LogConfig: Setting CVar [[r.DOF.TemporalAAQuality:1                ; more stable temporal accumulation]]
[2023.10.26-15.23.16:545][  0]LogConfig: Setting CVar [[r.DOF.Kernel.MaxForegroundRadius:0.025]]
[2023.10.26-15.23.16:545][  0]LogConfig: Setting CVar [[r.DOF.Kernel.MaxBackgroundRadius:0.025]]
[2023.10.26-15.23.16:545][  0]LogConfig: Applying CVar settings from Section [TextureQuality@3] File [C:/Users/ADMIN/Documents/GameDev  Папка Ромы/GitHub/Lesson78/Saved/Config/Windows/Scalability.ini]
[2023.10.26-15.23.16:545][  0]LogConfig: Setting CVar [[r.Streaming.MipBias:0]]
[2023.10.26-15.23.16:545][  0]LogConfig: Setting CVar [[r.Streaming.AmortizeCPUToGPUCopy:0]]
[2023.10.26-15.23.16:545][  0]LogConfig: Setting CVar [[r.Streaming.MaxNumTexturesToStreamPerFrame:0]]
[2023.10.26-15.23.16:545][  0]LogConfig: Setting CVar [[r.Streaming.Boost:1]]
[2023.10.26-15.23.16:545][  0]LogConfig: Setting CVar [[r.MaxAnisotropy:8]]
[2023.10.26-15.23.16:546][  0]LogConfig: Setting CVar [[r.VT.MaxAnisotropy:8]]
[2023.10.26-15.23.16:546][  0]LogConfig: Setting CVar [[r.Streaming.LimitPoolSizeToVRAM:0]]
[2023.10.26-15.23.16:546][  0]LogConfig: Setting CVar [[r.Streaming.PoolSize:1000]]
[2023.10.26-15.23.16:546][  0]LogConfig: Setting CVar [[r.Streaming.MaxEffectiveScreenSize:0]]
[2023.10.26-15.23.16:546][  0]LogConfig: Applying CVar settings from Section [EffectsQuality@3] File [C:/Users/ADMIN/Documents/GameDev  Папка Ромы/GitHub/Lesson78/Saved/Config/Windows/Scalability.ini]
[2023.10.26-15.23.16:546][  0]LogConfig: Setting CVar [[r.TranslucencyLightingVolumeDim:64]]
[2023.10.26-15.23.16:546][  0]LogConfig: Setting CVar [[r.RefractionQuality:2]]
[2023.10.26-15.23.16:546][  0]LogConfig: Setting CVar [[r.SSR.Quality:3]]
[2023.10.26-15.23.16:546][  0]LogConfig: Setting CVar [[r.SSR.HalfResSceneColor:0]]
[2023.10.26-15.23.16:546][  0]LogConfig: Setting CVar [[r.SceneColorFormat:4]]
[2023.10.26-15.23.16:546][  0]LogConfig: Setting CVar [[r.DetailMode:2]]
[2023.10.26-15.23.16:546][  0]LogConfig: Setting CVar [[r.TranslucencyVolumeBlur:1]]
[2023.10.26-15.23.16:546][  0]LogConfig: Setting CVar [[r.MaterialQualityLevel:1 ; High quality]]
[2023.10.26-15.23.16:546][  0]LogConfig: Setting CVar [[r.AnisotropicMaterials:1]]
[2023.10.26-15.23.16:546][  0]LogConfig: Setting CVar [[r.SSS.Scale:1]]
[2023.10.26-15.23.16:546][  0]LogConfig: Setting CVar [[r.SSS.SampleSet:2]]
[2023.10.26-15.23.16:546][  0]LogConfig: Setting CVar [[r.SSS.Quality:1]]
[2023.10.26-15.23.16:546][  0]LogConfig: Setting CVar [[r.SSS.HalfRes:0]]
[2023.10.26-15.23.16:546][  0]LogConfig: Setting CVar [[r.SSGI.Quality:3]]
[2023.10.26-15.23.16:546][  0]LogConfig: Setting CVar [[r.EmitterSpawnRateScale:1.0]]
[2023.10.26-15.23.16:546][  0]LogConfig: Setting CVar [[r.ParticleLightQuality:2]]
[2023.10.26-15.23.16:546][  0]LogConfig: Setting CVar [[r.SkyAtmosphere.AerialPerspectiveLUT.FastApplyOnOpaque:1 ; Always have FastSkyLUT 1 in this case to avoid wrong sky]]
[2023.10.26-15.23.16:546][  0]LogConfig: Setting CVar [[r.SkyAtmosphere.AerialPerspectiveLUT.SampleCountMaxPerSlice:4]]
[2023.10.26-15.23.16:546][  0]LogConfig: Setting CVar [[r.SkyAtmosphere.AerialPerspectiveLUT.DepthResolution:16.0]]
[2023.10.26-15.23.16:546][  0]LogConfig: Setting CVar [[r.SkyAtmosphere.FastSkyLUT:1]]
[2023.10.26-15.23.16:546][  0]LogConfig: Setting CVar [[r.SkyAtmosphere.FastSkyLUT.SampleCountMin:4.0]]
[2023.10.26-15.23.16:546][  0]LogConfig: Setting CVar [[r.SkyAtmosphere.FastSkyLUT.SampleCountMax:128.0]]
[2023.10.26-15.23.16:546][  0]LogConfig: Setting CVar [[r.SkyAtmosphere.SampleCountMin:4.0]]
[2023.10.26-15.23.16:546][  0]LogConfig: Setting CVar [[r.SkyAtmosphere.SampleCountMax:128.0]]
[2023.10.26-15.23.16:546][  0]LogConfig: Setting CVar [[r.SkyAtmosphere.TransmittanceLUT.UseSmallFormat:0]]
[2023.10.26-15.23.16:546][  0]LogConfig: Setting CVar [[r.SkyAtmosphere.TransmittanceLUT.SampleCount:10.0]]
[2023.10.26-15.23.16:546][  0]LogConfig: Setting CVar [[r.SkyAtmosphere.MultiScatteringLUT.SampleCount:15.0]]
[2023.10.26-15.23.16:546][  0]LogConfig: Setting CVar [[r.SkyLight.RealTimeReflectionCapture:1]]
[2023.10.26-15.23.16:546][  0]LogConfig: Applying CVar settings from Section [FoliageQuality@3] File [C:/Users/ADMIN/Documents/GameDev  Папка Ромы/GitHub/Lesson78/Saved/Config/Windows/Scalability.ini]
[2023.10.26-15.23.16:546][  0]LogConfig: Setting CVar [[foliage.DensityScale:1.0]]
[2023.10.26-15.23.16:546][  0]LogConfig: Setting CVar [[grass.DensityScale:1.0]]
[2023.10.26-15.23.16:546][  0]LogConfig: Applying CVar settings from Section [ShadingQuality@3] File [C:/Users/ADMIN/Documents/GameDev  Папка Ромы/GitHub/Lesson78/Saved/Config/Windows/Scalability.ini]
[2023.10.26-15.23.16:546][  0]LogConfig: Setting CVar [[r.HairStrands.SkyLighting.IntegrationType:2]]
[2023.10.26-15.23.16:546][  0]LogConfig: Setting CVar [[r.HairStrands.SkyAO.SampleCount:4]]
[2023.10.26-15.23.16:546][  0]LogConfig: Setting CVar [[r.HairStrands.Visibility.MSAA.SamplePerPixel:4]]
[2023.10.26-15.23.16:546][  0]LogInit: Selected Device Profile: [Windows]
[2023.10.26-15.23.16:546][  0]LogInit: Applying CVar settings loaded from the selected device profile: [Windows]
[2023.10.26-15.23.16:553][  0]LogHAL: Display: Platform has ~ 8 GB [8459988992 / 8589934592 / 8], which maps to Default [LargestMinGB=32, LargerMinGB=12, DefaultMinGB=8, SmallerMinGB=6, SmallestMinGB=0)
[2023.10.26-15.23.16:553][  0]LogInit: Going up to parent DeviceProfile []
[2023.10.26-15.23.16:553][  0]LogConfig: Applying CVar settings from Section [ViewDistanceQuality@3] File [C:/Users/ADMIN/Documents/GameDev  Папка Ромы/GitHub/Lesson78/Saved/Config/Windows/Scalability.ini]
[2023.10.26-15.23.16:553][  0]LogConfig: Setting CVar [[r.SkeletalMeshLODBias:0]]
[2023.10.26-15.23.16:553][  0]LogConfig: Setting CVar [[r.ViewDistanceScale:1.0]]
[2023.10.26-15.23.16:553][  0]LogConfig: Applying CVar settings from Section [AntiAliasingQuality@3] File [C:/Users/ADMIN/Documents/GameDev  Папка Ромы/GitHub/Lesson78/Saved/Config/Windows/Scalability.ini]
[2023.10.26-15.23.16:553][  0]LogConfig: Setting CVar [[r.PostProcessAAQuality:4]]
[2023.10.26-15.23.16:553][  0]LogConfig: Applying CVar settings from Section [ShadowQuality@3] File [C:/Users/ADMIN/Documents/GameDev  Папка Ромы/GitHub/Lesson78/Saved/Config/Windows/Scalability.ini]
[2023.10.26-15.23.16:553][  0]LogConfig: Setting CVar [[r.LightFunctionQuality:1]]
[2023.10.26-15.23.16:553][  0]LogConfig: Setting CVar [[r.ShadowQuality:5]]
[2023.10.26-15.23.16:553][  0]LogConfig: Setting CVar [[r.Shadow.CSM.MaxCascades:10]]
[2023.10.26-15.23.16:553][  0]LogConfig: Setting CVar [[r.Shadow.MaxResolution:2048]]
[2023.10.26-15.23.16:553][  0]LogConfig: Setting CVar [[r.Shadow.MaxCSMResolution:2048]]
[2023.10.26-15.23.16:553][  0]LogConfig: Setting CVar [[r.Shadow.RadiusThreshold:0.01]]
[2023.10.26-15.23.16:553][  0]LogConfig: Setting CVar [[r.Shadow.DistanceScale:1.0]]
[2023.10.26-15.23.16:553][  0]LogConfig: Setting CVar [[r.Shadow.CSM.TransitionScale:1.0]]
[2023.10.26-15.23.16:553][  0]LogConfig: Setting CVar [[r.Shadow.PreShadowResolutionFactor:1.0]]
[2023.10.26-15.23.16:553][  0]LogConfig: Setting CVar [[r.DistanceFieldShadowing:1]]
[2023.10.26-15.23.16:553][  0]LogConfig: Setting CVar [[r.DistanceFieldAO:1]]
[2023.10.26-15.23.16:553][  0]LogConfig: Setting CVar [[r.AOQuality:2]]
[2023.10.26-15.23.16:553][  0]LogConfig: Setting CVar [[r.VolumetricFog:1]]
[2023.10.26-15.23.16:553][  0]LogConfig: Setting CVar [[r.VolumetricFog.GridPixelSize:8]]
[2023.10.26-15.23.16:553][  0]LogConfig: Setting CVar [[r.VolumetricFog.GridSizeZ:128]]
[2023.10.26-15.23.16:553][  0]LogConfig: Setting CVar [[r.VolumetricFog.HistoryMissSupersampleCount:4]]
[2023.10.26-15.23.16:553][  0]LogConfig: Setting CVar [[r.LightMaxDrawDistanceScale:1]]
[2023.10.26-15.23.16:553][  0]LogConfig: Setting CVar [[r.CapsuleShadows:1]]
[2023.10.26-15.23.16:553][  0]LogConfig: Applying CVar settings from Section [PostProcessQuality@3] File [C:/Users/ADMIN/Documents/GameDev  Папка Ромы/GitHub/Lesson78/Saved/Config/Windows/Scalability.ini]
[2023.10.26-15.23.16:553][  0]LogConfig: Setting CVar [[r.MotionBlurQuality:4]]
[2023.10.26-15.23.16:554][  0]LogConfig: Setting CVar [[r.AmbientOcclusionMipLevelFactor:0.4]]
[2023.10.26-15.23.16:554][  0]LogConfig: Setting CVar [[r.AmbientOcclusionMaxQuality:100]]
[2023.10.26-15.23.16:554][  0]LogConfig: Setting CVar [[r.AmbientOcclusionLevels:-1]]
[2023.10.26-15.23.16:554][  0]LogConfig: Setting CVar [[r.AmbientOcclusionRadiusScale:1.0]]
[2023.10.26-15.23.16:554][  0]LogConfig: Setting CVar [[r.DepthOfFieldQuality:2]]
[2023.10.26-15.23.16:554][  0]LogConfig: Setting CVar [[r.RenderTargetPoolMin:400]]
[2023.10.26-15.23.16:554][  0]LogConfig: Setting CVar [[r.LensFlareQuality:2]]
[2023.10.26-15.23.16:554][  0]LogConfig: Setting CVar [[r.SceneColorFringeQuality:1]]
[2023.10.26-15.23.16:554][  0]LogConfig: Setting CVar [[r.EyeAdaptationQuality:2]]
[2023.10.26-15.23.16:554][  0]LogConfig: Setting CVar [[r.BloomQuality:5]]
[2023.10.26-15.23.16:554][  0]LogConfig: Setting CVar [[r.FastBlurThreshold:100]]
[2023.10.26-15.23.16:554][  0]LogConfig: Setting CVar [[r.Upscale.Quality:3]]
[2023.10.26-15.23.16:554][  0]LogConfig: Setting CVar [[r.Tonemapper.GrainQuantization:1]]
[2023.10.26-15.23.16:554][  0]LogConfig: Setting CVar [[r.LightShaftQuality:1]]
[2023.10.26-15.23.16:554][  0]LogConfig: Setting CVar [[r.Filter.SizeScale:1]]
[2023.10.26-15.23.16:554][  0]LogConfig: Setting CVar [[r.Tonemapper.Quality:5]]
[2023.10.26-15.23.16:554][  0]LogConfig: Setting CVar [[r.DOF.Gather.AccumulatorQuality:1        ; higher gathering accumulator quality]]
[2023.10.26-15.23.16:554][  0]LogConfig: Setting CVar [[r.DOF.Gather.PostfilterMethod:1          ; Median3x3 postfilering method]]
[2023.10.26-15.23.16:554][  0]LogConfig: Setting CVar [[r.DOF.Gather.EnableBokehSettings:0       ; no bokeh simulation when gathering]]
[2023.10.26-15.23.16:554][  0]LogConfig: Setting CVar [[r.DOF.Gather.RingCount:4                 ; medium number of samples when gathering]]
[2023.10.26-15.23.16:554][  0]LogConfig: Setting CVar [[r.DOF.Scatter.ForegroundCompositing:1    ; additive foreground scattering]]
[2023.10.26-15.23.16:554][  0]LogConfig: Setting CVar [[r.DOF.Scatter.BackgroundCompositing:2    ; additive background scattering]]
[2023.10.26-15.23.16:554][  0]LogConfig: Setting CVar [[r.DOF.Scatter.EnableBokehSettings:1      ; bokeh simulation when scattering]]
[2023.10.26-15.23.16:554][  0]LogConfig: Setting CVar [[r.DOF.Scatter.MaxSpriteRatio:0.1         ; only a maximum of 10% of scattered bokeh]]
[2023.10.26-15.23.16:554][  0]LogConfig: Setting CVar [[r.DOF.Recombine.Quality:1                ; cheap slight out of focus]]
[2023.10.26-15.23.16:554][  0]LogConfig: Setting CVar [[r.DOF.Recombine.EnableBokehSettings:0    ; no bokeh simulation on slight out of focus]]
[2023.10.26-15.23.16:554][  0]LogConfig: Setting CVar [[r.DOF.TemporalAAQuality:1                ; more stable temporal accumulation]]
[2023.10.26-15.23.16:554][  0]LogConfig: Setting CVar [[r.DOF.Kernel.MaxForegroundRadius:0.025]]
[2023.10.26-15.23.16:554][  0]LogConfig: Setting CVar [[r.DOF.Kernel.MaxBackgroundRadius:0.025]]
[2023.10.26-15.23.16:554][  0]LogConfig: Applying CVar settings from Section [TextureQuality@3] File [C:/Users/ADMIN/Documents/GameDev  Папка Ромы/GitHub/Lesson78/Saved/Config/Windows/Scalability.ini]
[2023.10.26-15.23.16:554][  0]LogConfig: Setting CVar [[r.Streaming.MipBias:0]]
[2023.10.26-15.23.16:554][  0]LogConfig: Setting CVar [[r.Streaming.AmortizeCPUToGPUCopy:0]]
[2023.10.26-15.23.16:554][  0]LogConfig: Setting CVar [[r.Streaming.MaxNumTexturesToStreamPerFrame:0]]
[2023.10.26-15.23.16:554][  0]LogConfig: Setting CVar [[r.Streaming.Boost:1]]
[2023.10.26-15.23.16:554][  0]LogConfig: Setting CVar [[r.MaxAnisotropy:8]]
[2023.10.26-15.23.16:554][  0]LogConfig: Setting CVar [[r.VT.MaxAnisotropy:8]]
[2023.10.26-15.23.16:554][  0]LogConfig: Setting CVar [[r.Streaming.LimitPoolSizeToVRAM:0]]
[2023.10.26-15.23.16:554][  0]LogConfig: Setting CVar [[r.Streaming.PoolSize:1000]]
[2023.10.26-15.23.16:554][  0]LogConfig: Setting CVar [[r.Streaming.MaxEffectiveScreenSize:0]]
[2023.10.26-15.23.16:554][  0]LogConfig: Applying CVar settings from Section [EffectsQuality@3] File [C:/Users/ADMIN/Documents/GameDev  Папка Ромы/GitHub/Lesson78/Saved/Config/Windows/Scalability.ini]
[2023.10.26-15.23.16:554][  0]LogConfig: Setting CVar [[r.TranslucencyLightingVolumeDim:64]]
[2023.10.26-15.23.16:554][  0]LogConfig: Setting CVar [[r.RefractionQuality:2]]
[2023.10.26-15.23.16:554][  0]LogConfig: Setting CVar [[r.SSR.Quality:3]]
[2023.10.26-15.23.16:554][  0]LogConfig: Setting CVar [[r.SSR.HalfResSceneColor:0]]
[2023.10.26-15.23.16:554][  0]LogConfig: Setting CVar [[r.SceneColorFormat:4]]
[2023.10.26-15.23.16:554][  0]LogConfig: Setting CVar [[r.DetailMode:2]]
[2023.10.26-15.23.16:554][  0]LogConfig: Setting CVar [[r.TranslucencyVolumeBlur:1]]
[2023.10.26-15.23.16:554][  0]LogConfig: Setting CVar [[r.MaterialQualityLevel:1 ; High quality]]
[2023.10.26-15.23.16:554][  0]LogConfig: Setting CVar [[r.AnisotropicMaterials:1]]
[2023.10.26-15.23.16:554][  0]LogConfig: Setting CVar [[r.SSS.Scale:1]]
[2023.10.26-15.23.16:554][  0]LogConfig: Setting CVar [[r.SSS.SampleSet:2]]
[2023.10.26-15.23.16:554][  0]LogConfig: Setting CVar [[r.SSS.Quality:1]]
[2023.10.26-15.23.16:554][  0]LogConfig: Setting CVar [[r.SSS.HalfRes:0]]
[2023.10.26-15.23.16:554][  0]LogConfig: Setting CVar [[r.SSGI.Quality:3]]
[2023.10.26-15.23.16:554][  0]LogConfig: Setting CVar [[r.EmitterSpawnRateScale:1.0]]
[2023.10.26-15.23.16:554][  0]LogConfig: Setting CVar [[r.ParticleLightQuality:2]]
[2023.10.26-15.23.16:554][  0]LogConfig: Setting CVar [[r.SkyAtmosphere.AerialPerspectiveLUT.FastApplyOnOpaque:1 ; Always have FastSkyLUT 1 in this case to avoid wrong sky]]
[2023.10.26-15.23.16:554][  0]LogConfig: Setting CVar [[r.SkyAtmosphere.AerialPerspectiveLUT.SampleCountMaxPerSlice:4]]
[2023.10.26-15.23.16:554][  0]LogConfig: Setting CVar [[r.SkyAtmosphere.AerialPerspectiveLUT.DepthResolution:16.0]]
[2023.10.26-15.23.16:554][  0]LogConfig: Setting CVar [[r.SkyAtmosphere.FastSkyLUT:1]]
[2023.10.26-15.23.16:554][  0]LogConfig: Setting CVar [[r.SkyAtmosphere.FastSkyLUT.SampleCountMin:4.0]]
[2023.10.26-15.23.16:554][  0]LogConfig: Setting CVar [[r.SkyAtmosphere.FastSkyLUT.SampleCountMax:128.0]]
[2023.10.26-15.23.16:554][  0]LogConfig: Setting CVar [[r.SkyAtmosphere.SampleCountMin:4.0]]
[2023.10.26-15.23.16:554][  0]LogConfig: Setting CVar [[r.SkyAtmosphere.SampleCountMax:128.0]]
[2023.10.26-15.23.16:554][  0]LogConfig: Setting CVar [[r.SkyAtmosphere.TransmittanceLUT.UseSmallFormat:0]]
[2023.10.26-15.23.16:554][  0]LogConfig: Setting CVar [[r.SkyAtmosphere.TransmittanceLUT.SampleCount:10.0]]
[2023.10.26-15.23.16:554][  0]LogConfig: Setting CVar [[r.SkyAtmosphere.MultiScatteringLUT.SampleCount:15.0]]
[2023.10.26-15.23.16:554][  0]LogConfig: Setting CVar [[r.SkyLight.RealTimeReflectionCapture:1]]
[2023.10.26-15.23.16:554][  0]LogConfig: Applying CVar settings from Section [FoliageQuality@3] File [C:/Users/ADMIN/Documents/GameDev  Папка Ромы/GitHub/Lesson78/Saved/Config/Windows/Scalability.ini]
[2023.10.26-15.23.16:554][  0]LogConfig: Setting CVar [[foliage.DensityScale:1.0]]
[2023.10.26-15.23.16:554][  0]LogConfig: Setting CVar [[grass.DensityScale:1.0]]
[2023.10.26-15.23.16:554][  0]LogConfig: Applying CVar settings from Section [ShadingQuality@3] File [C:/Users/ADMIN/Documents/GameDev  Папка Ромы/GitHub/Lesson78/Saved/Config/Windows/Scalability.ini]
[2023.10.26-15.23.16:554][  0]LogConfig: Setting CVar [[r.HairStrands.SkyLighting.IntegrationType:2]]
[2023.10.26-15.23.16:554][  0]LogConfig: Setting CVar [[r.HairStrands.SkyAO.SampleCount:4]]
[2023.10.26-15.23.16:554][  0]LogConfig: Setting CVar [[r.HairStrands.Visibility.MSAA.SamplePerPixel:4]]
[2023.10.26-15.23.16:554][  0]LogConfig: Applying CVar settings from Section [Startup] File [../../../Engine/Config/ConsoleVariables.ini]
[2023.10.26-15.23.16:567][  0]LogConfig: Setting CVar [[net.UseAdaptiveNetUpdateFrequency:0]]
[2023.10.26-15.23.16:568][  0]LogConfig: Setting CVar [[p.chaos.AllowCreatePhysxBodies:1]]
[2023.10.26-15.23.16:568][  0]LogConfig: Setting CVar [[fx.SkipVectorVMBackendOptimizations:1]]
[2023.10.26-15.23.16:568][  0]LogConfig: Applying CVar settings from Section [ConsoleVariables] File [C:/Users/ADMIN/Documents/GameDev  Папка Ромы/GitHub/Lesson78/Saved/Config/Windows/Engine.ini]
[2023.10.26-15.23.16:568][  0]LogConfig: Applying CVar settings from Section [ConsoleVariables] File [C:/Users/ADMIN/Documents/GameDev  Папка Ромы/GitHub/Lesson78/Saved/Config/Windows/Editor.ini]
[2023.10.26-15.23.16:593][  0]LogInit: Computer: DESKTOP-U490D8V
[2023.10.26-15.23.16:593][  0]LogInit: User: ADMIN
[2023.10.26-15.23.16:593][  0]LogInit: CPU Page size=4096, Cores=6
[2023.10.26-15.23.16:593][  0]LogInit: High frequency timer resolution =10.000000 MHz
[2023.10.26-15.23.16:593][  0]LogMemory: Memory total: Physical=7.9GB (8GB approx)
[2023.10.26-15.23.16:593][  0]LogMemory: Platform Memory Stats for Windows
[2023.10.26-15.23.16:593][  0]LogMemory: Process Physical Memory: 141.75 MB used, 141.75 MB peak
[2023.10.26-15.23.16:593][  0]LogMemory: Process Virtual Memory: 111.63 MB used, 111.63 MB peak
[2023.10.26-15.23.16:593][  0]LogMemory: Physical Memory: 6791.92 MB used,  1276.16 MB free, 8068.07 MB total
[2023.10.26-15.23.16:593][  0]LogMemory: Virtual Memory: 134212536.00 MB used,  5190.25 MB free, 134217728.00 MB total
[2023.10.26-15.23.16:882][  0]LogWindows: WindowsPlatformFeatures enabled
[2023.10.26-15.23.18:033][  0]LogInit: Physics initialised using underlying interface: PhysX
[2023.10.26-15.23.18:109][  0]LogInit: Using OS detected language (ru-RU).
[2023.10.26-15.23.18:109][  0]LogInit: Using OS detected locale (ru-KZ).
[2023.10.26-15.23.18:206][  0]LogTextLocalizationManager: No specific localization for 'ru-RU' exists, so the 'ru' localization will be used.
[2023.10.26-15.23.18:206][  0]LogTextLocalizationResource: LocRes '../../../Engine/Content/Localization/Editor/ru/Editor.locres' could not be opened for reading!
[2023.10.26-15.23.18:207][  0]LogTextLocalizationResource: LocRes '../../../Engine/Content/Localization/EditorTutorials/ru/EditorTutorials.locres' could not be opened for reading!
[2023.10.26-15.23.18:207][  0]LogTextLocalizationResource: LocRes '../../../Engine/Content/Localization/Keywords/ru/Keywords.locres' could not be opened for reading!
[2023.10.26-15.23.18:207][  0]LogTextLocalizationResource: LocRes '../../../Engine/Content/Localization/Category/ru/Category.locres' could not be opened for reading!
[2023.10.26-15.23.18:207][  0]LogTextLocalizationResource: LocRes '../../../Engine/Content/Localization/ToolTips/ru/ToolTips.locres' could not be opened for reading!
[2023.10.26-15.23.18:207][  0]LogTextLocalizationResource: LocRes '../../../Engine/Content/Localization/PropertyNames/ru/PropertyNames.locres' could not be opened for reading!
[2023.10.26-15.23.18:207][  0]LogTextLocalizationResource: LocRes '../../../Engine/Content/Localization/Engine/ru/Engine.locres' could not be opened for reading!
[2023.10.26-15.23.18:286][  0]LogInit: Setting process to per monitor DPI aware
[2023.10.26-15.23.18:395][  0]LogWindowsTextInputMethodSystem: Display: IME system deactivated.
[2023.10.26-15.23.18:688][  0]LogSlate: New Slate User Created.  User Index 0, Is Virtual User: 0
[2023.10.26-15.23.18:688][  0]LogSlate: Slate User Registered.  User Index 0, Is Virtual User: 0
[2023.10.26-15.23.23:442][  0]LogD3D11RHI: Loaded GFSDK_Aftermath_Lib.x64.dll
[2023.10.26-15.23.23:470][  0]LogHMD: Failed to initialize OpenVR with code 110
[2023.10.26-15.23.23:516][  0]LogD3D11RHI: D3D11 min allowed feature level: 11_0
[2023.10.26-15.23.23:516][  0]LogD3D11RHI: D3D11 max allowed feature level: 11_0
[2023.10.26-15.23.23:516][  0]LogD3D11RHI: D3D11 adapters:
[2023.10.26-15.23.24:685][  0]LogD3D11RHI:    0. 'NVIDIA GeForce GT 1030' (Feature Level 11_0)
[2023.10.26-15.23.24:702][  0]LogD3D11RHI:       1981/0/4034 MB DedicatedVideo/DedicatedSystem/SharedSystem, Outputs:1, VendorId:0x10de
[2023.10.26-15.23.26:516][  0]LogD3D11RHI:    1. 'Intel(R) UHD Graphics 630' (Feature Level 11_0)
[2023.10.26-15.23.26:516][  0]LogD3D11RHI:       128/0/4034 MB DedicatedVideo/DedicatedSystem/SharedSystem, Outputs:0, VendorId:0x8086
[2023.10.26-15.23.26:593][  0]LogD3D11RHI:    2. 'Microsoft Basic Render Driver' (Feature Level 11_0)
[2023.10.26-15.23.26:593][  0]LogD3D11RHI:       0/0/4034 MB DedicatedVideo/DedicatedSystem/SharedSystem, Outputs:0, VendorId:0x1414
[2023.10.26-15.23.26:593][  0]LogD3D11RHI: Chosen D3D11 Adapter:
[2023.10.26-15.23.26:593][  0]LogD3D11RHI:     Description : NVIDIA GeForce GT 1030
[2023.10.26-15.23.26:593][  0]LogD3D11RHI:     VendorId    : 10de
[2023.10.26-15.23.26:593][  0]LogD3D11RHI:     DeviceId    : 1d01
[2023.10.26-15.23.26:593][  0]LogD3D11RHI:     SubSysId    : 85f51043
[2023.10.26-15.23.26:593][  0]LogD3D11RHI:     Revision    : 00a1
[2023.10.26-15.23.26:593][  0]LogD3D11RHI:     DedicatedVideoMemory : 2077417472 bytes
[2023.10.26-15.23.26:593][  0]LogD3D11RHI:     DedicatedSystemMemory : 0 bytes
[2023.10.26-15.23.26:593][  0]LogD3D11RHI:     SharedSystemMemory : 4229994496 bytes
[2023.10.26-15.23.26:593][  0]LogD3D11RHI:     AdapterLuid : 0 53875
[2023.10.26-15.23.26:599][  0]LogD3D11RHI: Creating new Direct3DDevice
[2023.10.26-15.23.26:599][  0]LogD3D11RHI:     GPU DeviceId: 0x1d01 (for the marketing name, search the web for "GPU Device Id")
[2023.10.26-15.23.26:599][  0]LogWindows: EnumDisplayDevices:
[2023.10.26-15.23.26:599][  0]LogWindows:    0. 'Intel(R) UHD Graphics 630' (P:0 D:0)
[2023.10.26-15.23.26:600][  0]LogWindows:    1. 'Intel(R) UHD Graphics 630' (P:0 D:0)
[2023.10.26-15.23.26:600][  0]LogWindows:    2. 'NVIDIA GeForce GT 1030' (P:1 D:1)
[2023.10.26-15.23.26:600][  0]LogWindows:    3. 'NVIDIA GeForce GT 1030' (P:0 D:0)
[2023.10.26-15.23.26:600][  0]LogWindows: DebugString: PrimaryIsNotTheChoosenAdapter PrimaryIsNotTheChoosenAdapter FoundDriverCount:2 
[2023.10.26-15.23.26:600][  0]LogD3D11RHI:     Adapter Name: NVIDIA GeForce GT 1030
[2023.10.26-15.23.26:600][  0]LogD3D11RHI:   Driver Version: 536.99 (internal:31.0.15.3699, unified:536.99)
[2023.10.26-15.23.26:600][  0]LogD3D11RHI:      Driver Date: 8-4-2023
[2023.10.26-15.23.26:600][  0]LogRHI: Texture pool is 1386 MB (70% of 1981 MB)
[2023.10.26-15.23.26:618][  0]LogD3D11RHI: Creating D3DDevice using adapter:
[2023.10.26-15.23.26:618][  0]LogD3D11RHI:     Description : NVIDIA GeForce GT 1030
[2023.10.26-15.23.26:618][  0]LogD3D11RHI:     VendorId    : 10de
[2023.10.26-15.23.26:618][  0]LogD3D11RHI:     DeviceId    : 1d01
[2023.10.26-15.23.26:618][  0]LogD3D11RHI:     SubSysId    : 85f51043
[2023.10.26-15.23.26:618][  0]LogD3D11RHI:     Revision    : 00a1
[2023.10.26-15.23.26:618][  0]LogD3D11RHI:     DedicatedVideoMemory : 2077417472 bytes
[2023.10.26-15.23.26:618][  0]LogD3D11RHI:     DedicatedSystemMemory : 0 bytes
[2023.10.26-15.23.26:618][  0]LogD3D11RHI:     SharedSystemMemory : 4229994496 bytes
[2023.10.26-15.23.26:618][  0]LogD3D11RHI:     AdapterLuid : 0 53875
[2023.10.26-15.23.26:799][  0]LogD3D11RHI: RHI has support for 64 bit atomics
[2023.10.26-15.23.26:801][  0]LogD3D11RHI: Async texture creation enabled
[2023.10.26-15.23.26:801][  0]LogD3D11RHI: Array index from any shader is supported
[2023.10.26-15.23.27:059][  0]LogD3D11RHI: GPU Timing Frequency: 1000.000000 (Debug: 2 1)
[2023.10.26-15.23.27:185][  0]LogRHI: GeForceNow SDK initialized: 1
[2023.10.26-15.23.28:645][  0]LogTargetPlatformManager: Display: Loaded TargetPlatform 'AllDesktop'
[2023.10.26-15.23.28:763][  0]LogTargetPlatformManager: Display: Loaded TargetPlatform 'Android'
[2023.10.26-15.23.28:763][  0]LogTargetPlatformManager: Display: Loaded TargetPlatform 'Android_ASTC'
[2023.10.26-15.23.28:763][  0]LogTargetPlatformManager: Display: Loaded TargetPlatform 'Android_DXT'
[2023.10.26-15.23.28:763][  0]LogTargetPlatformManager: Display: Loaded TargetPlatform 'Android_ETC2'
[2023.10.26-15.23.28:763][  0]LogTargetPlatformManager: Display: Loaded TargetPlatform 'AndroidClient'
[2023.10.26-15.23.28:763][  0]LogTargetPlatformManager: Display: Loaded TargetPlatform 'Android_ASTCClient'
[2023.10.26-15.23.28:763][  0]LogTargetPlatformManager: Display: Loaded TargetPlatform 'Android_DXTClient'
[2023.10.26-15.23.28:763][  0]LogTargetPlatformManager: Display: Loaded TargetPlatform 'Android_ETC2Client'
[2023.10.26-15.23.28:763][  0]LogTargetPlatformManager: Display: Loaded TargetPlatform 'Android_Multi'
[2023.10.26-15.23.28:763][  0]LogTargetPlatformManager: Display: Loaded TargetPlatform 'Android_MultiClient'
[2023.10.26-15.23.28:862][  0]LogTargetPlatformManager: Display: Loaded TargetPlatform 'IOSClient'
[2023.10.26-15.23.28:862][  0]LogTargetPlatformManager: Display: Loaded TargetPlatform 'IOS'
[2023.10.26-15.23.28:910][  0]LogTargetPlatformManager: Display: Loaded TargetPlatform 'Linux'
[2023.10.26-15.23.29:057][  0]LogTargetPlatformManager: Display: Loaded TargetPlatform 'LinuxNoEditor'
[2023.10.26-15.23.29:069][  0]LogTargetPlatformManager: Display: Loaded TargetPlatform 'LinuxClient'
[2023.10.26-15.23.29:077][  0]LogTargetPlatformManager: Display: Loaded TargetPlatform 'LinuxServer'
[2023.10.26-15.23.29:136][  0]LogTargetPlatformManager: Display: Loaded TargetPlatform 'LinuxAArch64NoEditor'
[2023.10.26-15.23.29:176][  0]LogTargetPlatformManager: Display: Loaded TargetPlatform 'LinuxAArch64Client'
[2023.10.26-15.23.29:236][  0]LogTargetPlatformManager: Display: Loaded TargetPlatform 'LinuxAArch64Server'
[2023.10.26-15.23.29:365][  0]LogTargetPlatformManager: Display: Loaded TargetPlatform 'Lumin'
[2023.10.26-15.23.29:365][  0]LogTargetPlatformManager: Display: Loaded TargetPlatform 'LuminClient'
[2023.10.26-15.23.29:431][  0]LogTargetPlatformManager: Display: Loaded TargetPlatform 'MacNoEditor'
[2023.10.26-15.23.29:621][  0]LogTargetPlatformManager: Display: Loaded TargetPlatform 'Mac'
[2023.10.26-15.23.29:653][  0]LogTargetPlatformManager: Display: Loaded TargetPlatform 'MacClient'
[2023.10.26-15.23.29:694][  0]LogTargetPlatformManager: Display: Loaded TargetPlatform 'MacServer'
[2023.10.26-15.23.29:725][  0]LogTargetPlatformManager: Display: Loaded TargetPlatform 'TVOSClient'
[2023.10.26-15.23.29:725][  0]LogTargetPlatformManager: Display: Loaded TargetPlatform 'TVOS'
[2023.10.26-15.23.29:799][  0]LogTargetPlatformManager: Display: Loaded TargetPlatform 'WindowsNoEditor'
[2023.10.26-15.23.29:858][  0]LogTargetPlatformManager: Display: Loaded TargetPlatform 'Windows'
[2023.10.26-15.23.29:905][  0]LogTargetPlatformManager: Display: Loaded TargetPlatform 'WindowsClient'
[2023.10.26-15.23.29:972][  0]LogTargetPlatformManager: Display: Loaded TargetPlatform 'WindowsServer'
[2023.10.26-15.23.29:972][  0]LogTargetPlatformManager: Display: Building Assets For Windows
[2023.10.26-15.23.30:188][  0]LogAudioDebug: Display: Lib vorbis DLL was dynamically loaded.
[2023.10.26-15.23.30:908][  0]LogTextureFormatOodle: Display: Oodle Texture 2.9.0 init RDO Off
[2023.10.26-15.23.32:411][  0]LogRendererCore: Ray tracing is disabled. Reason: r.RayTracing=0.
[2023.10.26-15.23.32:411][  0]LogShaderCompilers: Guid format shader working directory is -30 characters bigger than the processId version (../../../../../../Users/ADMIN/Documents/GameDev  Папка Ромы/GitHub/Lesson78/Intermediate/Shaders/WorkingDirectory/15416/).
[2023.10.26-15.23.32:412][  0]LogShaderCompilers: Cleaned the shader compiler working directory 'C:/Users/ADMIN/AppData/Local/Temp/UnrealShaderWorkingDir/12BD949C451EB9A87527068B4A012B4F/'.
[2023.10.26-15.23.32:428][  0]LogXGEController: Cannot use XGE Controller as Incredibuild is not installed on this machine.
[2023.10.26-15.23.32:428][  0]LogShaderCompilers: Cannot use XGE Shader Compiler as Incredibuild is not installed on this machine.
[2023.10.26-15.23.32:428][  0]LogShaderCompilers: Display: Using Local Shader Compiler.
[2023.10.26-15.24.18:645][  0]LogDerivedDataCache: Display: Max Cache Size: 512 MB
[2023.10.26-15.24.33:042][  0]LogDerivedDataCache: Loaded boot cache 14.32s 96MB C:/Users/ADMIN/AppData/Local/UnrealEngine/4.27/DerivedDataCache/Boot.ddc.
[2023.10.26-15.24.33:042][  0]LogDerivedDataCache: Display: Loaded Boot cache: C:/Users/ADMIN/AppData/Local/UnrealEngine/4.27/DerivedDataCache/Boot.ddc
[2023.10.26-15.24.33:042][  0]LogDerivedDataCache: FDerivedDataBackendGraph:  Pak pak cache file ../../../../../../Users/ADMIN/Documents/GameDev  Папка Ромы/GitHub/Lesson78/DerivedDataCache/DDC.ddp not found, will not use a pak cache.
[2023.10.26-15.24.33:042][  0]LogDerivedDataCache: Unable to find inner node Pak for hierarchical cache Hierarchy.
[2023.10.26-15.24.33:042][  0]LogDerivedDataCache: FDerivedDataBackendGraph:  CompressedPak pak cache file ../../../../../../Users/ADMIN/Documents/GameDev  Папка Ромы/GitHub/Lesson78/DerivedDataCache/Compressed.ddp not found, will not use a pak cache.
[2023.10.26-15.24.33:042][  0]LogDerivedDataCache: Unable to find inner node CompressedPak for hierarchical cache Hierarchy.
[2023.10.26-15.24.33:065][  0]LogDerivedDataCache: Display: Pak cache opened for reading ../../../Engine/DerivedDataCache/Compressed.ddp.
[2023.10.26-15.24.33:065][  0]LogDerivedDataCache: FDerivedDataBackendGraph:  EnterprisePak pak cache file ../../../Enterprise/DerivedDataCache/Compressed.ddp not found, will not use a pak cache.
[2023.10.26-15.24.33:065][  0]LogDerivedDataCache: Unable to find inner node EnterprisePak for hierarchical cache Hierarchy.
[2023.10.26-15.24.33:965][  0]LogDerivedDataCache: Speed tests for C:/Users/ADMIN/AppData/Local/UnrealEngine/Common/DerivedDataCache took 0.76 seconds
[2023.10.26-15.24.33:965][  0]LogDerivedDataCache: Display: Performance to C:/Users/ADMIN/AppData/Local/UnrealEngine/Common/DerivedDataCache: Latency=8.06ms. RandomReadSpeed=1.44MBs, RandomWriteSpeed=47.38MBs. Assigned SpeedClass 'Fast'
[2023.10.26-15.24.33:966][  0]LogDerivedDataCache: Using Local data cache path C:/Users/ADMIN/AppData/Local/UnrealEngine/Common/DerivedDataCache: Writable
[2023.10.26-15.24.33:966][  0]LogDerivedDataCache: Shared data cache path not found in *engine.ini, will not use an Shared cache.
[2023.10.26-15.24.33:966][  0]LogDerivedDataCache: Unable to find inner node Shared for hierarchical cache Hierarchy.
[2023.10.26-15.24.34:432][  0]LogSlate: Using FreeType 2.10.0
[2023.10.26-15.24.34:474][  0]LogSlate: SlateFontServices - WITH_FREETYPE: 1, WITH_HARFBUZZ: 1
[2023.10.26-15.24.37:940][  0]LogAssetRegistry: FAssetRegistry took 0.0045 seconds to start up
[2023.10.26-15.25.12:422][  0]LogInit: Selected Device Profile: [Windows]
[2023.10.26-15.25.12:422][  0]LogInit: Active device profile: [0000023B962ED100][0000023B935C3900 49] Windows
[2023.10.26-15.25.12:422][  0]LogInit: Profiles: [0000023B962ED100][0000023B935C3900 49] Windows, [0000023B962DE600][0000023B934C9A80 49] WindowsNoEditor, [0000023B962EE200][0000023B95D8FC00 49] WindowsServer, [0000023B962DD800][0000023B95D92200 49] WindowsClient, [0000023B962ED700][0000023B95D96380 49] IOS, [0000023B962DE800][0000023B95D9A500 49] iPadAir, [0000023B962EFC00][0000023B9358E680 49] iPadAir2, [0000023B96221400][0000023B93596940 49] IPadPro, [0000023B96221500][0000023B93592980 49] iPadAir3, [0000023B962DF900][0000023B89DA6AC0 49] iPadAir4, [0000023B96222300][0000023B9359AC00 49] iPadMini2, [0000023B962DF000][0000023B9359ED40 49] iPadMini3, [0000023B96222F00][0000023B959F4EC0 49] iPadMini4, [0000023B962DDD00][0000023B959F9040 49] iPadMini5, [0000023B9625D000][0000023B95A01300 49] iPhone6, [0000023B9625D100][0000023B959FD340 49] iPodTouch6, [0000023B962EF900][0000023B95A09600 49] iPhone7, [0000023B962EE900][0000023B95A05640 49] iPodTouch7, [0000023B96221000][0000023B95A0D7C0 49] iPhone5S, [0000023B962EEF00][0000023B95A11940 49] iPhone6Plus, [0000023B96223600][0000023B95A15AC0 49] iPhone6S, [0000023B962ECC00][0000023B95A180C0 49] iPhone6SPlus, [0000023B962EDD00][0000023B95A1C240 49] iPhone7Plus, [0000023B9625C800][0000023B95A203C0 49] iPhoneSE, [0000023B962EC400][0000023B95A24540 49] iPhone8, [0000023B9625C900][0000023B95A286C0 49] iPhone8Plus, [0000023B9625EE00][0000023B95A2C840 49] iPhoneX, [0000023B96221D00][0000023B95A309C0 49] iPhoneXS, [0000023B9625E700][0000023B95A34B40 49] iPhoneXSMax, [0000023B96221C00][0000023B959F0C80 49] iPhoneXR, [0000023B9625E800][0000023B95A38DC0 49] iPhone11, [0000023B96220F00][0000023B95A3CF00 49] iPhone11Pro, [0000023B9625CB00][0000023B95A45080 49] iPhone11ProMax, [0000023B96220D00][0000023B934C5200 49] iPhoneSE2, [0000023B9625CE00][0000023B934C1380 49] iPhone12Mini, [0000023B962EF800][0000023B95A49500 49] iPhone12, [0000023B9625F000][0000023B95A4D680 49] iPhone12Pro, [0000023B962EF700][0000023B93371800 49] iPhone12ProMax, [0000023B9625DE00][0000023B95A51980 49] iPadPro105, [0000023B962ED300][0000023B95A55B00 49] iPadPro129, [0000023B9625FE00][0000023B95A58100 49] iPadPro97, [0000023B962EDC00][0000023B95A5C280 49] iPadPro2_129, [0000023B9625E000][0000023B95A60400 49] iPad5, [0000023B962EE300][0000023B95A64580 49] iPad6, [0000023B9625FB00][0000023B95A68700 49] iPad7, [0000023B962EDE00][0000023B95A6C880 49] iPad8, [0000023B9625CA00][0000023B95A70A00 49] iPadPro11, [0000023B962EE600][0000023B932BEB80 49] iPadPro2_11, [0000023B9625CF00][0000023B932C2D00 49] iPadPro3_129, [0000023B962EE800][0000023B95A40E40 49] iPadPro4_129, [0000023B9625FC00][0000023B932C6F80 49] AppleTV, [0000023B962EDA00][0000023B932CB0C0 49] AppleTV4K, [0000023B9625E600][0000023B932D3240 49] TVOS, [0000023B962EE100][0000023B932D73C0 49] Mac, [0000023B9625EF00][0000023B932DB540 49] MacClient, [0000023B962EEA00][0000023B932DF6C0 49] MacNoEditor, [0000023B9625EC00][0000023B932E3840 49] MacServer, [0000023B962EF000][0000023B932E79C0 49] Linux, [0000023B9625C400][0000023B932EBB40 49] LinuxAArch64, [0000023B962EC700][0000023B932EE140 49] LinuxNoEditor, [0000023B9625F700][0000023B932F22C0 49] LinuxAArch64NoEditor, [0000023B962EFB00][0000023B932F6440 49] LinuxClient, [0000023B9625F400][0000023B932FA5C0 49] LinuxAArch64Client, [0000023B962EFE00][0000023B932FE740 49] LinuxServer, [0000023B9625C700][0000023B933028C0 49] LinuxAArch64Server, [0000023B962EDF00][0000023B93306A40 49] Android, [0000023B9625EA00][0000023B9330ABC0 49] Android_Low, [0000023B962EED00][0000023B9330ED40 49] Android_Mid, [0000023B9625DF00][0000023B93312EC0 49] Android_High, [0000023B962EEB00][0000023B932CF000 49] Android_Default, [0000023B9625C100][0000023B93317140 49] Android_Adreno4xx, [0000023B962EC500][0000023B9331B280 49] Android_Adreno5xx_Low, [0000023B9625D400][0000023B9331F3C0 49] Android_Adreno5xx, [0000023B962EF400][0000023B93327540 49] Android_Adreno6xx, [0000023B9625E300][0000023B9332B6C0 49] Android_Adreno6xx_Vulkan, [0000023B962EFD00][0000023B9332F840 49] Android_Mali_T6xx, [0000023B9625C200][0000023B933339C0 49] Android_Mali_T7xx, [0000023B962EF600][0000023B93337B40 49] Android_Mali_T8xx, [0000023B9625F200][0000023B9333A140 49] Android_Mali_G71, [0000023B96223100][0000023B9333E2C0 49] Android_Mali_G72, [0000023B962DEE00][0000023B93342440 49] Android_Mali_G72_Vulkan, [0000023B96222B00][0000023B933465C0 49] Android_Mali_G76, [0000023B962DC500][0000023B9334A740 49] Android_Mali_G76_Vulkan, [0000023B96220C00][0000023B95E008C0 49] Android_Mali_G77, [0000023B962DC600][0000023B95E04A40 49] Android_Mali_G77_Vulkan, [0000023B96222400][0000023B95E08BC0 49] Android_Mali_G78, [0000023B962DCD00][0000023B95E0CD40 49] Android_Mali_G78_Vulkan, [0000023B96223D00][0000023B95E10EC0 49] Android_Mali_G710, [0000023B962DEA00][0000023B95E15040 49] Android_Mali_G710_Vulkan, [0000023B96222A00][0000023B93323180 49] Android_Vulkan_SM5, [0000023B962DD900][0000023B95E192C0 49] Android_PowerVR_G6xxx, [0000023B96220500][0000023B95E1D400 49] Android_PowerVR_GT7xxx, [0000023B962DC200][0000023B95E21540 49] Android_PowerVR_GE8xxx, [0000023B96223B00][0000023B95E296C0 49] Android_PowerVR_GM9xxx, [0000023B962DE000][0000023B95E2D840 49] Android_PowerVR_GM9xxx_Vulkan, [0000023B96221F00][0000023B95E319C0 49] Android_TegraK1, [0000023B962DCA00][0000023B95E35B40 49] Android_Unknown_Vulkan, [0000023B96223900][0000023B95E38140 49] Lumin, [0000023B962DD100][0000023B95E3C2C0 49] Lumin_Desktop, [0000023B96222000][0000023B95E40440 49] HoloLens, 
[2023.10.26-15.25.18:087][  0]LogMeshReduction: Using QuadricMeshReduction for automatic static mesh reduction
[2023.10.26-15.25.18:087][  0]LogMeshReduction: Using SimplygonMeshReduction for automatic skeletal mesh reduction
[2023.10.26-15.25.18:088][  0]LogMeshReduction: Using ProxyLODMeshReduction for automatic mesh merging
[2023.10.26-15.25.18:088][  0]LogMeshReduction: No distributed automatic mesh merging module available
[2023.10.26-15.25.18:234][  0]LogMeshMerging: No distributed automatic mesh merging module available
[2023.10.26-15.25.19:855][  0]LogNetVersion: MyProject7 1.0.0, NetCL: 17155196, EngineNetVer: 17, GameNetVer: 0 (Checksum: 3183582238)
[2023.10.26-15.25.50:586][  0]LogTexture: Default maximum texture size for cubemaps generated from long-lat sources has been changed from 512 to unlimited. In order to preserve old behaiour for '/Engine/MapTemplates/Sky/DaylightAmbientCubemap.DaylightAmbientCubemap', its maximum texture size has been explicitly set to 512.
[2023.10.26-15.25.56:050][  0]LogHMD: PokeAHoleMaterial loaded successfully
[2023.10.26-15.25.56:846][  0]LogUObjectArray: 17178 objects as part of root set at end of initial load.
[2023.10.26-15.25.56:846][  0]LogUObjectAllocator: 4302048 out of 0 bytes used by permanent object pool.
[2023.10.26-15.25.56:846][  0]LogUObjectArray: CloseDisregardForGC: 0/0 objects in disregard for GC pool
[2023.10.26-15.26.07:968][  0]LogNiagaraDebuggerClient: Niagara Debugger Client Initialized | Session: 11548EF1435CCB1CB1E896A21C3175BA | Instance: 41F595B84FC77834E2C7E1A543A143F2 (DESKTOP-U490D8V-15416).
[2023.10.26-15.26.10:335][  0]LogPython: Using Python 3.7.7
[2023.10.26-15.26.15:741][  0]LogTcpMessaging: Initializing TcpMessaging bridge
[2023.10.26-15.26.15:992][  0]LogUdpMessaging: Initializing bridge on interface 0.0.0.0:0 to multicast group 230.0.0.1:6666.
[2023.10.26-15.26.30:500][  0]SourceControl: Source control is disabled
[2023.10.26-15.26.30:500][  0]SourceControl: Source control is disabled
[2023.10.26-15.26.30:939][  0]SourceControl: Source control is disabled
[2023.10.26-15.26.31:124][  0]SourceControl: Source control is disabled
[2023.10.26-15.26.32:005][  0]SourceControl: Source control is disabled
[2023.10.26-15.26.32:048][  0]LogUProjectInfo: Found projects:
[2023.10.26-15.26.34:435][  0]LogOpenImageDenoise: OIDN starting up
[2023.10.26-15.26.34:702][  0]LogAndroidPermission: UAndroidPermissionCallbackProxy::GetInstance
[2023.10.26-15.26.34:929][  0]LogAudioCaptureCore: Display: No Audio Capture implementations found. Audio input will be silent.
[2023.10.26-15.26.34:929][  0]LogAudioCaptureCore: Display: No Audio Capture implementations found. Audio input will be silent.
[2023.10.26-15.26.36:294][  0]LogCollectionManager: Loaded 0 collections in 0.079019 seconds
[2023.10.26-15.26.36:507][  0]LogFileCache: Scanning file cache for directory 'C:/Users/ADMIN/Documents/GameDev  Папка Ромы/GitHub/Lesson78/Saved/Collections/' took 0.00s
[2023.10.26-15.26.36:507][  0]LogFileCache: Scanning file cache for directory 'C:/Users/ADMIN/Documents/GameDev  Папка Ромы/GitHub/Lesson78/Content/Developers/ADMIN/Collections/' took 0.00s
[2023.10.26-15.26.36:508][  0]LogFileCache: Scanning file cache for directory 'C:/Users/ADMIN/Documents/GameDev  Папка Ромы/GitHub/Lesson78/Content/Collections/' took 0.00s
[2023.10.26-15.26.36:600][  0]LogOcInput: OculusInput pre-init called
[2023.10.26-15.26.38:996][  0]LogEngine: Initializing Engine...
[2023.10.26-15.26.39:009][  0]LogHMD: Failed to enumerate extensions. Please check that you have a valid OpenXR runtime installed.
[2023.10.26-15.26.39:010][  0]LogHMD: Failed to initialize OpenVR with code 110
[2023.10.26-15.26.39:010][  0]LogMagicLeap: Warning: VR disabled because ZI is not enabled.  To enable, in the editor, Edit -> Project Settings -> Plugins -> Magic Leap Plugin -> Enable Zero Iteration
[2023.10.26-15.26.39:011][  0]LogStats: UGameplayTagsManager::InitializeManager -  0.000 s
[2023.10.26-15.26.39:958][  0]LogInit: Initializing FReadOnlyCVARCache
[2023.10.26-15.26.40:122][  0]LogAIModule: Creating AISystem for world Untitled
[2023.10.26-15.26.40:123][  0]LogAudio: Display: Initializing Audio Device Manager...
[2023.10.26-15.26.40:285][  0]LogAudio: Display: Loading Default Audio Settings Objects...
[2023.10.26-15.26.40:298][  0]LogAudio: Display: No default SoundConcurrencyObject specified (or failed to load).
[2023.10.26-15.26.40:299][  0]LogAudio: Display: Audio Device Manager Initialized
[2023.10.26-15.26.40:299][  0]LogAudio: Display: Creating Audio Device:                 Id: 1, Scope: Shared, Realtime: True
[2023.10.26-15.26.40:299][  0]LogAudioMixer: Display: Audio Mixer Platform Settings:
[2023.10.26-15.26.40:299][  0]LogAudioMixer: Display: 	Sample Rate:						  48000
[2023.10.26-15.26.40:299][  0]LogAudioMixer: Display: 	Callback Buffer Frame Size Requested: 1024
[2023.10.26-15.26.40:299][  0]LogAudioMixer: Display: 	Callback Buffer Frame Size To Use:	  1024
[2023.10.26-15.26.40:299][  0]LogAudioMixer: Display: 	Number of buffers to queue:			  2
[2023.10.26-15.26.40:299][  0]LogAudioMixer: Display: 	Max Channels (voices):				  32
[2023.10.26-15.26.40:299][  0]LogAudioMixer: Display: 	Number of Async Source Workers:		  0
[2023.10.26-15.26.40:299][  0]LogAudio: Display: AudioDevice MaxSources: 32
[2023.10.26-15.26.40:300][  0]LogAudio: Display: Audio Spatialization Plugin: None (built-in).
[2023.10.26-15.26.40:300][  0]LogAudio: Display: Audio Reverb Plugin: None (built-in).
[2023.10.26-15.26.40:300][  0]LogAudio: Display: Audio Occlusion Plugin: None (built-in).
[2023.10.26-15.26.40:300][  0]LogAudioMixer: Display: Initializing audio mixer.
[2023.10.26-15.26.40:375][  0]LogAudioMixer: Display: 0: FrontLeft
[2023.10.26-15.26.40:375][  0]LogAudioMixer: Display: 1: FrontRight
[2023.10.26-15.26.40:392][  0]LogAudioMixer: Display: Using Audio Device Наушники (High Definition Audio Device)
[2023.10.26-15.26.40:392][  0]LogAudioMixer: Display: Initializing Sound Submixes...
[2023.10.26-15.26.40:451][  0]LogAudioMixer: Display: Creating Master Submix 'MasterSubmixDefault'
[2023.10.26-15.26.40:451][  0]LogAudioMixer: Display: Creating Master Submix 'MasterReverbSubmixDefault'
[2023.10.26-15.26.40:453][  0]LogAudioMixer: Display: Creating Master Submix 'MasterEQSubmixDefault'
[2023.10.26-15.26.40:453][  0]LogAudioMixer: FMixerPlatformXAudio2::StartAudioStream() called
[2023.10.26-15.26.40:453][  0]LogAudioMixer: Display: Output buffers initialized: Frames=1024, Channels=2, Samples=2048
[2023.10.26-15.26.40:454][  0]LogAudioMixer: Display: Starting AudioMixerPlatformInterface::RunInternal()
[2023.10.26-15.26.40:454][  0]LogAudioMixer: Display: FMixerPlatformXAudio2::SubmitBuffer() called for the first time
[2023.10.26-15.26.40:455][  0]LogInit: FAudioDevice initialized.
[2023.10.26-15.26.40:455][  0]LogAudio: Display: Audio Device (ID: 1) registered with world 'Untitled'.
[2023.10.26-15.26.40:455][  0]LogNetVersion: Set ProjectVersion to 1.0.0.0. Version Checksum will be recalculated on next use.
[2023.10.26-15.26.40:629][  0]LogDerivedDataCache: Saved boot cache 0.17s 94MB C:/Users/ADMIN/AppData/Local/UnrealEngine/4.27/DerivedDataCache/Boot.ddc.
[2023.10.26-15.26.40:633][  0]LogInit: Texture streaming: Enabled
[2023.10.26-15.26.40:682][  0]LogAnalytics: Display: [UEEditor.Rocket.Release] APIServer = https://datarouter.ol.epicgames.com/. AppVersion = 4.27.2-18319896+++UE4+Release-4.27
[2023.10.26-15.26.40:696][  0]LogEngineSessionManager: EngineSessionManager initialized
[2023.10.26-15.26.40:696][  0]LogEditorSessionSummary: Verbose: Initializing EditorSessionSummaryWriter for editor session tracking
[2023.10.26-15.26.40:709][  0]LogEditorSessionSummary: EditorSessionSummaryWriter initialized
[2023.10.26-15.26.40:896][  0]LogInit: Transaction tracking system initialized
[2023.10.26-15.26.42:773][  0]BlueprintLog: New page: Editor Load
[2023.10.26-15.26.44:395][  0]LocalizationService: Localization service is disabled
[2023.10.26-15.26.44:697][  0]TimingProfiler: Initialize
[2023.10.26-15.26.44:697][  0]TimingProfiler: OnSessionChanged
[2023.10.26-15.26.44:697][  0]LoadingProfiler: Initialize
[2023.10.26-15.26.44:697][  0]LoadingProfiler: OnSessionChanged
[2023.10.26-15.26.44:697][  0]NetworkingProfiler: Initialize
[2023.10.26-15.26.44:697][  0]NetworkingProfiler: OnSessionChanged
[2023.10.26-15.26.44:697][  0]MemoryProfiler: Initialize
[2023.10.26-15.26.44:697][  0]MemoryProfiler: OnSessionChanged
[2023.10.26-15.26.46:097][  0]LogFileCache: Scanning file cache for directory 'C:/Users/ADMIN/Documents/GameDev  Папка Ромы/GitHub/Lesson78/Content/' took 0.00s
[2023.10.26-15.26.46:097][  0]LogCook: Display: CookSettings for Memory: MemoryMaxUsedVirtual 0MiB, MemoryMaxUsedPhysical 16384MiB, MemoryMinFreeVirtual 0MiB, MemoryMinFreePhysical 1024MiB
[2023.10.26-15.26.46:097][  0]LogCook: Display: Mobile HDR setting 1
[2023.10.26-15.26.49:659][  0]LogInit: Display: Engine is initialized. Leaving FEngineLoop::Init()
[2023.10.26-15.26.49:756][  0]SourceControl: Source control is disabled
[2023.10.26-15.26.49:756][  0]LogUnrealEdMisc: Loading editor; pre map load, took 260.122
[2023.10.26-15.26.49:756][  0]Cmd: MAP LOAD FILE="../../../Engine/Content/Maps/Templates/Template_Default.umap" TEMPLATE=1 SHOWPROGRESS=1 FEATURELEVEL=3
[2023.10.26-15.26.49:775][  0]LightingResults: New page: Lighting Build
[2023.10.26-15.26.49:813][  0]LogWorld: UWorld::CleanupWorld for Untitled, bSessionEnded=true, bCleanupResources=true
[2023.10.26-15.26.49:814][  0]LogSlate: InvalidateAllWidgets triggered.  All widgets were invalidated
[2023.10.26-15.26.49:814][  0]MapCheck: New page: Map Check
[2023.10.26-15.26.49:814][  0]LightingResults: New page: Lighting Build
[2023.10.26-15.26.49:821][  0]LogAudio: Display: Audio Device unregistered from world 'None'.
[2023.10.26-15.26.49:830][  0]LogUObjectHash: Compacting FUObjectHashTables data took   4.63ms
[2023.10.26-15.26.50:303][  0]LogTexture: Display: Building textures: DeprecatedTextureEB9CBE3C423008B5E8E130901E171C89 (BGRA8, 128X128)
[2023.10.26-15.26.50:373][  0]LogAudio: Display: Audio Device (ID: 1) registered with world 'Untitled_1'.
[2023.10.26-15.26.50:375][  0]LogAIModule: Creating AISystem for world Untitled_1
[2023.10.26-15.26.50:427][  0]LogEditorServer: Finished looking for orphan Actors (0.000 secs)
[2023.10.26-15.26.50:441][  0]LogUObjectHash: Compacting FUObjectHashTables data took   4.45ms
[2023.10.26-15.26.50:441][  0]Cmd: MAP CHECKDEP NOCLEARLOG
[2023.10.26-15.26.50:442][  0]MapCheck: Map check complete: 0 Error(s), 0 Warning(s), took 0,382ms to complete.
[2023.10.26-15.26.50:442][  0]LogFileHelpers: Loading map 'Template_Default' took 0.686
[2023.10.26-15.26.50:446][  0]LogUnrealEdMisc: Total Editor Startup Time, took 260.811
[2023.10.26-15.26.50:725][  0]LogSlate: Updating window title bar state: overlay mode, drag disabled, window buttons hidden, title bar hidden
[2023.10.26-15.26.50:732][  0]LogSlate: Updating window title bar state: overlay mode, drag disabled, window buttons hidden, title bar hidden
[2023.10.26-15.26.50:740][  0]LogSlate: Updating window title bar state: overlay mode, drag disabled, window buttons hidden, title bar hidden
[2023.10.26-15.26.50:748][  0]LogSlate: Updating window title bar state: overlay mode, drag disabled, window buttons hidden, title bar hidden
[2023.10.26-15.26.50:787][  0]LogNativeClassHierarchy: Verbose: Native class hierarchy populated in 0.0111 seconds. Added 3822 classes and 928 folders.
[2023.10.26-15.26.50:817][  0]LogNativeClassHierarchy: Verbose: Native class hierarchy updated for 'WidgetCarousel' in 0.0004 seconds. Added 0 classes and 0 folders.
[2023.10.26-15.26.51:001][  0]LogPakFile: PakFile PrimaryIndexSize=187
[2023.10.26-15.26.51:001][  0]LogPakFile: PakFile PathHashIndexSize=101
[2023.10.26-15.26.51:001][  0]LogPakFile: PakFile FullDirectoryIndexSize=148
[2023.10.26-15.26.51:001][  0]LogShaderLibrary: Display: ShaderCodeLibraryPakFileMountedCallback: PakFile 'C:/Program Files/Epic Games/UE_4.27/FeaturePacks/FP_FirstPerson.upack' (chunk index -1, root 'root:/') mounted
[2023.10.26-15.26.51:001][  0]LogShaderLibrary: Display: ShaderCodeLibraryPakFileMountedCallback: pending pak file info (ChunkID:-1 Root:root:/ File:C:/Program Files/Epic Games/UE_4.27/FeaturePacks/FP_FirstPerson.upack)
[2023.10.26-15.26.51:001][  0]LogPakFile: OnPakFileMounted2Time == 0.000064
[2023.10.26-15.26.51:018][  0]LogPakFile: PakFile PrimaryIndexSize=189
[2023.10.26-15.26.51:018][  0]LogPakFile: PakFile PathHashIndexSize=101
[2023.10.26-15.26.51:018][  0]LogPakFile: PakFile FullDirectoryIndexSize=152
[2023.10.26-15.26.51:018][  0]LogShaderLibrary: Display: ShaderCodeLibraryPakFileMountedCallback: PakFile 'C:/Program Files/Epic Games/UE_4.27/FeaturePacks/FP_FirstPersonBP.upack' (chunk index -1, root 'root:/') mounted
[2023.10.26-15.26.51:018][  0]LogShaderLibrary: Display: ShaderCodeLibraryPakFileMountedCallback: pending pak file info (ChunkID:-1 Root:root:/ File:C:/Program Files/Epic Games/UE_4.27/FeaturePacks/FP_FirstPersonBP.upack)
[2023.10.26-15.26.51:019][  0]LogPakFile: OnPakFileMounted2Time == 0.000095
[2023.10.26-15.26.51:158][  0]LogPakFile: PakFile PrimaryIndexSize=191
[2023.10.26-15.26.51:158][  0]LogPakFile: PakFile PathHashIndexSize=101
[2023.10.26-15.26.51:158][  0]LogPakFile: PakFile FullDirectoryIndexSize=160
[2023.10.26-15.26.51:158][  0]LogShaderLibrary: Display: ShaderCodeLibraryPakFileMountedCallback: PakFile 'C:/Program Files/Epic Games/UE_4.27/FeaturePacks/MobileStarterContent.upack' (chunk index -1, root 'root:/') mounted
[2023.10.26-15.26.51:158][  0]LogShaderLibrary: Display: ShaderCodeLibraryPakFileMountedCallback: pending pak file info (ChunkID:-1 Root:root:/ File:C:/Program Files/Epic Games/UE_4.27/FeaturePacks/MobileStarterContent.upack)
[2023.10.26-15.26.51:158][  0]LogPakFile: OnPakFileMounted2Time == 0.000049
[2023.10.26-15.26.51:255][  0]LogPakFile: PakFile PrimaryIndexSize=185
[2023.10.26-15.26.51:255][  0]LogPakFile: PakFile PathHashIndexSize=101
[2023.10.26-15.26.51:255][  0]LogPakFile: PakFile FullDirectoryIndexSize=148
[2023.10.26-15.26.51:255][  0]LogShaderLibrary: Display: ShaderCodeLibraryPakFileMountedCallback: PakFile 'C:/Program Files/Epic Games/UE_4.27/FeaturePacks/StarterContent.upack' (chunk index -1, root 'root:/') mounted
[2023.10.26-15.26.51:255][  0]LogShaderLibrary: Display: ShaderCodeLibraryPakFileMountedCallback: pending pak file info (ChunkID:-1 Root:root:/ File:C:/Program Files/Epic Games/UE_4.27/FeaturePacks/StarterContent.upack)
[2023.10.26-15.26.51:256][  0]LogPakFile: OnPakFileMounted2Time == 0.000065
[2023.10.26-15.26.51:381][  0]LogPakFile: PakFile PrimaryIndexSize=190
[2023.10.26-15.26.51:381][  0]LogPakFile: PakFile PathHashIndexSize=101
[2023.10.26-15.26.51:382][  0]LogPakFile: PakFile FullDirectoryIndexSize=154
[2023.10.26-15.26.51:382][  0]LogShaderLibrary: Display: ShaderCodeLibraryPakFileMountedCallback: PakFile 'C:/Program Files/Epic Games/UE_4.27/FeaturePacks/TP_2DSideScroller.upack' (chunk index -1, root 'root:/') mounted
[2023.10.26-15.26.51:382][  0]LogShaderLibrary: Display: ShaderCodeLibraryPakFileMountedCallback: pending pak file info (ChunkID:-1 Root:root:/ File:C:/Program Files/Epic Games/UE_4.27/FeaturePacks/TP_2DSideScroller.upack)
[2023.10.26-15.26.51:382][  0]LogPakFile: OnPakFileMounted2Time == 0.000047
[2023.10.26-15.26.51:396][  0]LogPakFile: PakFile PrimaryIndexSize=192
[2023.10.26-15.26.51:396][  0]LogPakFile: PakFile PathHashIndexSize=101
[2023.10.26-15.26.51:396][  0]LogPakFile: PakFile FullDirectoryIndexSize=158
[2023.10.26-15.26.51:396][  0]LogShaderLibrary: Display: ShaderCodeLibraryPakFileMountedCallback: PakFile 'C:/Program Files/Epic Games/UE_4.27/FeaturePacks/TP_2DSideScrollerBP.upack' (chunk index -1, root 'root:/') mounted
[2023.10.26-15.26.51:396][  0]LogShaderLibrary: Display: ShaderCodeLibraryPakFileMountedCallback: pending pak file info (ChunkID:-1 Root:root:/ File:C:/Program Files/Epic Games/UE_4.27/FeaturePacks/TP_2DSideScrollerBP.upack)
[2023.10.26-15.26.51:396][  0]LogPakFile: OnPakFileMounted2Time == 0.000053
[2023.10.26-15.26.51:409][  0]LogPakFile: PakFile PrimaryIndexSize=182
[2023.10.26-15.26.51:409][  0]LogPakFile: PakFile PathHashIndexSize=101
[2023.10.26-15.26.51:409][  0]LogPakFile: PakFile FullDirectoryIndexSize=138
[2023.10.26-15.26.51:409][  0]LogShaderLibrary: Display: ShaderCodeLibraryPakFileMountedCallback: PakFile 'C:/Program Files/Epic Games/UE_4.27/FeaturePacks/TP_Flying.upack' (chunk index -1, root 'root:/') mounted
[2023.10.26-15.26.51:409][  0]LogShaderLibrary: Display: ShaderCodeLibraryPakFileMountedCallback: pending pak file info (ChunkID:-1 Root:root:/ File:C:/Program Files/Epic Games/UE_4.27/FeaturePacks/TP_Flying.upack)
[2023.10.26-15.26.51:409][  0]LogPakFile: OnPakFileMounted2Time == 0.000050
[2023.10.26-15.26.51:449][  0]LogPakFile: PakFile PrimaryIndexSize=184
[2023.10.26-15.26.51:449][  0]LogPakFile: PakFile PathHashIndexSize=101
[2023.10.26-15.26.51:449][  0]LogPakFile: PakFile FullDirectoryIndexSize=142
[2023.10.26-15.26.51:449][  0]LogShaderLibrary: Display: ShaderCodeLibraryPakFileMountedCallback: PakFile 'C:/Program Files/Epic Games/UE_4.27/FeaturePacks/TP_FlyingBP.upack' (chunk index -1, root 'root:/') mounted
[2023.10.26-15.26.51:449][  0]LogShaderLibrary: Display: ShaderCodeLibraryPakFileMountedCallback: pending pak file info (ChunkID:-1 Root:root:/ File:C:/Program Files/Epic Games/UE_4.27/FeaturePacks/TP_FlyingBP.upack)
[2023.10.26-15.26.51:449][  0]LogPakFile: OnPakFileMounted2Time == 0.000045
[2023.10.26-15.26.51:505][  0]LogPakFile: PakFile PrimaryIndexSize=188
[2023.10.26-15.26.51:505][  0]LogPakFile: PakFile PathHashIndexSize=101
[2023.10.26-15.26.51:505][  0]LogPakFile: PakFile FullDirectoryIndexSize=150
[2023.10.26-15.26.51:505][  0]LogShaderLibrary: Display: ShaderCodeLibraryPakFileMountedCallback: PakFile 'C:/Program Files/Epic Games/UE_4.27/FeaturePacks/TP_HandheldARBP.upack' (chunk index -1, root 'root:/') mounted
[2023.10.26-15.26.51:505][  0]LogShaderLibrary: Display: ShaderCodeLibraryPakFileMountedCallback: pending pak file info (ChunkID:-1 Root:root:/ File:C:/Program Files/Epic Games/UE_4.27/FeaturePacks/TP_HandheldARBP.upack)
[2023.10.26-15.26.51:505][  0]LogPakFile: OnPakFileMounted2Time == 0.000052
[2023.10.26-15.26.51:532][  0]LogPakFile: PakFile PrimaryIndexSize=182
[2023.10.26-15.26.51:532][  0]LogPakFile: PakFile PathHashIndexSize=101
[2023.10.26-15.26.51:532][  0]LogPakFile: PakFile FullDirectoryIndexSize=138
[2023.10.26-15.26.51:532][  0]LogShaderLibrary: Display: ShaderCodeLibraryPakFileMountedCallback: PakFile 'C:/Program Files/Epic Games/UE_4.27/FeaturePacks/TP_Puzzle.upack' (chunk index -1, root 'root:/') mounted
[2023.10.26-15.26.51:532][  0]LogShaderLibrary: Display: ShaderCodeLibraryPakFileMountedCallback: pending pak file info (ChunkID:-1 Root:root:/ File:C:/Program Files/Epic Games/UE_4.27/FeaturePacks/TP_Puzzle.upack)
[2023.10.26-15.26.51:532][  0]LogPakFile: OnPakFileMounted2Time == 0.000045
[2023.10.26-15.26.51:605][  0]LogPakFile: PakFile PrimaryIndexSize=184
[2023.10.26-15.26.51:605][  0]LogPakFile: PakFile PathHashIndexSize=101
[2023.10.26-15.26.51:605][  0]LogPakFile: PakFile FullDirectoryIndexSize=142
[2023.10.26-15.26.51:605][  0]LogShaderLibrary: Display: ShaderCodeLibraryPakFileMountedCallback: PakFile 'C:/Program Files/Epic Games/UE_4.27/FeaturePacks/TP_PuzzleBP.upack' (chunk index -1, root 'root:/') mounted
[2023.10.26-15.26.51:605][  0]LogShaderLibrary: Display: ShaderCodeLibraryPakFileMountedCallback: pending pak file info (ChunkID:-1 Root:root:/ File:C:/Program Files/Epic Games/UE_4.27/FeaturePacks/TP_PuzzleBP.upack)
[2023.10.26-15.26.51:605][  0]LogPakFile: OnPakFileMounted2Time == 0.000046
[2023.10.26-15.26.51:665][  0]LogPakFile: PakFile PrimaryIndexSize=183
[2023.10.26-15.26.51:665][  0]LogPakFile: PakFile PathHashIndexSize=101
[2023.10.26-15.26.51:665][  0]LogPakFile: PakFile FullDirectoryIndexSize=140
[2023.10.26-15.26.51:665][  0]LogShaderLibrary: Display: ShaderCodeLibraryPakFileMountedCallback: PakFile 'C:/Program Files/Epic Games/UE_4.27/FeaturePacks/TP_Rolling.upack' (chunk index -1, root 'root:/') mounted
[2023.10.26-15.26.51:665][  0]LogShaderLibrary: Display: ShaderCodeLibraryPakFileMountedCallback: pending pak file info (ChunkID:-1 Root:root:/ File:C:/Program Files/Epic Games/UE_4.27/FeaturePacks/TP_Rolling.upack)
[2023.10.26-15.26.51:665][  0]LogPakFile: OnPakFileMounted2Time == 0.000045
[2023.10.26-15.26.51:819][  0]LogPakFile: PakFile PrimaryIndexSize=185
[2023.10.26-15.26.51:819][  0]LogPakFile: PakFile PathHashIndexSize=101
[2023.10.26-15.26.51:819][  0]LogPakFile: PakFile FullDirectoryIndexSize=144
[2023.10.26-15.26.51:819][  0]LogShaderLibrary: Display: ShaderCodeLibraryPakFileMountedCallback: PakFile 'C:/Program Files/Epic Games/UE_4.27/FeaturePacks/TP_RollingBP.upack' (chunk index -1, root 'root:/') mounted
[2023.10.26-15.26.51:819][  0]LogShaderLibrary: Display: ShaderCodeLibraryPakFileMountedCallback: pending pak file info (ChunkID:-1 Root:root:/ File:C:/Program Files/Epic Games/UE_4.27/FeaturePacks/TP_RollingBP.upack)
[2023.10.26-15.26.51:819][  0]LogPakFile: OnPakFileMounted2Time == 0.000044
[2023.10.26-15.26.51:917][  0]LogPakFile: PakFile PrimaryIndexSize=188
[2023.10.26-15.26.51:917][  0]LogPakFile: PakFile PathHashIndexSize=101
[2023.10.26-15.26.51:917][  0]LogPakFile: PakFile FullDirectoryIndexSize=150
[2023.10.26-15.26.51:917][  0]LogShaderLibrary: Display: ShaderCodeLibraryPakFileMountedCallback: PakFile 'C:/Program Files/Epic Games/UE_4.27/FeaturePacks/TP_SideScroller.upack' (chunk index -1, root 'root:/') mounted
[2023.10.26-15.26.51:917][  0]LogShaderLibrary: Display: ShaderCodeLibraryPakFileMountedCallback: pending pak file info (ChunkID:-1 Root:root:/ File:C:/Program Files/Epic Games/UE_4.27/FeaturePacks/TP_SideScroller.upack)
[2023.10.26-15.26.51:917][  0]LogPakFile: OnPakFileMounted2Time == 0.000051
[2023.10.26-15.26.51:956][  0]LogPakFile: PakFile PrimaryIndexSize=190
[2023.10.26-15.26.51:957][  0]LogPakFile: PakFile PathHashIndexSize=101
[2023.10.26-15.26.51:957][  0]LogPakFile: PakFile FullDirectoryIndexSize=154
[2023.10.26-15.26.51:957][  0]LogShaderLibrary: Display: ShaderCodeLibraryPakFileMountedCallback: PakFile 'C:/Program Files/Epic Games/UE_4.27/FeaturePacks/TP_SideScrollerBP.upack' (chunk index -1, root 'root:/') mounted
[2023.10.26-15.26.51:957][  0]LogShaderLibrary: Display: ShaderCodeLibraryPakFileMountedCallback: pending pak file info (ChunkID:-1 Root:root:/ File:C:/Program Files/Epic Games/UE_4.27/FeaturePacks/TP_SideScrollerBP.upack)
[2023.10.26-15.26.51:957][  0]LogPakFile: OnPakFileMounted2Time == 0.000051
[2023.10.26-15.26.51:965][  0]LogPakFile: PakFile PrimaryIndexSize=187
[2023.10.26-15.26.51:965][  0]LogPakFile: PakFile PathHashIndexSize=101
[2023.10.26-15.26.51:965][  0]LogPakFile: PakFile FullDirectoryIndexSize=148
[2023.10.26-15.26.51:965][  0]LogShaderLibrary: Display: ShaderCodeLibraryPakFileMountedCallback: PakFile 'C:/Program Files/Epic Games/UE_4.27/FeaturePacks/TP_ThirdPerson.upack' (chunk index -1, root 'root:/') mounted
[2023.10.26-15.26.51:965][  0]LogShaderLibrary: Display: ShaderCodeLibraryPakFileMountedCallback: pending pak file info (ChunkID:-1 Root:root:/ File:C:/Program Files/Epic Games/UE_4.27/FeaturePacks/TP_ThirdPerson.upack)
[2023.10.26-15.26.51:965][  0]LogPakFile: OnPakFileMounted2Time == 0.000049
[2023.10.26-15.26.52:028][  0]LogPakFile: PakFile PrimaryIndexSize=189
[2023.10.26-15.26.52:028][  0]LogPakFile: PakFile PathHashIndexSize=101
[2023.10.26-15.26.52:028][  0]LogPakFile: PakFile FullDirectoryIndexSize=152
[2023.10.26-15.26.52:028][  0]LogShaderLibrary: Display: ShaderCodeLibraryPakFileMountedCallback: PakFile 'C:/Program Files/Epic Games/UE_4.27/FeaturePacks/TP_ThirdPersonBP.upack' (chunk index -1, root 'root:/') mounted
[2023.10.26-15.26.52:028][  0]LogShaderLibrary: Display: ShaderCodeLibraryPakFileMountedCallback: pending pak file info (ChunkID:-1 Root:root:/ File:C:/Program Files/Epic Games/UE_4.27/FeaturePacks/TP_ThirdPersonBP.upack)
[2023.10.26-15.26.52:028][  0]LogPakFile: OnPakFileMounted2Time == 0.000052
[2023.10.26-15.26.52:043][  0]LogPakFile: PakFile PrimaryIndexSize=183
[2023.10.26-15.26.52:043][  0]LogPakFile: PakFile PathHashIndexSize=101
[2023.10.26-15.26.52:043][  0]LogPakFile: PakFile FullDirectoryIndexSize=140
[2023.10.26-15.26.52:043][  0]LogShaderLibrary: Display: ShaderCodeLibraryPakFileMountedCallback: PakFile 'C:/Program Files/Epic Games/UE_4.27/FeaturePacks/TP_TopDown.upack' (chunk index -1, root 'root:/') mounted
[2023.10.26-15.26.52:043][  0]LogShaderLibrary: Display: ShaderCodeLibraryPakFileMountedCallback: pending pak file info (ChunkID:-1 Root:root:/ File:C:/Program Files/Epic Games/UE_4.27/FeaturePacks/TP_TopDown.upack)
[2023.10.26-15.26.52:043][  0]LogPakFile: OnPakFileMounted2Time == 0.000056
[2023.10.26-15.26.52:132][  0]LogPakFile: PakFile PrimaryIndexSize=185
[2023.10.26-15.26.52:132][  0]LogPakFile: PakFile PathHashIndexSize=101
[2023.10.26-15.26.52:132][  0]LogPakFile: PakFile FullDirectoryIndexSize=144
[2023.10.26-15.26.52:132][  0]LogShaderLibrary: Display: ShaderCodeLibraryPakFileMountedCallback: PakFile 'C:/Program Files/Epic Games/UE_4.27/FeaturePacks/TP_TopDownBP.upack' (chunk index -1, root 'root:/') mounted
[2023.10.26-15.26.52:132][  0]LogShaderLibrary: Display: ShaderCodeLibraryPakFileMountedCallback: pending pak file info (ChunkID:-1 Root:root:/ File:C:/Program Files/Epic Games/UE_4.27/FeaturePacks/TP_TopDownBP.upack)
[2023.10.26-15.26.52:132][  0]LogPakFile: OnPakFileMounted2Time == 0.000044
[2023.10.26-15.26.52:149][  0]LogPakFile: PakFile PrimaryIndexSize=185
[2023.10.26-15.26.52:149][  0]LogPakFile: PakFile PathHashIndexSize=101
[2023.10.26-15.26.52:149][  0]LogPakFile: PakFile FullDirectoryIndexSize=144
[2023.10.26-15.26.52:149][  0]LogShaderLibrary: Display: ShaderCodeLibraryPakFileMountedCallback: PakFile 'C:/Program Files/Epic Games/UE_4.27/FeaturePacks/TP_TwinStick.upack' (chunk index -1, root 'root:/') mounted
[2023.10.26-15.26.52:150][  0]LogShaderLibrary: Display: ShaderCodeLibraryPakFileMountedCallback: pending pak file info (ChunkID:-1 Root:root:/ File:C:/Program Files/Epic Games/UE_4.27/FeaturePacks/TP_TwinStick.upack)
[2023.10.26-15.26.52:150][  0]LogPakFile: OnPakFileMounted2Time == 0.000044
[2023.10.26-15.26.52:322][  0]LogPakFile: PakFile PrimaryIndexSize=187
[2023.10.26-15.26.52:322][  0]LogPakFile: PakFile PathHashIndexSize=101
[2023.10.26-15.26.52:322][  0]LogPakFile: PakFile FullDirectoryIndexSize=148
[2023.10.26-15.26.52:322][  0]LogShaderLibrary: Display: ShaderCodeLibraryPakFileMountedCallback: PakFile 'C:/Program Files/Epic Games/UE_4.27/FeaturePacks/TP_TwinStickBP.upack' (chunk index -1, root 'root:/') mounted
[2023.10.26-15.26.52:323][  0]LogShaderLibrary: Display: ShaderCodeLibraryPakFileMountedCallback: pending pak file info (ChunkID:-1 Root:root:/ File:C:/Program Files/Epic Games/UE_4.27/FeaturePacks/TP_TwinStickBP.upack)
[2023.10.26-15.26.52:323][  0]LogPakFile: OnPakFileMounted2Time == 0.000048
[2023.10.26-15.26.52:334][  0]LogPakFile: PakFile PrimaryIndexSize=183
[2023.10.26-15.26.52:334][  0]LogPakFile: PakFile PathHashIndexSize=101
[2023.10.26-15.26.52:334][  0]LogPakFile: PakFile FullDirectoryIndexSize=140
[2023.10.26-15.26.52:334][  0]LogShaderLibrary: Display: ShaderCodeLibraryPakFileMountedCallback: PakFile 'C:/Program Files/Epic Games/UE_4.27/FeaturePacks/TP_Vehicle.upack' (chunk index -1, root 'root:/') mounted
[2023.10.26-15.26.52:334][  0]LogShaderLibrary: Display: ShaderCodeLibraryPakFileMountedCallback: pending pak file info (ChunkID:-1 Root:root:/ File:C:/Program Files/Epic Games/UE_4.27/FeaturePacks/TP_Vehicle.upack)
[2023.10.26-15.26.52:334][  0]LogPakFile: OnPakFileMounted2Time == 0.000041
[2023.10.26-15.26.52:344][  0]LogPakFile: PakFile PrimaryIndexSize=186
[2023.10.26-15.26.52:344][  0]LogPakFile: PakFile PathHashIndexSize=101
[2023.10.26-15.26.52:344][  0]LogPakFile: PakFile FullDirectoryIndexSize=146
[2023.10.26-15.26.52:344][  0]LogShaderLibrary: Display: ShaderCodeLibraryPakFileMountedCallback: PakFile 'C:/Program Files/Epic Games/UE_4.27/FeaturePacks/TP_VehicleAdv.upack' (chunk index -1, root 'root:/') mounted
[2023.10.26-15.26.52:344][  0]LogShaderLibrary: Display: ShaderCodeLibraryPakFileMountedCallback: pending pak file info (ChunkID:-1 Root:root:/ File:C:/Program Files/Epic Games/UE_4.27/FeaturePacks/TP_VehicleAdv.upack)
[2023.10.26-15.26.52:345][  0]LogPakFile: OnPakFileMounted2Time == 0.000048
[2023.10.26-15.26.52:356][  0]LogPakFile: PakFile PrimaryIndexSize=188
[2023.10.26-15.26.52:356][  0]LogPakFile: PakFile PathHashIndexSize=101
[2023.10.26-15.26.52:356][  0]LogPakFile: PakFile FullDirectoryIndexSize=150
[2023.10.26-15.26.52:356][  0]LogShaderLibrary: Display: ShaderCodeLibraryPakFileMountedCallback: PakFile 'C:/Program Files/Epic Games/UE_4.27/FeaturePacks/TP_VehicleAdvBP.upack' (chunk index -1, root 'root:/') mounted
[2023.10.26-15.26.52:356][  0]LogShaderLibrary: Display: ShaderCodeLibraryPakFileMountedCallback: pending pak file info (ChunkID:-1 Root:root:/ File:C:/Program Files/Epic Games/UE_4.27/FeaturePacks/TP_VehicleAdvBP.upack)
[2023.10.26-15.26.52:356][  0]LogPakFile: OnPakFileMounted2Time == 0.000044
[2023.10.26-15.26.52:364][  0]LogPakFile: PakFile PrimaryIndexSize=185
[2023.10.26-15.26.52:364][  0]LogPakFile: PakFile PathHashIndexSize=101
[2023.10.26-15.26.52:364][  0]LogPakFile: PakFile FullDirectoryIndexSize=144
[2023.10.26-15.26.52:364][  0]LogShaderLibrary: Display: ShaderCodeLibraryPakFileMountedCallback: PakFile 'C:/Program Files/Epic Games/UE_4.27/FeaturePacks/TP_VehicleBP.upack' (chunk index -1, root 'root:/') mounted
[2023.10.26-15.26.52:364][  0]LogShaderLibrary: Display: ShaderCodeLibraryPakFileMountedCallback: pending pak file info (ChunkID:-1 Root:root:/ File:C:/Program Files/Epic Games/UE_4.27/FeaturePacks/TP_VehicleBP.upack)
[2023.10.26-15.26.52:364][  0]LogPakFile: OnPakFileMounted2Time == 0.000042
[2023.10.26-15.26.52:380][  0]LogPakFile: PakFile PrimaryIndexSize=192
[2023.10.26-15.26.52:381][  0]LogPakFile: PakFile PathHashIndexSize=101
[2023.10.26-15.26.52:381][  0]LogPakFile: PakFile FullDirectoryIndexSize=158
[2023.10.26-15.26.52:381][  0]LogShaderLibrary: Display: ShaderCodeLibraryPakFileMountedCallback: PakFile 'C:/Program Files/Epic Games/UE_4.27/FeaturePacks/TP_VirtualRealityBP.upack' (chunk index -1, root 'root:/') mounted
[2023.10.26-15.26.52:381][  0]LogShaderLibrary: Display: ShaderCodeLibraryPakFileMountedCallback: pending pak file info (ChunkID:-1 Root:root:/ File:C:/Program Files/Epic Games/UE_4.27/FeaturePacks/TP_VirtualRealityBP.upack)
[2023.10.26-15.26.52:381][  0]LogPakFile: OnPakFileMounted2Time == 0.000044
[2023.10.26-15.26.54:635][  0]LogNativeClassHierarchy: Verbose: Native class hierarchy updated for 'AddContentDialog' in 0.0003 seconds. Added 0 classes and 0 folders.
[2023.10.26-15.26.54:636][  0]LogNativeClassHierarchy: Verbose: Native class hierarchy updated for 'SceneOutliner' in 0.0004 seconds. Added 2 classes and 0 folders.
[2023.10.26-15.26.56:582][  0]LogSlate: Only BGRA pngs, bmps or icos are supported in by External Image Picker
[2023.10.26-15.26.56:812][  0]LogSlate: Took 0.109496 seconds to synchronously load lazily loaded font '../../../Engine/Content/Slate/Fonts/Roboto-Regular.ttf' (155K)
[2023.10.26-15.26.56:842][  0]LogSlate: Took 0.028394 seconds to synchronously load lazily loaded font '../../../Engine/Content/Editor/Slate/Fonts/FontAwesome.ttf' (139K)
[2023.10.26-15.26.56:873][  0]LogSlate: Took 0.031001 seconds to synchronously load lazily loaded font '../../../Engine/Content/Slate/Fonts/Roboto-Bold.ttf' (160K)
[2023.10.26-15.26.57:328][  0]LogRenderer: Reallocating scene render targets to support 1208x572 Format 10 NumSamples 1 (Frame:1).
[2023.10.26-15.26.57:626][  0]LogNativeClassHierarchy: Verbose: Native class hierarchy updated for 'HierarchicalLODOutliner' in 0.0004 seconds. Added 0 classes and 0 folders.
[2023.10.26-15.26.57:627][  0]LogLoad: (Engine Initialization) Total time: 267.99 seconds
[2023.10.26-15.26.57:627][  0]LogLoad: (Engine Initialization) Total Blueprint compile time: 0.00 seconds
[2023.10.26-15.26.57:681][  0]LogAssetRegistry: Asset discovery search completed in 139.7429 seconds
[2023.10.26-15.26.57:821][  0]LogCollectionManager: Fixed up redirectors for 0 collections in 0.000003 seconds (updated 0 objects)
[2023.10.26-15.26.57:824][  0]LogContentStreaming: Texture pool size now 1000 MB
[2023.10.26-15.26.58:512][  2]LogSlate: Took 0.037967 seconds to synchronously load lazily loaded font '../../../Engine/Content/Slate/Fonts/Roboto-Light.ttf' (167K)
